Performing C SOURCE FILE Test OpenMP_FLAG_DETECTED failed with the following output:
Change Dir: /Users/jpchen/torchjs/thlib/build/CMakeFiles/CMakeTmp

Run Build Command:"/usr/bin/make" "cmTC_aac8c/fast"
/Applications/Xcode.app/Contents/Developer/usr/bin/make -f CMakeFiles/cmTC_aac8c.dir/build.make CMakeFiles/cmTC_aac8c.dir/build
Building C object CMakeFiles/cmTC_aac8c.dir/src.c.o
/Applications/Xcode.app/Contents/Developer/Toolchains/XcodeDefault.xctoolchain/usr/bin/cc    -DOpenMP_FLAG_DETECTED -fopenmp=libomp   -o CMakeFiles/cmTC_aac8c.dir/src.c.o   -c /Users/jpchen/torchjs/thlib/build/CMakeFiles/CMakeTmp/src.c
clang: error: unknown argument: '-fopenmp=libomp'
make[1]: *** [CMakeFiles/cmTC_aac8c.dir/src.c.o] Error 1
make: *** [cmTC_aac8c/fast] Error 2

Source file was:

#include <omp.h>
int main() {
#ifdef _OPENMP
  return 0;
#else
  breaks_on_purpose
#endif
}

Performing C SOURCE FILE Test OpenMP_FLAG_DETECTED failed with the following output:
Change Dir: /Users/jpchen/torchjs/thlib/build/CMakeFiles/CMakeTmp

Run Build Command:"/usr/bin/make" "cmTC_801f4/fast"
/Applications/Xcode.app/Contents/Developer/usr/bin/make -f CMakeFiles/cmTC_801f4.dir/build.make CMakeFiles/cmTC_801f4.dir/build
Building C object CMakeFiles/cmTC_801f4.dir/src.c.o
/Applications/Xcode.app/Contents/Developer/Toolchains/XcodeDefault.xctoolchain/usr/bin/cc    -DOpenMP_FLAG_DETECTED   -o CMakeFiles/cmTC_801f4.dir/src.c.o   -c /Users/jpchen/torchjs/thlib/build/CMakeFiles/CMakeTmp/src.c
/Users/jpchen/torchjs/thlib/build/CMakeFiles/CMakeTmp/src.c:2:10: fatal error: 'omp.h' file not found
#include <omp.h>
         ^
1 error generated.
make[1]: *** [CMakeFiles/cmTC_801f4.dir/src.c.o] Error 1
make: *** [cmTC_801f4/fast] Error 2

Source file was:

#include <omp.h>
int main() {
#ifdef _OPENMP
  return 0;
#else
  breaks_on_purpose
#endif
}

Performing C SOURCE FILE Test OpenMP_FLAG_DETECTED failed with the following output:
Change Dir: /Users/jpchen/torchjs/thlib/build/CMakeFiles/CMakeTmp

Run Build Command:"/usr/bin/make" "cmTC_7dbac/fast"
/Applications/Xcode.app/Contents/Developer/usr/bin/make -f CMakeFiles/cmTC_7dbac.dir/build.make CMakeFiles/cmTC_7dbac.dir/build
Building C object CMakeFiles/cmTC_7dbac.dir/src.c.o
/Applications/Xcode.app/Contents/Developer/Toolchains/XcodeDefault.xctoolchain/usr/bin/cc    -DOpenMP_FLAG_DETECTED -fopenmp   -o CMakeFiles/cmTC_7dbac.dir/src.c.o   -c /Users/jpchen/torchjs/thlib/build/CMakeFiles/CMakeTmp/src.c
clang: warning: argument unused during compilation: '-fopenmp'
/Users/jpchen/torchjs/thlib/build/CMakeFiles/CMakeTmp/src.c:2:10: fatal error: 'omp.h' file not found
#include <omp.h>
         ^
1 error generated.
make[1]: *** [CMakeFiles/cmTC_7dbac.dir/src.c.o] Error 1
make: *** [cmTC_7dbac/fast] Error 2

Source file was:

#include <omp.h>
int main() {
#ifdef _OPENMP
  return 0;
#else
  breaks_on_purpose
#endif
}

Performing C SOURCE FILE Test OpenMP_FLAG_DETECTED failed with the following output:
Change Dir: /Users/jpchen/torchjs/thlib/build/CMakeFiles/CMakeTmp

Run Build Command:"/usr/bin/make" "cmTC_ea4d4/fast"
/Applications/Xcode.app/Contents/Developer/usr/bin/make -f CMakeFiles/cmTC_ea4d4.dir/build.make CMakeFiles/cmTC_ea4d4.dir/build
Building C object CMakeFiles/cmTC_ea4d4.dir/src.c.o
/Applications/Xcode.app/Contents/Developer/Toolchains/XcodeDefault.xctoolchain/usr/bin/cc    -DOpenMP_FLAG_DETECTED /openmp   -o CMakeFiles/cmTC_ea4d4.dir/src.c.o   -c /Users/jpchen/torchjs/thlib/build/CMakeFiles/CMakeTmp/src.c
clang: error: no such file or directory: '/openmp'
make[1]: *** [CMakeFiles/cmTC_ea4d4.dir/src.c.o] Error 1
make: *** [cmTC_ea4d4/fast] Error 2

Source file was:

#include <omp.h>
int main() {
#ifdef _OPENMP
  return 0;
#else
  breaks_on_purpose
#endif
}

Performing C SOURCE FILE Test OpenMP_FLAG_DETECTED failed with the following output:
Change Dir: /Users/jpchen/torchjs/thlib/build/CMakeFiles/CMakeTmp

Run Build Command:"/usr/bin/make" "cmTC_52422/fast"
/Applications/Xcode.app/Contents/Developer/usr/bin/make -f CMakeFiles/cmTC_52422.dir/build.make CMakeFiles/cmTC_52422.dir/build
Building C object CMakeFiles/cmTC_52422.dir/src.c.o
/Applications/Xcode.app/Contents/Developer/Toolchains/XcodeDefault.xctoolchain/usr/bin/cc    -DOpenMP_FLAG_DETECTED -Qopenmp   -o CMakeFiles/cmTC_52422.dir/src.c.o   -c /Users/jpchen/torchjs/thlib/build/CMakeFiles/CMakeTmp/src.c
clang: error: unknown argument: '-Qopenmp'
make[1]: *** [CMakeFiles/cmTC_52422.dir/src.c.o] Error 1
make: *** [cmTC_52422/fast] Error 2

Source file was:

#include <omp.h>
int main() {
#ifdef _OPENMP
  return 0;
#else
  breaks_on_purpose
#endif
}

Performing C SOURCE FILE Test OpenMP_FLAG_DETECTED failed with the following output:
Change Dir: /Users/jpchen/torchjs/thlib/build/CMakeFiles/CMakeTmp

Run Build Command:"/usr/bin/make" "cmTC_b69c3/fast"
/Applications/Xcode.app/Contents/Developer/usr/bin/make -f CMakeFiles/cmTC_b69c3.dir/build.make CMakeFiles/cmTC_b69c3.dir/build
Building C object CMakeFiles/cmTC_b69c3.dir/src.c.o
/Applications/Xcode.app/Contents/Developer/Toolchains/XcodeDefault.xctoolchain/usr/bin/cc    -DOpenMP_FLAG_DETECTED -openmp   -o CMakeFiles/cmTC_b69c3.dir/src.c.o   -c /Users/jpchen/torchjs/thlib/build/CMakeFiles/CMakeTmp/src.c
/Users/jpchen/torchjs/thlib/build/CMakeFiles/CMakeTmp/src.c:2:10: fatal error: 'omp.h' file not found
#include <omp.h>
         ^
1 error generated.
make[1]: *** [CMakeFiles/cmTC_b69c3.dir/src.c.o] Error 1
make: *** [cmTC_b69c3/fast] Error 2

Source file was:

#include <omp.h>
int main() {
#ifdef _OPENMP
  return 0;
#else
  breaks_on_purpose
#endif
}

Performing C SOURCE FILE Test OpenMP_FLAG_DETECTED failed with the following output:
Change Dir: /Users/jpchen/torchjs/thlib/build/CMakeFiles/CMakeTmp

Run Build Command:"/usr/bin/make" "cmTC_80f1e/fast"
/Applications/Xcode.app/Contents/Developer/usr/bin/make -f CMakeFiles/cmTC_80f1e.dir/build.make CMakeFiles/cmTC_80f1e.dir/build
Building C object CMakeFiles/cmTC_80f1e.dir/src.c.o
/Applications/Xcode.app/Contents/Developer/Toolchains/XcodeDefault.xctoolchain/usr/bin/cc    -DOpenMP_FLAG_DETECTED -xopenmp   -o CMakeFiles/cmTC_80f1e.dir/src.c.o   -c /Users/jpchen/torchjs/thlib/build/CMakeFiles/CMakeTmp/src.c
clang: error: language not recognized: 'openmp'
clang: warning: /Users/jpchen/torchjs/thlib/build/CMakeFiles/CMakeTmp/src.c: 'linker' input unused
make[1]: *** [CMakeFiles/cmTC_80f1e.dir/src.c.o] Error 1
make: *** [cmTC_80f1e/fast] Error 2

Source file was:

#include <omp.h>
int main() {
#ifdef _OPENMP
  return 0;
#else
  breaks_on_purpose
#endif
}

Performing C SOURCE FILE Test OpenMP_FLAG_DETECTED failed with the following output:
Change Dir: /Users/jpchen/torchjs/thlib/build/CMakeFiles/CMakeTmp

Run Build Command:"/usr/bin/make" "cmTC_b49ab/fast"
/Applications/Xcode.app/Contents/Developer/usr/bin/make -f CMakeFiles/cmTC_b49ab.dir/build.make CMakeFiles/cmTC_b49ab.dir/build
Building C object CMakeFiles/cmTC_b49ab.dir/src.c.o
/Applications/Xcode.app/Contents/Developer/Toolchains/XcodeDefault.xctoolchain/usr/bin/cc    -DOpenMP_FLAG_DETECTED +Oopenmp   -o CMakeFiles/cmTC_b49ab.dir/src.c.o   -c /Users/jpchen/torchjs/thlib/build/CMakeFiles/CMakeTmp/src.c
clang: error: no such file or directory: '+Oopenmp'
make[1]: *** [CMakeFiles/cmTC_b49ab.dir/src.c.o] Error 1
make: *** [cmTC_b49ab/fast] Error 2

Source file was:

#include <omp.h>
int main() {
#ifdef _OPENMP
  return 0;
#else
  breaks_on_purpose
#endif
}

Performing C SOURCE FILE Test OpenMP_FLAG_DETECTED failed with the following output:
Change Dir: /Users/jpchen/torchjs/thlib/build/CMakeFiles/CMakeTmp

Run Build Command:"/usr/bin/make" "cmTC_9493e/fast"
/Applications/Xcode.app/Contents/Developer/usr/bin/make -f CMakeFiles/cmTC_9493e.dir/build.make CMakeFiles/cmTC_9493e.dir/build
Building C object CMakeFiles/cmTC_9493e.dir/src.c.o
/Applications/Xcode.app/Contents/Developer/Toolchains/XcodeDefault.xctoolchain/usr/bin/cc    -DOpenMP_FLAG_DETECTED -qsmp   -o CMakeFiles/cmTC_9493e.dir/src.c.o   -c /Users/jpchen/torchjs/thlib/build/CMakeFiles/CMakeTmp/src.c
clang: error: unknown argument: '-qsmp'
make[1]: *** [CMakeFiles/cmTC_9493e.dir/src.c.o] Error 1
make: *** [cmTC_9493e/fast] Error 2

Source file was:

#include <omp.h>
int main() {
#ifdef _OPENMP
  return 0;
#else
  breaks_on_purpose
#endif
}

Performing C SOURCE FILE Test OpenMP_FLAG_DETECTED failed with the following output:
Change Dir: /Users/jpchen/torchjs/thlib/build/CMakeFiles/CMakeTmp

Run Build Command:"/usr/bin/make" "cmTC_bfbfc/fast"
/Applications/Xcode.app/Contents/Developer/usr/bin/make -f CMakeFiles/cmTC_bfbfc.dir/build.make CMakeFiles/cmTC_bfbfc.dir/build
Building C object CMakeFiles/cmTC_bfbfc.dir/src.c.o
/Applications/Xcode.app/Contents/Developer/Toolchains/XcodeDefault.xctoolchain/usr/bin/cc    -DOpenMP_FLAG_DETECTED -mp   -o CMakeFiles/cmTC_bfbfc.dir/src.c.o   -c /Users/jpchen/torchjs/thlib/build/CMakeFiles/CMakeTmp/src.c
clang: error: unknown argument: '-mp'
make[1]: *** [CMakeFiles/cmTC_bfbfc.dir/src.c.o] Error 1
make: *** [cmTC_bfbfc/fast] Error 2

Source file was:

#include <omp.h>
int main() {
#ifdef _OPENMP
  return 0;
#else
  breaks_on_purpose
#endif
}

Performing C++ SOURCE FILE Test OpenMP_FLAG_DETECTED failed with the following output:
Change Dir: /Users/jpchen/torchjs/thlib/build/CMakeFiles/CMakeTmp

Run Build Command:"/usr/bin/make" "cmTC_0587c/fast"
/Applications/Xcode.app/Contents/Developer/usr/bin/make -f CMakeFiles/cmTC_0587c.dir/build.make CMakeFiles/cmTC_0587c.dir/build
Building CXX object CMakeFiles/cmTC_0587c.dir/src.cxx.o
/Applications/Xcode.app/Contents/Developer/Toolchains/XcodeDefault.xctoolchain/usr/bin/c++     -DOpenMP_FLAG_DETECTED -fopenmp=libomp   -o CMakeFiles/cmTC_0587c.dir/src.cxx.o -c /Users/jpchen/torchjs/thlib/build/CMakeFiles/CMakeTmp/src.cxx
clang: error: unknown argument: '-fopenmp=libomp'
make[1]: *** [CMakeFiles/cmTC_0587c.dir/src.cxx.o] Error 1
make: *** [cmTC_0587c/fast] Error 2

Source file was:

#include <omp.h>
int main() {
#ifdef _OPENMP
  return 0;
#else
  breaks_on_purpose
#endif
}

Performing C++ SOURCE FILE Test OpenMP_FLAG_DETECTED failed with the following output:
Change Dir: /Users/jpchen/torchjs/thlib/build/CMakeFiles/CMakeTmp

Run Build Command:"/usr/bin/make" "cmTC_4683a/fast"
/Applications/Xcode.app/Contents/Developer/usr/bin/make -f CMakeFiles/cmTC_4683a.dir/build.make CMakeFiles/cmTC_4683a.dir/build
Building CXX object CMakeFiles/cmTC_4683a.dir/src.cxx.o
/Applications/Xcode.app/Contents/Developer/Toolchains/XcodeDefault.xctoolchain/usr/bin/c++     -DOpenMP_FLAG_DETECTED   -o CMakeFiles/cmTC_4683a.dir/src.cxx.o -c /Users/jpchen/torchjs/thlib/build/CMakeFiles/CMakeTmp/src.cxx
/Users/jpchen/torchjs/thlib/build/CMakeFiles/CMakeTmp/src.cxx:2:10: fatal error: 'omp.h' file not found
#include <omp.h>
         ^
1 error generated.
make[1]: *** [CMakeFiles/cmTC_4683a.dir/src.cxx.o] Error 1
make: *** [cmTC_4683a/fast] Error 2

Source file was:

#include <omp.h>
int main() {
#ifdef _OPENMP
  return 0;
#else
  breaks_on_purpose
#endif
}

Performing C++ SOURCE FILE Test OpenMP_FLAG_DETECTED failed with the following output:
Change Dir: /Users/jpchen/torchjs/thlib/build/CMakeFiles/CMakeTmp

Run Build Command:"/usr/bin/make" "cmTC_60cdd/fast"
/Applications/Xcode.app/Contents/Developer/usr/bin/make -f CMakeFiles/cmTC_60cdd.dir/build.make CMakeFiles/cmTC_60cdd.dir/build
Building CXX object CMakeFiles/cmTC_60cdd.dir/src.cxx.o
/Applications/Xcode.app/Contents/Developer/Toolchains/XcodeDefault.xctoolchain/usr/bin/c++     -DOpenMP_FLAG_DETECTED -fopenmp   -o CMakeFiles/cmTC_60cdd.dir/src.cxx.o -c /Users/jpchen/torchjs/thlib/build/CMakeFiles/CMakeTmp/src.cxx
clang: warning: argument unused during compilation: '-fopenmp'
/Users/jpchen/torchjs/thlib/build/CMakeFiles/CMakeTmp/src.cxx:2:10: fatal error: 'omp.h' file not found
#include <omp.h>
         ^
1 error generated.
make[1]: *** [CMakeFiles/cmTC_60cdd.dir/src.cxx.o] Error 1
make: *** [cmTC_60cdd/fast] Error 2

Source file was:

#include <omp.h>
int main() {
#ifdef _OPENMP
  return 0;
#else
  breaks_on_purpose
#endif
}

Performing C++ SOURCE FILE Test OpenMP_FLAG_DETECTED failed with the following output:
Change Dir: /Users/jpchen/torchjs/thlib/build/CMakeFiles/CMakeTmp

Run Build Command:"/usr/bin/make" "cmTC_104ad/fast"
/Applications/Xcode.app/Contents/Developer/usr/bin/make -f CMakeFiles/cmTC_104ad.dir/build.make CMakeFiles/cmTC_104ad.dir/build
Building CXX object CMakeFiles/cmTC_104ad.dir/src.cxx.o
/Applications/Xcode.app/Contents/Developer/Toolchains/XcodeDefault.xctoolchain/usr/bin/c++     -DOpenMP_FLAG_DETECTED /openmp   -o CMakeFiles/cmTC_104ad.dir/src.cxx.o -c /Users/jpchen/torchjs/thlib/build/CMakeFiles/CMakeTmp/src.cxx
clang: error: no such file or directory: '/openmp'
make[1]: *** [CMakeFiles/cmTC_104ad.dir/src.cxx.o] Error 1
make: *** [cmTC_104ad/fast] Error 2

Source file was:

#include <omp.h>
int main() {
#ifdef _OPENMP
  return 0;
#else
  breaks_on_purpose
#endif
}

Performing C++ SOURCE FILE Test OpenMP_FLAG_DETECTED failed with the following output:
Change Dir: /Users/jpchen/torchjs/thlib/build/CMakeFiles/CMakeTmp

Run Build Command:"/usr/bin/make" "cmTC_4321a/fast"
/Applications/Xcode.app/Contents/Developer/usr/bin/make -f CMakeFiles/cmTC_4321a.dir/build.make CMakeFiles/cmTC_4321a.dir/build
Building CXX object CMakeFiles/cmTC_4321a.dir/src.cxx.o
/Applications/Xcode.app/Contents/Developer/Toolchains/XcodeDefault.xctoolchain/usr/bin/c++     -DOpenMP_FLAG_DETECTED -Qopenmp   -o CMakeFiles/cmTC_4321a.dir/src.cxx.o -c /Users/jpchen/torchjs/thlib/build/CMakeFiles/CMakeTmp/src.cxx
clang: error: unknown argument: '-Qopenmp'
make[1]: *** [CMakeFiles/cmTC_4321a.dir/src.cxx.o] Error 1
make: *** [cmTC_4321a/fast] Error 2

Source file was:

#include <omp.h>
int main() {
#ifdef _OPENMP
  return 0;
#else
  breaks_on_purpose
#endif
}

Performing C++ SOURCE FILE Test OpenMP_FLAG_DETECTED failed with the following output:
Change Dir: /Users/jpchen/torchjs/thlib/build/CMakeFiles/CMakeTmp

Run Build Command:"/usr/bin/make" "cmTC_6cbfd/fast"
/Applications/Xcode.app/Contents/Developer/usr/bin/make -f CMakeFiles/cmTC_6cbfd.dir/build.make CMakeFiles/cmTC_6cbfd.dir/build
Building CXX object CMakeFiles/cmTC_6cbfd.dir/src.cxx.o
/Applications/Xcode.app/Contents/Developer/Toolchains/XcodeDefault.xctoolchain/usr/bin/c++     -DOpenMP_FLAG_DETECTED -openmp   -o CMakeFiles/cmTC_6cbfd.dir/src.cxx.o -c /Users/jpchen/torchjs/thlib/build/CMakeFiles/CMakeTmp/src.cxx
/Users/jpchen/torchjs/thlib/build/CMakeFiles/CMakeTmp/src.cxx:2:10: fatal error: 'omp.h' file not found
#include <omp.h>
         ^
1 error generated.
make[1]: *** [CMakeFiles/cmTC_6cbfd.dir/src.cxx.o] Error 1
make: *** [cmTC_6cbfd/fast] Error 2

Source file was:

#include <omp.h>
int main() {
#ifdef _OPENMP
  return 0;
#else
  breaks_on_purpose
#endif
}

Performing C++ SOURCE FILE Test OpenMP_FLAG_DETECTED failed with the following output:
Change Dir: /Users/jpchen/torchjs/thlib/build/CMakeFiles/CMakeTmp

Run Build Command:"/usr/bin/make" "cmTC_f8917/fast"
/Applications/Xcode.app/Contents/Developer/usr/bin/make -f CMakeFiles/cmTC_f8917.dir/build.make CMakeFiles/cmTC_f8917.dir/build
Building CXX object CMakeFiles/cmTC_f8917.dir/src.cxx.o
/Applications/Xcode.app/Contents/Developer/Toolchains/XcodeDefault.xctoolchain/usr/bin/c++     -DOpenMP_FLAG_DETECTED -xopenmp   -o CMakeFiles/cmTC_f8917.dir/src.cxx.o -c /Users/jpchen/torchjs/thlib/build/CMakeFiles/CMakeTmp/src.cxx
clang: error: language not recognized: 'openmp'
clang: warning: /Users/jpchen/torchjs/thlib/build/CMakeFiles/CMakeTmp/src.cxx: 'linker' input unused
make[1]: *** [CMakeFiles/cmTC_f8917.dir/src.cxx.o] Error 1
make: *** [cmTC_f8917/fast] Error 2

Source file was:

#include <omp.h>
int main() {
#ifdef _OPENMP
  return 0;
#else
  breaks_on_purpose
#endif
}

Performing C++ SOURCE FILE Test OpenMP_FLAG_DETECTED failed with the following output:
Change Dir: /Users/jpchen/torchjs/thlib/build/CMakeFiles/CMakeTmp

Run Build Command:"/usr/bin/make" "cmTC_c483e/fast"
/Applications/Xcode.app/Contents/Developer/usr/bin/make -f CMakeFiles/cmTC_c483e.dir/build.make CMakeFiles/cmTC_c483e.dir/build
Building CXX object CMakeFiles/cmTC_c483e.dir/src.cxx.o
/Applications/Xcode.app/Contents/Developer/Toolchains/XcodeDefault.xctoolchain/usr/bin/c++     -DOpenMP_FLAG_DETECTED +Oopenmp   -o CMakeFiles/cmTC_c483e.dir/src.cxx.o -c /Users/jpchen/torchjs/thlib/build/CMakeFiles/CMakeTmp/src.cxx
clang: error: no such file or directory: '+Oopenmp'
make[1]: *** [CMakeFiles/cmTC_c483e.dir/src.cxx.o] Error 1
make: *** [cmTC_c483e/fast] Error 2

Source file was:

#include <omp.h>
int main() {
#ifdef _OPENMP
  return 0;
#else
  breaks_on_purpose
#endif
}

Performing C++ SOURCE FILE Test OpenMP_FLAG_DETECTED failed with the following output:
Change Dir: /Users/jpchen/torchjs/thlib/build/CMakeFiles/CMakeTmp

Run Build Command:"/usr/bin/make" "cmTC_00379/fast"
/Applications/Xcode.app/Contents/Developer/usr/bin/make -f CMakeFiles/cmTC_00379.dir/build.make CMakeFiles/cmTC_00379.dir/build
Building CXX object CMakeFiles/cmTC_00379.dir/src.cxx.o
/Applications/Xcode.app/Contents/Developer/Toolchains/XcodeDefault.xctoolchain/usr/bin/c++     -DOpenMP_FLAG_DETECTED -qsmp   -o CMakeFiles/cmTC_00379.dir/src.cxx.o -c /Users/jpchen/torchjs/thlib/build/CMakeFiles/CMakeTmp/src.cxx
clang: error: unknown argument: '-qsmp'
make[1]: *** [CMakeFiles/cmTC_00379.dir/src.cxx.o] Error 1
make: *** [cmTC_00379/fast] Error 2

Source file was:

#include <omp.h>
int main() {
#ifdef _OPENMP
  return 0;
#else
  breaks_on_purpose
#endif
}

Performing C++ SOURCE FILE Test OpenMP_FLAG_DETECTED failed with the following output:
Change Dir: /Users/jpchen/torchjs/thlib/build/CMakeFiles/CMakeTmp

Run Build Command:"/usr/bin/make" "cmTC_fab33/fast"
/Applications/Xcode.app/Contents/Developer/usr/bin/make -f CMakeFiles/cmTC_fab33.dir/build.make CMakeFiles/cmTC_fab33.dir/build
Building CXX object CMakeFiles/cmTC_fab33.dir/src.cxx.o
/Applications/Xcode.app/Contents/Developer/Toolchains/XcodeDefault.xctoolchain/usr/bin/c++     -DOpenMP_FLAG_DETECTED -mp   -o CMakeFiles/cmTC_fab33.dir/src.cxx.o -c /Users/jpchen/torchjs/thlib/build/CMakeFiles/CMakeTmp/src.cxx
clang: error: unknown argument: '-mp'
make[1]: *** [CMakeFiles/cmTC_fab33.dir/src.cxx.o] Error 1
make: *** [cmTC_fab33/fast] Error 2

Source file was:

#include <omp.h>
int main() {
#ifdef _OPENMP
  return 0;
#else
  breaks_on_purpose
#endif
}

Performing C SOURCE FILE Test C_HAS_SSE4_1_1 failed with the following output:
Change Dir: /Users/jpchen/torchjs/thlib/build/CMakeFiles/CMakeTmp

Run Build Command:"/usr/bin/make" "cmTC_1faf6/fast"
/Applications/Xcode.app/Contents/Developer/usr/bin/make -f CMakeFiles/cmTC_1faf6.dir/build.make CMakeFiles/cmTC_1faf6.dir/build
Building C object CMakeFiles/cmTC_1faf6.dir/src.c.o
/Applications/Xcode.app/Contents/Developer/Toolchains/XcodeDefault.xctoolchain/usr/bin/cc    -DC_HAS_SSE4_1_1   -o CMakeFiles/cmTC_1faf6.dir/src.c.o   -c /Users/jpchen/torchjs/thlib/build/CMakeFiles/CMakeTmp/src.c
In file included from /Users/jpchen/torchjs/thlib/build/CMakeFiles/CMakeTmp/src.c:2:
/Applications/Xcode.app/Contents/Developer/Toolchains/XcodeDefault.xctoolchain/usr/bin/../lib/clang/6.0/include/smmintrin.h:28:2: error: "SSE4.1 instruction set not enabled"
#error "SSE4.1 instruction set not enabled"
 ^
/Users/jpchen/torchjs/thlib/build/CMakeFiles/CMakeTmp/src.c:6:5: error: use of undeclared identifier '__m128i'
    __m128i a = {0,0,0,0}, b = {0,0,0,0};
    ^
/Users/jpchen/torchjs/thlib/build/CMakeFiles/CMakeTmp/src.c:7:5: error: use of undeclared identifier '__m128i'
    __m128i res = _mm_max_epi8(a, b);
    ^
3 errors generated.
make[1]: *** [CMakeFiles/cmTC_1faf6.dir/src.c.o] Error 1
make: *** [cmTC_1faf6/fast] Error 2

Return value: 1
Source file was:

  #include <smmintrin.h>

  int main ()
  {
    __m128i a = {0,0,0,0}, b = {0,0,0,0};
    __m128i res = _mm_max_epi8(a, b);

    return 0;
  }

Performing C SOURCE FILE Test C_HAS_SSE4_2_1 failed with the following output:
Change Dir: /Users/jpchen/torchjs/thlib/build/CMakeFiles/CMakeTmp

Run Build Command:"/usr/bin/make" "cmTC_50f8f/fast"
/Applications/Xcode.app/Contents/Developer/usr/bin/make -f CMakeFiles/cmTC_50f8f.dir/build.make CMakeFiles/cmTC_50f8f.dir/build
Building C object CMakeFiles/cmTC_50f8f.dir/src.c.o
/Applications/Xcode.app/Contents/Developer/Toolchains/XcodeDefault.xctoolchain/usr/bin/cc    -DC_HAS_SSE4_2_1   -o CMakeFiles/cmTC_50f8f.dir/src.c.o   -c /Users/jpchen/torchjs/thlib/build/CMakeFiles/CMakeTmp/src.c
In file included from /Users/jpchen/torchjs/thlib/build/CMakeFiles/CMakeTmp/src.c:2:
/Applications/Xcode.app/Contents/Developer/Toolchains/XcodeDefault.xctoolchain/usr/bin/../lib/clang/6.0/include/nmmintrin.h:28:2: error: "SSE4.2 instruction set not enabled"
#error "SSE4.2 instruction set not enabled"
 ^
/Users/jpchen/torchjs/thlib/build/CMakeFiles/CMakeTmp/src.c:6:5: error: use of undeclared identifier '__m128i'
    __m128i a = {0,0,0,0}, b = {0,0,0,0}, c = {0,0,0,0};
    ^
/Users/jpchen/torchjs/thlib/build/CMakeFiles/CMakeTmp/src.c:7:5: error: use of undeclared identifier 'c'
    c = _mm_cmpgt_epi64(a, b);
    ^
/Users/jpchen/torchjs/thlib/build/CMakeFiles/CMakeTmp/src.c:7:9: warning: implicit declaration of function '_mm_cmpgt_epi64' is invalid in C99 [-Wimplicit-function-declaration]
    c = _mm_cmpgt_epi64(a, b);
        ^
/Users/jpchen/torchjs/thlib/build/CMakeFiles/CMakeTmp/src.c:7:25: error: use of undeclared identifier 'a'
    c = _mm_cmpgt_epi64(a, b);
                        ^
1 warning and 4 errors generated.
make[1]: *** [CMakeFiles/cmTC_50f8f.dir/src.c.o] Error 1
make: *** [cmTC_50f8f/fast] Error 2

Return value: 1
Source file was:

  #include <nmmintrin.h>

  int main()
  {
    __m128i a = {0,0,0,0}, b = {0,0,0,0}, c = {0,0,0,0};
    c = _mm_cmpgt_epi64(a, b);
    return 0;
  }

Performing C SOURCE FILE Test C_HAS_AVX_1 failed with the following output:
Change Dir: /Users/jpchen/torchjs/thlib/build/CMakeFiles/CMakeTmp

Run Build Command:"/usr/bin/make" "cmTC_abf9f/fast"
/Applications/Xcode.app/Contents/Developer/usr/bin/make -f CMakeFiles/cmTC_abf9f.dir/build.make CMakeFiles/cmTC_abf9f.dir/build
Building C object CMakeFiles/cmTC_abf9f.dir/src.c.o
/Applications/Xcode.app/Contents/Developer/Toolchains/XcodeDefault.xctoolchain/usr/bin/cc    -DC_HAS_AVX_1   -o CMakeFiles/cmTC_abf9f.dir/src.c.o   -c /Users/jpchen/torchjs/thlib/build/CMakeFiles/CMakeTmp/src.c
/Users/jpchen/torchjs/thlib/build/CMakeFiles/CMakeTmp/src.c:6:6: error: use of undeclared identifier '__m256'
     __m256 a;
     ^
/Users/jpchen/torchjs/thlib/build/CMakeFiles/CMakeTmp/src.c:7:5: error: use of undeclared identifier 'a'
    a = _mm256_set1_ps(0);
    ^
/Users/jpchen/torchjs/thlib/build/CMakeFiles/CMakeTmp/src.c:7:9: warning: implicit declaration of function '_mm256_set1_ps' is invalid in C99 [-Wimplicit-function-declaration]
    a = _mm256_set1_ps(0);
        ^
1 warning and 2 errors generated.
make[1]: *** [CMakeFiles/cmTC_abf9f.dir/src.c.o] Error 1
make: *** [cmTC_abf9f/fast] Error 2

Return value: 1
Source file was:

  #include <immintrin.h>

  int main()
  {
     __m256 a;
    a = _mm256_set1_ps(0);
    return 0;
  }

Performing C SOURCE FILE Test CXX_HAS_SSE4_1_1 failed with the following output:
Change Dir: /Users/jpchen/torchjs/thlib/build/CMakeFiles/CMakeTmp

Run Build Command:"/usr/bin/make" "cmTC_aed39/fast"
/Applications/Xcode.app/Contents/Developer/usr/bin/make -f CMakeFiles/cmTC_aed39.dir/build.make CMakeFiles/cmTC_aed39.dir/build
Building C object CMakeFiles/cmTC_aed39.dir/src.c.o
/Applications/Xcode.app/Contents/Developer/Toolchains/XcodeDefault.xctoolchain/usr/bin/cc    -DCXX_HAS_SSE4_1_1   -o CMakeFiles/cmTC_aed39.dir/src.c.o   -c /Users/jpchen/torchjs/thlib/build/CMakeFiles/CMakeTmp/src.c
In file included from /Users/jpchen/torchjs/thlib/build/CMakeFiles/CMakeTmp/src.c:2:
/Applications/Xcode.app/Contents/Developer/Toolchains/XcodeDefault.xctoolchain/usr/bin/../lib/clang/6.0/include/smmintrin.h:28:2: error: "SSE4.1 instruction set not enabled"
#error "SSE4.1 instruction set not enabled"
 ^
/Users/jpchen/torchjs/thlib/build/CMakeFiles/CMakeTmp/src.c:6:5: error: use of undeclared identifier '__m128i'
    __m128i a = {0,0,0,0}, b = {0,0,0,0};
    ^
/Users/jpchen/torchjs/thlib/build/CMakeFiles/CMakeTmp/src.c:7:5: error: use of undeclared identifier '__m128i'
    __m128i res = _mm_max_epi8(a, b);
    ^
3 errors generated.
make[1]: *** [CMakeFiles/cmTC_aed39.dir/src.c.o] Error 1
make: *** [cmTC_aed39/fast] Error 2

Return value: 1
Source file was:

  #include <smmintrin.h>

  int main ()
  {
    __m128i a = {0,0,0,0}, b = {0,0,0,0};
    __m128i res = _mm_max_epi8(a, b);

    return 0;
  }

Performing C SOURCE FILE Test CXX_HAS_SSE4_2_1 failed with the following output:
Change Dir: /Users/jpchen/torchjs/thlib/build/CMakeFiles/CMakeTmp

Run Build Command:"/usr/bin/make" "cmTC_b5690/fast"
/Applications/Xcode.app/Contents/Developer/usr/bin/make -f CMakeFiles/cmTC_b5690.dir/build.make CMakeFiles/cmTC_b5690.dir/build
Building C object CMakeFiles/cmTC_b5690.dir/src.c.o
/Applications/Xcode.app/Contents/Developer/Toolchains/XcodeDefault.xctoolchain/usr/bin/cc    -DCXX_HAS_SSE4_2_1   -o CMakeFiles/cmTC_b5690.dir/src.c.o   -c /Users/jpchen/torchjs/thlib/build/CMakeFiles/CMakeTmp/src.c
In file included from /Users/jpchen/torchjs/thlib/build/CMakeFiles/CMakeTmp/src.c:2:
/Applications/Xcode.app/Contents/Developer/Toolchains/XcodeDefault.xctoolchain/usr/bin/../lib/clang/6.0/include/nmmintrin.h:28:2: error: "SSE4.2 instruction set not enabled"
#error "SSE4.2 instruction set not enabled"
 ^
/Users/jpchen/torchjs/thlib/build/CMakeFiles/CMakeTmp/src.c:6:5: error: use of undeclared identifier '__m128i'
    __m128i a = {0,0,0,0}, b = {0,0,0,0}, c = {0,0,0,0};
    ^
/Users/jpchen/torchjs/thlib/build/CMakeFiles/CMakeTmp/src.c:7:5: error: use of undeclared identifier 'c'
    c = _mm_cmpgt_epi64(a, b);
    ^
/Users/jpchen/torchjs/thlib/build/CMakeFiles/CMakeTmp/src.c:7:9: warning: implicit declaration of function '_mm_cmpgt_epi64' is invalid in C99 [-Wimplicit-function-declaration]
    c = _mm_cmpgt_epi64(a, b);
        ^
/Users/jpchen/torchjs/thlib/build/CMakeFiles/CMakeTmp/src.c:7:25: error: use of undeclared identifier 'a'
    c = _mm_cmpgt_epi64(a, b);
                        ^
1 warning and 4 errors generated.
make[1]: *** [CMakeFiles/cmTC_b5690.dir/src.c.o] Error 1
make: *** [cmTC_b5690/fast] Error 2

Return value: 1
Source file was:

  #include <nmmintrin.h>

  int main()
  {
    __m128i a = {0,0,0,0}, b = {0,0,0,0}, c = {0,0,0,0};
    c = _mm_cmpgt_epi64(a, b);
    return 0;
  }

Performing C SOURCE FILE Test HAS_C11_ATOMICS failed with the following output:
Change Dir: /Users/jpchen/torchjs/thlib/build/CMakeFiles/CMakeTmp

Run Build Command:"/usr/bin/make" "cmTC_0050d/fast"
/Applications/Xcode.app/Contents/Developer/usr/bin/make -f CMakeFiles/cmTC_0050d.dir/build.make CMakeFiles/cmTC_0050d.dir/build
Building C object CMakeFiles/cmTC_0050d.dir/src.c.o
/Applications/Xcode.app/Contents/Developer/Toolchains/XcodeDefault.xctoolchain/usr/bin/cc    -DUSE_AVX -msse4.2 -DUSE_SSE4_2 -msse4.1 -DUSE_SSE4_1   -DUSE_SSE3   -DUSE_SSE2  -DHAS_C11_ATOMICS   -o CMakeFiles/cmTC_0050d.dir/src.c.o   -c /Users/jpchen/torchjs/thlib/build/CMakeFiles/CMakeTmp/src.c
/Users/jpchen/torchjs/thlib/build/CMakeFiles/CMakeTmp/src.c:2:10: fatal error: 'stdatomic.h' file not found
#include <stdatomic.h>
         ^
1 error generated.
make[1]: *** [CMakeFiles/cmTC_0050d.dir/src.c.o] Error 1
make: *** [cmTC_0050d/fast] Error 2

Return value: 1
Source file was:

#include <stdatomic.h>
int main()
{
  int a;
  int oa;
  atomic_store(&a, 1);
  atomic_fetch_add(&a, 1);
  oa = atomic_load(&a);
  if(!atomic_compare_exchange_strong(&a, &oa, 3))
    return -1;
  return 0;
}

Performing C SOURCE FILE Test HAS_MSC_ATOMICS failed with the following output:
Change Dir: /Users/jpchen/torchjs/thlib/build/CMakeFiles/CMakeTmp

Run Build Command:"/usr/bin/make" "cmTC_6d06c/fast"
/Applications/Xcode.app/Contents/Developer/usr/bin/make -f CMakeFiles/cmTC_6d06c.dir/build.make CMakeFiles/cmTC_6d06c.dir/build
Building C object CMakeFiles/cmTC_6d06c.dir/src.c.o
/Applications/Xcode.app/Contents/Developer/Toolchains/XcodeDefault.xctoolchain/usr/bin/cc    -DUSE_AVX -msse4.2 -DUSE_SSE4_2 -msse4.1 -DUSE_SSE4_1   -DUSE_SSE3   -DUSE_SSE2  -DHAS_MSC_ATOMICS   -o CMakeFiles/cmTC_6d06c.dir/src.c.o   -c /Users/jpchen/torchjs/thlib/build/CMakeFiles/CMakeTmp/src.c
In file included from /Users/jpchen/torchjs/thlib/build/CMakeFiles/CMakeTmp/src.c:2:
/Applications/Xcode.app/Contents/Developer/Toolchains/XcodeDefault.xctoolchain/usr/bin/../lib/clang/6.0/include/intrin.h:26:15: fatal error: 'Intrin.h' file not found
#include_next <Intrin.h>
              ^
1 error generated.
make[1]: *** [CMakeFiles/cmTC_6d06c.dir/src.c.o] Error 1
make: *** [cmTC_6d06c/fast] Error 2

Return value: 1
Source file was:

#include <intrin.h>
int main()
{
  long a;
  _InterlockedExchange(&a, 1);
  _InterlockedExchangeAdd(&a, 1);
  if(_InterlockedCompareExchange(&a, 3, 2) != 2)
    return -1;
  return 0;
}

Performing C SOURCE FILE Test BLAS_F2C_FLOAT_WORKS failed with the following output:
Change Dir: /Users/jpchen/torchjs/thlib/build/CMakeFiles/CMakeTmp

Run Build Command:"/usr/bin/make" "cmTC_0cfa2/fast"
/Applications/Xcode.app/Contents/Developer/usr/bin/make -f CMakeFiles/cmTC_0cfa2.dir/build.make CMakeFiles/cmTC_0cfa2.dir/build
Building C object CMakeFiles/cmTC_0cfa2.dir/src.c.o
/Applications/Xcode.app/Contents/Developer/Toolchains/XcodeDefault.xctoolchain/usr/bin/cc    -DUSE_AVX -msse4.2 -DUSE_SSE4_2 -msse4.1 -DUSE_SSE4_1   -DUSE_SSE3   -DUSE_SSE2  -DBLAS_F2C_FLOAT_WORKS   -o CMakeFiles/cmTC_0cfa2.dir/src.c.o   -c /Users/jpchen/torchjs/thlib/build/CMakeFiles/CMakeTmp/src.c
Linking C executable cmTC_0cfa2
/usr/local/Cellar/cmake/3.7.2/bin/cmake -E cmake_link_script CMakeFiles/cmTC_0cfa2.dir/link.txt --verbose=1
/Applications/Xcode.app/Contents/Developer/Toolchains/XcodeDefault.xctoolchain/usr/bin/cc  -DUSE_AVX -msse4.2 -DUSE_SSE4_2 -msse4.1 -DUSE_SSE4_1   -DUSE_SSE3   -DUSE_SSE2  -DBLAS_F2C_FLOAT_WORKS -Wl,-search_paths_first -Wl,-headerpad_max_install_names   CMakeFiles/cmTC_0cfa2.dir/src.c.o  -o cmTC_0cfa2  -framework Accelerate 

Return value: 1
Source file was:

#include <stdlib.h>
#include <stdio.h>
float x[4] = { 1, 2, 3, 4 };
float y[4] = { .1, .01, .001, .0001 };
int four = 4;
int one = 1;
extern float sdot_();
int main() {
  int i;
  double r = sdot_(&four, x, &one, y, &one);
  exit((float)r != (float).1234);
}
Determining if the function malloc_usable_size exists failed with the following output:
Change Dir: /Users/jpchen/torchjs/thlib/build/CMakeFiles/CMakeTmp

Run Build Command:"/usr/bin/make" "cmTC_10098/fast"
/Applications/Xcode.app/Contents/Developer/usr/bin/make -f CMakeFiles/cmTC_10098.dir/build.make CMakeFiles/cmTC_10098.dir/build
Building C object CMakeFiles/cmTC_10098.dir/CheckFunctionExists.c.o
/Applications/Xcode.app/Contents/Developer/Toolchains/XcodeDefault.xctoolchain/usr/bin/cc    -DUSE_AVX -msse4.2 -DUSE_SSE4_2 -msse4.1 -DUSE_SSE4_1   -DUSE_SSE3   -DUSE_SSE2  -DCHECK_FUNCTION_EXISTS=malloc_usable_size   -o CMakeFiles/cmTC_10098.dir/CheckFunctionExists.c.o   -c /usr/local/Cellar/cmake/3.7.2/share/cmake/Modules/CheckFunctionExists.c
Linking C executable cmTC_10098
/usr/local/Cellar/cmake/3.7.2/bin/cmake -E cmake_link_script CMakeFiles/cmTC_10098.dir/link.txt --verbose=1
/Applications/Xcode.app/Contents/Developer/Toolchains/XcodeDefault.xctoolchain/usr/bin/cc  -DUSE_AVX -msse4.2 -DUSE_SSE4_2 -msse4.1 -DUSE_SSE4_1   -DUSE_SSE3   -DUSE_SSE2  -DCHECK_FUNCTION_EXISTS=malloc_usable_size -Wl,-search_paths_first -Wl,-headerpad_max_install_names   CMakeFiles/cmTC_10098.dir/CheckFunctionExists.c.o  -o cmTC_10098  -framework Accelerate 
Undefined symbols for architecture x86_64:
  "_malloc_usable_size", referenced from:
      _main in CheckFunctionExists.c.o
ld: symbol(s) not found for architecture x86_64
clang: error: linker command failed with exit code 1 (use -v to see invocation)
make[1]: *** [cmTC_10098] Error 1
make: *** [cmTC_10098/fast] Error 2


Performing C SOURCE FILE Test OpenMP_FLAG_DETECTED failed with the following output:
Change Dir: /Users/jpchen/torchjs/thlib/build/CMakeFiles/CMakeTmp

Run Build Command:"/usr/bin/make" "cmTC_d5506/fast"
/Applications/Xcode.app/Contents/Developer/usr/bin/make -f CMakeFiles/cmTC_d5506.dir/build.make CMakeFiles/cmTC_d5506.dir/build
Building C object CMakeFiles/cmTC_d5506.dir/src.c.o
/Applications/Xcode.app/Contents/Developer/Toolchains/XcodeDefault.xctoolchain/usr/bin/cc    -DOpenMP_FLAG_DETECTED -fopenmp=libomp   -o CMakeFiles/cmTC_d5506.dir/src.c.o   -c /Users/jpchen/torchjs/thlib/build/CMakeFiles/CMakeTmp/src.c
clang: error: unknown argument: '-fopenmp=libomp'
make[1]: *** [CMakeFiles/cmTC_d5506.dir/src.c.o] Error 1
make: *** [cmTC_d5506/fast] Error 2

Source file was:

#include <omp.h>
int main() {
#ifdef _OPENMP
  return 0;
#else
  breaks_on_purpose
#endif
}

Performing C SOURCE FILE Test OpenMP_FLAG_DETECTED failed with the following output:
Change Dir: /Users/jpchen/torchjs/thlib/build/CMakeFiles/CMakeTmp

Run Build Command:"/usr/bin/make" "cmTC_bcb97/fast"
/Applications/Xcode.app/Contents/Developer/usr/bin/make -f CMakeFiles/cmTC_bcb97.dir/build.make CMakeFiles/cmTC_bcb97.dir/build
Building C object CMakeFiles/cmTC_bcb97.dir/src.c.o
/Applications/Xcode.app/Contents/Developer/Toolchains/XcodeDefault.xctoolchain/usr/bin/cc    -DOpenMP_FLAG_DETECTED   -o CMakeFiles/cmTC_bcb97.dir/src.c.o   -c /Users/jpchen/torchjs/thlib/build/CMakeFiles/CMakeTmp/src.c
/Users/jpchen/torchjs/thlib/build/CMakeFiles/CMakeTmp/src.c:2:10: fatal error: 'omp.h' file not found
#include <omp.h>
         ^
1 error generated.
make[1]: *** [CMakeFiles/cmTC_bcb97.dir/src.c.o] Error 1
make: *** [cmTC_bcb97/fast] Error 2

Source file was:

#include <omp.h>
int main() {
#ifdef _OPENMP
  return 0;
#else
  breaks_on_purpose
#endif
}

Performing C SOURCE FILE Test OpenMP_FLAG_DETECTED failed with the following output:
Change Dir: /Users/jpchen/torchjs/thlib/build/CMakeFiles/CMakeTmp

Run Build Command:"/usr/bin/make" "cmTC_8ced6/fast"
/Applications/Xcode.app/Contents/Developer/usr/bin/make -f CMakeFiles/cmTC_8ced6.dir/build.make CMakeFiles/cmTC_8ced6.dir/build
Building C object CMakeFiles/cmTC_8ced6.dir/src.c.o
/Applications/Xcode.app/Contents/Developer/Toolchains/XcodeDefault.xctoolchain/usr/bin/cc    -DOpenMP_FLAG_DETECTED -fopenmp   -o CMakeFiles/cmTC_8ced6.dir/src.c.o   -c /Users/jpchen/torchjs/thlib/build/CMakeFiles/CMakeTmp/src.c
clang: warning: argument unused during compilation: '-fopenmp'
/Users/jpchen/torchjs/thlib/build/CMakeFiles/CMakeTmp/src.c:2:10: fatal error: 'omp.h' file not found
#include <omp.h>
         ^
1 error generated.
make[1]: *** [CMakeFiles/cmTC_8ced6.dir/src.c.o] Error 1
make: *** [cmTC_8ced6/fast] Error 2

Source file was:

#include <omp.h>
int main() {
#ifdef _OPENMP
  return 0;
#else
  breaks_on_purpose
#endif
}

Performing C SOURCE FILE Test OpenMP_FLAG_DETECTED failed with the following output:
Change Dir: /Users/jpchen/torchjs/thlib/build/CMakeFiles/CMakeTmp

Run Build Command:"/usr/bin/make" "cmTC_a5da0/fast"
/Applications/Xcode.app/Contents/Developer/usr/bin/make -f CMakeFiles/cmTC_a5da0.dir/build.make CMakeFiles/cmTC_a5da0.dir/build
Building C object CMakeFiles/cmTC_a5da0.dir/src.c.o
/Applications/Xcode.app/Contents/Developer/Toolchains/XcodeDefault.xctoolchain/usr/bin/cc    -DOpenMP_FLAG_DETECTED /openmp   -o CMakeFiles/cmTC_a5da0.dir/src.c.o   -c /Users/jpchen/torchjs/thlib/build/CMakeFiles/CMakeTmp/src.c
clang: error: no such file or directory: '/openmp'
make[1]: *** [CMakeFiles/cmTC_a5da0.dir/src.c.o] Error 1
make: *** [cmTC_a5da0/fast] Error 2

Source file was:

#include <omp.h>
int main() {
#ifdef _OPENMP
  return 0;
#else
  breaks_on_purpose
#endif
}

Performing C SOURCE FILE Test OpenMP_FLAG_DETECTED failed with the following output:
Change Dir: /Users/jpchen/torchjs/thlib/build/CMakeFiles/CMakeTmp

Run Build Command:"/usr/bin/make" "cmTC_c2fa9/fast"
/Applications/Xcode.app/Contents/Developer/usr/bin/make -f CMakeFiles/cmTC_c2fa9.dir/build.make CMakeFiles/cmTC_c2fa9.dir/build
Building C object CMakeFiles/cmTC_c2fa9.dir/src.c.o
/Applications/Xcode.app/Contents/Developer/Toolchains/XcodeDefault.xctoolchain/usr/bin/cc    -DOpenMP_FLAG_DETECTED -Qopenmp   -o CMakeFiles/cmTC_c2fa9.dir/src.c.o   -c /Users/jpchen/torchjs/thlib/build/CMakeFiles/CMakeTmp/src.c
clang: error: unknown argument: '-Qopenmp'
make[1]: *** [CMakeFiles/cmTC_c2fa9.dir/src.c.o] Error 1
make: *** [cmTC_c2fa9/fast] Error 2

Source file was:

#include <omp.h>
int main() {
#ifdef _OPENMP
  return 0;
#else
  breaks_on_purpose
#endif
}

Performing C SOURCE FILE Test OpenMP_FLAG_DETECTED failed with the following output:
Change Dir: /Users/jpchen/torchjs/thlib/build/CMakeFiles/CMakeTmp

Run Build Command:"/usr/bin/make" "cmTC_3f187/fast"
/Applications/Xcode.app/Contents/Developer/usr/bin/make -f CMakeFiles/cmTC_3f187.dir/build.make CMakeFiles/cmTC_3f187.dir/build
Building C object CMakeFiles/cmTC_3f187.dir/src.c.o
/Applications/Xcode.app/Contents/Developer/Toolchains/XcodeDefault.xctoolchain/usr/bin/cc    -DOpenMP_FLAG_DETECTED -openmp   -o CMakeFiles/cmTC_3f187.dir/src.c.o   -c /Users/jpchen/torchjs/thlib/build/CMakeFiles/CMakeTmp/src.c
/Users/jpchen/torchjs/thlib/build/CMakeFiles/CMakeTmp/src.c:2:10: fatal error: 'omp.h' file not found
#include <omp.h>
         ^
1 error generated.
make[1]: *** [CMakeFiles/cmTC_3f187.dir/src.c.o] Error 1
make: *** [cmTC_3f187/fast] Error 2

Source file was:

#include <omp.h>
int main() {
#ifdef _OPENMP
  return 0;
#else
  breaks_on_purpose
#endif
}

Performing C SOURCE FILE Test OpenMP_FLAG_DETECTED failed with the following output:
Change Dir: /Users/jpchen/torchjs/thlib/build/CMakeFiles/CMakeTmp

Run Build Command:"/usr/bin/make" "cmTC_2d9f0/fast"
/Applications/Xcode.app/Contents/Developer/usr/bin/make -f CMakeFiles/cmTC_2d9f0.dir/build.make CMakeFiles/cmTC_2d9f0.dir/build
Building C object CMakeFiles/cmTC_2d9f0.dir/src.c.o
/Applications/Xcode.app/Contents/Developer/Toolchains/XcodeDefault.xctoolchain/usr/bin/cc    -DOpenMP_FLAG_DETECTED -xopenmp   -o CMakeFiles/cmTC_2d9f0.dir/src.c.o   -c /Users/jpchen/torchjs/thlib/build/CMakeFiles/CMakeTmp/src.c
clang: error: language not recognized: 'openmp'
clang: warning: /Users/jpchen/torchjs/thlib/build/CMakeFiles/CMakeTmp/src.c: 'linker' input unused
make[1]: *** [CMakeFiles/cmTC_2d9f0.dir/src.c.o] Error 1
make: *** [cmTC_2d9f0/fast] Error 2

Source file was:

#include <omp.h>
int main() {
#ifdef _OPENMP
  return 0;
#else
  breaks_on_purpose
#endif
}

Performing C SOURCE FILE Test OpenMP_FLAG_DETECTED failed with the following output:
Change Dir: /Users/jpchen/torchjs/thlib/build/CMakeFiles/CMakeTmp

Run Build Command:"/usr/bin/make" "cmTC_d5785/fast"
/Applications/Xcode.app/Contents/Developer/usr/bin/make -f CMakeFiles/cmTC_d5785.dir/build.make CMakeFiles/cmTC_d5785.dir/build
Building C object CMakeFiles/cmTC_d5785.dir/src.c.o
/Applications/Xcode.app/Contents/Developer/Toolchains/XcodeDefault.xctoolchain/usr/bin/cc    -DOpenMP_FLAG_DETECTED +Oopenmp   -o CMakeFiles/cmTC_d5785.dir/src.c.o   -c /Users/jpchen/torchjs/thlib/build/CMakeFiles/CMakeTmp/src.c
clang: error: no such file or directory: '+Oopenmp'
make[1]: *** [CMakeFiles/cmTC_d5785.dir/src.c.o] Error 1
make: *** [cmTC_d5785/fast] Error 2

Source file was:

#include <omp.h>
int main() {
#ifdef _OPENMP
  return 0;
#else
  breaks_on_purpose
#endif
}

Performing C SOURCE FILE Test OpenMP_FLAG_DETECTED failed with the following output:
Change Dir: /Users/jpchen/torchjs/thlib/build/CMakeFiles/CMakeTmp

Run Build Command:"/usr/bin/make" "cmTC_41990/fast"
/Applications/Xcode.app/Contents/Developer/usr/bin/make -f CMakeFiles/cmTC_41990.dir/build.make CMakeFiles/cmTC_41990.dir/build
Building C object CMakeFiles/cmTC_41990.dir/src.c.o
/Applications/Xcode.app/Contents/Developer/Toolchains/XcodeDefault.xctoolchain/usr/bin/cc    -DOpenMP_FLAG_DETECTED -qsmp   -o CMakeFiles/cmTC_41990.dir/src.c.o   -c /Users/jpchen/torchjs/thlib/build/CMakeFiles/CMakeTmp/src.c
clang: error: unknown argument: '-qsmp'
make[1]: *** [CMakeFiles/cmTC_41990.dir/src.c.o] Error 1
make: *** [cmTC_41990/fast] Error 2

Source file was:

#include <omp.h>
int main() {
#ifdef _OPENMP
  return 0;
#else
  breaks_on_purpose
#endif
}

Performing C SOURCE FILE Test OpenMP_FLAG_DETECTED failed with the following output:
Change Dir: /Users/jpchen/torchjs/thlib/build/CMakeFiles/CMakeTmp

Run Build Command:"/usr/bin/make" "cmTC_d4339/fast"
/Applications/Xcode.app/Contents/Developer/usr/bin/make -f CMakeFiles/cmTC_d4339.dir/build.make CMakeFiles/cmTC_d4339.dir/build
Building C object CMakeFiles/cmTC_d4339.dir/src.c.o
/Applications/Xcode.app/Contents/Developer/Toolchains/XcodeDefault.xctoolchain/usr/bin/cc    -DOpenMP_FLAG_DETECTED -mp   -o CMakeFiles/cmTC_d4339.dir/src.c.o   -c /Users/jpchen/torchjs/thlib/build/CMakeFiles/CMakeTmp/src.c
clang: error: unknown argument: '-mp'
make[1]: *** [CMakeFiles/cmTC_d4339.dir/src.c.o] Error 1
make: *** [cmTC_d4339/fast] Error 2

Source file was:

#include <omp.h>
int main() {
#ifdef _OPENMP
  return 0;
#else
  breaks_on_purpose
#endif
}

Performing C++ SOURCE FILE Test OpenMP_FLAG_DETECTED failed with the following output:
Change Dir: /Users/jpchen/torchjs/thlib/build/CMakeFiles/CMakeTmp

Run Build Command:"/usr/bin/make" "cmTC_adb1b/fast"
/Applications/Xcode.app/Contents/Developer/usr/bin/make -f CMakeFiles/cmTC_adb1b.dir/build.make CMakeFiles/cmTC_adb1b.dir/build
Building CXX object CMakeFiles/cmTC_adb1b.dir/src.cxx.o
/Applications/Xcode.app/Contents/Developer/Toolchains/XcodeDefault.xctoolchain/usr/bin/c++     -DOpenMP_FLAG_DETECTED -fopenmp=libomp   -o CMakeFiles/cmTC_adb1b.dir/src.cxx.o -c /Users/jpchen/torchjs/thlib/build/CMakeFiles/CMakeTmp/src.cxx
clang: error: unknown argument: '-fopenmp=libomp'
make[1]: *** [CMakeFiles/cmTC_adb1b.dir/src.cxx.o] Error 1
make: *** [cmTC_adb1b/fast] Error 2

Source file was:

#include <omp.h>
int main() {
#ifdef _OPENMP
  return 0;
#else
  breaks_on_purpose
#endif
}

Performing C++ SOURCE FILE Test OpenMP_FLAG_DETECTED failed with the following output:
Change Dir: /Users/jpchen/torchjs/thlib/build/CMakeFiles/CMakeTmp

Run Build Command:"/usr/bin/make" "cmTC_e2037/fast"
/Applications/Xcode.app/Contents/Developer/usr/bin/make -f CMakeFiles/cmTC_e2037.dir/build.make CMakeFiles/cmTC_e2037.dir/build
Building CXX object CMakeFiles/cmTC_e2037.dir/src.cxx.o
/Applications/Xcode.app/Contents/Developer/Toolchains/XcodeDefault.xctoolchain/usr/bin/c++     -DOpenMP_FLAG_DETECTED   -o CMakeFiles/cmTC_e2037.dir/src.cxx.o -c /Users/jpchen/torchjs/thlib/build/CMakeFiles/CMakeTmp/src.cxx
/Users/jpchen/torchjs/thlib/build/CMakeFiles/CMakeTmp/src.cxx:2:10: fatal error: 'omp.h' file not found
#include <omp.h>
         ^
1 error generated.
make[1]: *** [CMakeFiles/cmTC_e2037.dir/src.cxx.o] Error 1
make: *** [cmTC_e2037/fast] Error 2

Source file was:

#include <omp.h>
int main() {
#ifdef _OPENMP
  return 0;
#else
  breaks_on_purpose
#endif
}

Performing C++ SOURCE FILE Test OpenMP_FLAG_DETECTED failed with the following output:
Change Dir: /Users/jpchen/torchjs/thlib/build/CMakeFiles/CMakeTmp

Run Build Command:"/usr/bin/make" "cmTC_afd44/fast"
/Applications/Xcode.app/Contents/Developer/usr/bin/make -f CMakeFiles/cmTC_afd44.dir/build.make CMakeFiles/cmTC_afd44.dir/build
Building CXX object CMakeFiles/cmTC_afd44.dir/src.cxx.o
/Applications/Xcode.app/Contents/Developer/Toolchains/XcodeDefault.xctoolchain/usr/bin/c++     -DOpenMP_FLAG_DETECTED -fopenmp   -o CMakeFiles/cmTC_afd44.dir/src.cxx.o -c /Users/jpchen/torchjs/thlib/build/CMakeFiles/CMakeTmp/src.cxx
clang: warning: argument unused during compilation: '-fopenmp'
/Users/jpchen/torchjs/thlib/build/CMakeFiles/CMakeTmp/src.cxx:2:10: fatal error: 'omp.h' file not found
#include <omp.h>
         ^
1 error generated.
make[1]: *** [CMakeFiles/cmTC_afd44.dir/src.cxx.o] Error 1
make: *** [cmTC_afd44/fast] Error 2

Source file was:

#include <omp.h>
int main() {
#ifdef _OPENMP
  return 0;
#else
  breaks_on_purpose
#endif
}

Performing C++ SOURCE FILE Test OpenMP_FLAG_DETECTED failed with the following output:
Change Dir: /Users/jpchen/torchjs/thlib/build/CMakeFiles/CMakeTmp

Run Build Command:"/usr/bin/make" "cmTC_c5259/fast"
/Applications/Xcode.app/Contents/Developer/usr/bin/make -f CMakeFiles/cmTC_c5259.dir/build.make CMakeFiles/cmTC_c5259.dir/build
Building CXX object CMakeFiles/cmTC_c5259.dir/src.cxx.o
/Applications/Xcode.app/Contents/Developer/Toolchains/XcodeDefault.xctoolchain/usr/bin/c++     -DOpenMP_FLAG_DETECTED /openmp   -o CMakeFiles/cmTC_c5259.dir/src.cxx.o -c /Users/jpchen/torchjs/thlib/build/CMakeFiles/CMakeTmp/src.cxx
clang: error: no such file or directory: '/openmp'
make[1]: *** [CMakeFiles/cmTC_c5259.dir/src.cxx.o] Error 1
make: *** [cmTC_c5259/fast] Error 2

Source file was:

#include <omp.h>
int main() {
#ifdef _OPENMP
  return 0;
#else
  breaks_on_purpose
#endif
}

Performing C++ SOURCE FILE Test OpenMP_FLAG_DETECTED failed with the following output:
Change Dir: /Users/jpchen/torchjs/thlib/build/CMakeFiles/CMakeTmp

Run Build Command:"/usr/bin/make" "cmTC_f966b/fast"
/Applications/Xcode.app/Contents/Developer/usr/bin/make -f CMakeFiles/cmTC_f966b.dir/build.make CMakeFiles/cmTC_f966b.dir/build
Building CXX object CMakeFiles/cmTC_f966b.dir/src.cxx.o
/Applications/Xcode.app/Contents/Developer/Toolchains/XcodeDefault.xctoolchain/usr/bin/c++     -DOpenMP_FLAG_DETECTED -Qopenmp   -o CMakeFiles/cmTC_f966b.dir/src.cxx.o -c /Users/jpchen/torchjs/thlib/build/CMakeFiles/CMakeTmp/src.cxx
clang: error: unknown argument: '-Qopenmp'
make[1]: *** [CMakeFiles/cmTC_f966b.dir/src.cxx.o] Error 1
make: *** [cmTC_f966b/fast] Error 2

Source file was:

#include <omp.h>
int main() {
#ifdef _OPENMP
  return 0;
#else
  breaks_on_purpose
#endif
}

Performing C++ SOURCE FILE Test OpenMP_FLAG_DETECTED failed with the following output:
Change Dir: /Users/jpchen/torchjs/thlib/build/CMakeFiles/CMakeTmp

Run Build Command:"/usr/bin/make" "cmTC_3ad63/fast"
/Applications/Xcode.app/Contents/Developer/usr/bin/make -f CMakeFiles/cmTC_3ad63.dir/build.make CMakeFiles/cmTC_3ad63.dir/build
Building CXX object CMakeFiles/cmTC_3ad63.dir/src.cxx.o
/Applications/Xcode.app/Contents/Developer/Toolchains/XcodeDefault.xctoolchain/usr/bin/c++     -DOpenMP_FLAG_DETECTED -openmp   -o CMakeFiles/cmTC_3ad63.dir/src.cxx.o -c /Users/jpchen/torchjs/thlib/build/CMakeFiles/CMakeTmp/src.cxx
/Users/jpchen/torchjs/thlib/build/CMakeFiles/CMakeTmp/src.cxx:2:10: fatal error: 'omp.h' file not found
#include <omp.h>
         ^
1 error generated.
make[1]: *** [CMakeFiles/cmTC_3ad63.dir/src.cxx.o] Error 1
make: *** [cmTC_3ad63/fast] Error 2

Source file was:

#include <omp.h>
int main() {
#ifdef _OPENMP
  return 0;
#else
  breaks_on_purpose
#endif
}

Performing C++ SOURCE FILE Test OpenMP_FLAG_DETECTED failed with the following output:
Change Dir: /Users/jpchen/torchjs/thlib/build/CMakeFiles/CMakeTmp

Run Build Command:"/usr/bin/make" "cmTC_6983a/fast"
/Applications/Xcode.app/Contents/Developer/usr/bin/make -f CMakeFiles/cmTC_6983a.dir/build.make CMakeFiles/cmTC_6983a.dir/build
Building CXX object CMakeFiles/cmTC_6983a.dir/src.cxx.o
/Applications/Xcode.app/Contents/Developer/Toolchains/XcodeDefault.xctoolchain/usr/bin/c++     -DOpenMP_FLAG_DETECTED -xopenmp   -o CMakeFiles/cmTC_6983a.dir/src.cxx.o -c /Users/jpchen/torchjs/thlib/build/CMakeFiles/CMakeTmp/src.cxx
clang: error: language not recognized: 'openmp'
clang: warning: /Users/jpchen/torchjs/thlib/build/CMakeFiles/CMakeTmp/src.cxx: 'linker' input unused
make[1]: *** [CMakeFiles/cmTC_6983a.dir/src.cxx.o] Error 1
make: *** [cmTC_6983a/fast] Error 2

Source file was:

#include <omp.h>
int main() {
#ifdef _OPENMP
  return 0;
#else
  breaks_on_purpose
#endif
}

Performing C++ SOURCE FILE Test OpenMP_FLAG_DETECTED failed with the following output:
Change Dir: /Users/jpchen/torchjs/thlib/build/CMakeFiles/CMakeTmp

Run Build Command:"/usr/bin/make" "cmTC_a7fe6/fast"
/Applications/Xcode.app/Contents/Developer/usr/bin/make -f CMakeFiles/cmTC_a7fe6.dir/build.make CMakeFiles/cmTC_a7fe6.dir/build
Building CXX object CMakeFiles/cmTC_a7fe6.dir/src.cxx.o
/Applications/Xcode.app/Contents/Developer/Toolchains/XcodeDefault.xctoolchain/usr/bin/c++     -DOpenMP_FLAG_DETECTED +Oopenmp   -o CMakeFiles/cmTC_a7fe6.dir/src.cxx.o -c /Users/jpchen/torchjs/thlib/build/CMakeFiles/CMakeTmp/src.cxx
clang: error: no such file or directory: '+Oopenmp'
make[1]: *** [CMakeFiles/cmTC_a7fe6.dir/src.cxx.o] Error 1
make: *** [cmTC_a7fe6/fast] Error 2

Source file was:

#include <omp.h>
int main() {
#ifdef _OPENMP
  return 0;
#else
  breaks_on_purpose
#endif
}

Performing C++ SOURCE FILE Test OpenMP_FLAG_DETECTED failed with the following output:
Change Dir: /Users/jpchen/torchjs/thlib/build/CMakeFiles/CMakeTmp

Run Build Command:"/usr/bin/make" "cmTC_48f9e/fast"
/Applications/Xcode.app/Contents/Developer/usr/bin/make -f CMakeFiles/cmTC_48f9e.dir/build.make CMakeFiles/cmTC_48f9e.dir/build
Building CXX object CMakeFiles/cmTC_48f9e.dir/src.cxx.o
/Applications/Xcode.app/Contents/Developer/Toolchains/XcodeDefault.xctoolchain/usr/bin/c++     -DOpenMP_FLAG_DETECTED -qsmp   -o CMakeFiles/cmTC_48f9e.dir/src.cxx.o -c /Users/jpchen/torchjs/thlib/build/CMakeFiles/CMakeTmp/src.cxx
clang: error: unknown argument: '-qsmp'
make[1]: *** [CMakeFiles/cmTC_48f9e.dir/src.cxx.o] Error 1
make: *** [cmTC_48f9e/fast] Error 2

Source file was:

#include <omp.h>
int main() {
#ifdef _OPENMP
  return 0;
#else
  breaks_on_purpose
#endif
}

Performing C++ SOURCE FILE Test OpenMP_FLAG_DETECTED failed with the following output:
Change Dir: /Users/jpchen/torchjs/thlib/build/CMakeFiles/CMakeTmp

Run Build Command:"/usr/bin/make" "cmTC_f3bc9/fast"
/Applications/Xcode.app/Contents/Developer/usr/bin/make -f CMakeFiles/cmTC_f3bc9.dir/build.make CMakeFiles/cmTC_f3bc9.dir/build
Building CXX object CMakeFiles/cmTC_f3bc9.dir/src.cxx.o
/Applications/Xcode.app/Contents/Developer/Toolchains/XcodeDefault.xctoolchain/usr/bin/c++     -DOpenMP_FLAG_DETECTED -mp   -o CMakeFiles/cmTC_f3bc9.dir/src.cxx.o -c /Users/jpchen/torchjs/thlib/build/CMakeFiles/CMakeTmp/src.cxx
clang: error: unknown argument: '-mp'
make[1]: *** [CMakeFiles/cmTC_f3bc9.dir/src.cxx.o] Error 1
make: *** [cmTC_f3bc9/fast] Error 2

Source file was:

#include <omp.h>
int main() {
#ifdef _OPENMP
  return 0;
#else
  breaks_on_purpose
#endif
}

Performing C SOURCE FILE Test OpenMP_FLAG_DETECTED failed with the following output:
Change Dir: /Users/jpchen/torchjs/thlib/build/CMakeFiles/CMakeTmp

Run Build Command:"/usr/bin/make" "cmTC_75d1e/fast"
/Applications/Xcode.app/Contents/Developer/usr/bin/make -f CMakeFiles/cmTC_75d1e.dir/build.make CMakeFiles/cmTC_75d1e.dir/build
Building C object CMakeFiles/cmTC_75d1e.dir/src.c.o
/Applications/Xcode.app/Contents/Developer/Toolchains/XcodeDefault.xctoolchain/usr/bin/cc    -DOpenMP_FLAG_DETECTED -fopenmp=libomp   -o CMakeFiles/cmTC_75d1e.dir/src.c.o   -c /Users/jpchen/torchjs/thlib/build/CMakeFiles/CMakeTmp/src.c
clang: error: unknown argument: '-fopenmp=libomp'
make[1]: *** [CMakeFiles/cmTC_75d1e.dir/src.c.o] Error 1
make: *** [cmTC_75d1e/fast] Error 2

Source file was:

#include <omp.h>
int main() {
#ifdef _OPENMP
  return 0;
#else
  breaks_on_purpose
#endif
}

Performing C SOURCE FILE Test OpenMP_FLAG_DETECTED failed with the following output:
Change Dir: /Users/jpchen/torchjs/thlib/build/CMakeFiles/CMakeTmp

Run Build Command:"/usr/bin/make" "cmTC_60315/fast"
/Applications/Xcode.app/Contents/Developer/usr/bin/make -f CMakeFiles/cmTC_60315.dir/build.make CMakeFiles/cmTC_60315.dir/build
Building C object CMakeFiles/cmTC_60315.dir/src.c.o
/Applications/Xcode.app/Contents/Developer/Toolchains/XcodeDefault.xctoolchain/usr/bin/cc    -DOpenMP_FLAG_DETECTED   -o CMakeFiles/cmTC_60315.dir/src.c.o   -c /Users/jpchen/torchjs/thlib/build/CMakeFiles/CMakeTmp/src.c
/Users/jpchen/torchjs/thlib/build/CMakeFiles/CMakeTmp/src.c:2:10: fatal error: 'omp.h' file not found
#include <omp.h>
         ^
1 error generated.
make[1]: *** [CMakeFiles/cmTC_60315.dir/src.c.o] Error 1
make: *** [cmTC_60315/fast] Error 2

Source file was:

#include <omp.h>
int main() {
#ifdef _OPENMP
  return 0;
#else
  breaks_on_purpose
#endif
}

Performing C SOURCE FILE Test OpenMP_FLAG_DETECTED failed with the following output:
Change Dir: /Users/jpchen/torchjs/thlib/build/CMakeFiles/CMakeTmp

Run Build Command:"/usr/bin/make" "cmTC_ab61c/fast"
/Applications/Xcode.app/Contents/Developer/usr/bin/make -f CMakeFiles/cmTC_ab61c.dir/build.make CMakeFiles/cmTC_ab61c.dir/build
Building C object CMakeFiles/cmTC_ab61c.dir/src.c.o
/Applications/Xcode.app/Contents/Developer/Toolchains/XcodeDefault.xctoolchain/usr/bin/cc    -DOpenMP_FLAG_DETECTED -fopenmp   -o CMakeFiles/cmTC_ab61c.dir/src.c.o   -c /Users/jpchen/torchjs/thlib/build/CMakeFiles/CMakeTmp/src.c
clang: warning: argument unused during compilation: '-fopenmp'
/Users/jpchen/torchjs/thlib/build/CMakeFiles/CMakeTmp/src.c:2:10: fatal error: 'omp.h' file not found
#include <omp.h>
         ^
1 error generated.
make[1]: *** [CMakeFiles/cmTC_ab61c.dir/src.c.o] Error 1
make: *** [cmTC_ab61c/fast] Error 2

Source file was:

#include <omp.h>
int main() {
#ifdef _OPENMP
  return 0;
#else
  breaks_on_purpose
#endif
}

Performing C SOURCE FILE Test OpenMP_FLAG_DETECTED failed with the following output:
Change Dir: /Users/jpchen/torchjs/thlib/build/CMakeFiles/CMakeTmp

Run Build Command:"/usr/bin/make" "cmTC_9fc11/fast"
/Applications/Xcode.app/Contents/Developer/usr/bin/make -f CMakeFiles/cmTC_9fc11.dir/build.make CMakeFiles/cmTC_9fc11.dir/build
Building C object CMakeFiles/cmTC_9fc11.dir/src.c.o
/Applications/Xcode.app/Contents/Developer/Toolchains/XcodeDefault.xctoolchain/usr/bin/cc    -DOpenMP_FLAG_DETECTED /openmp   -o CMakeFiles/cmTC_9fc11.dir/src.c.o   -c /Users/jpchen/torchjs/thlib/build/CMakeFiles/CMakeTmp/src.c
clang: error: no such file or directory: '/openmp'
make[1]: *** [CMakeFiles/cmTC_9fc11.dir/src.c.o] Error 1
make: *** [cmTC_9fc11/fast] Error 2

Source file was:

#include <omp.h>
int main() {
#ifdef _OPENMP
  return 0;
#else
  breaks_on_purpose
#endif
}

Performing C SOURCE FILE Test OpenMP_FLAG_DETECTED failed with the following output:
Change Dir: /Users/jpchen/torchjs/thlib/build/CMakeFiles/CMakeTmp

Run Build Command:"/usr/bin/make" "cmTC_0de73/fast"
/Applications/Xcode.app/Contents/Developer/usr/bin/make -f CMakeFiles/cmTC_0de73.dir/build.make CMakeFiles/cmTC_0de73.dir/build
Building C object CMakeFiles/cmTC_0de73.dir/src.c.o
/Applications/Xcode.app/Contents/Developer/Toolchains/XcodeDefault.xctoolchain/usr/bin/cc    -DOpenMP_FLAG_DETECTED -Qopenmp   -o CMakeFiles/cmTC_0de73.dir/src.c.o   -c /Users/jpchen/torchjs/thlib/build/CMakeFiles/CMakeTmp/src.c
clang: error: unknown argument: '-Qopenmp'
make[1]: *** [CMakeFiles/cmTC_0de73.dir/src.c.o] Error 1
make: *** [cmTC_0de73/fast] Error 2

Source file was:

#include <omp.h>
int main() {
#ifdef _OPENMP
  return 0;
#else
  breaks_on_purpose
#endif
}

Performing C SOURCE FILE Test OpenMP_FLAG_DETECTED failed with the following output:
Change Dir: /Users/jpchen/torchjs/thlib/build/CMakeFiles/CMakeTmp

Run Build Command:"/usr/bin/make" "cmTC_d7dfd/fast"
/Applications/Xcode.app/Contents/Developer/usr/bin/make -f CMakeFiles/cmTC_d7dfd.dir/build.make CMakeFiles/cmTC_d7dfd.dir/build
Building C object CMakeFiles/cmTC_d7dfd.dir/src.c.o
/Applications/Xcode.app/Contents/Developer/Toolchains/XcodeDefault.xctoolchain/usr/bin/cc    -DOpenMP_FLAG_DETECTED -openmp   -o CMakeFiles/cmTC_d7dfd.dir/src.c.o   -c /Users/jpchen/torchjs/thlib/build/CMakeFiles/CMakeTmp/src.c
/Users/jpchen/torchjs/thlib/build/CMakeFiles/CMakeTmp/src.c:2:10: fatal error: 'omp.h' file not found
#include <omp.h>
         ^
1 error generated.
make[1]: *** [CMakeFiles/cmTC_d7dfd.dir/src.c.o] Error 1
make: *** [cmTC_d7dfd/fast] Error 2

Source file was:

#include <omp.h>
int main() {
#ifdef _OPENMP
  return 0;
#else
  breaks_on_purpose
#endif
}

Performing C SOURCE FILE Test OpenMP_FLAG_DETECTED failed with the following output:
Change Dir: /Users/jpchen/torchjs/thlib/build/CMakeFiles/CMakeTmp

Run Build Command:"/usr/bin/make" "cmTC_d9bf2/fast"
/Applications/Xcode.app/Contents/Developer/usr/bin/make -f CMakeFiles/cmTC_d9bf2.dir/build.make CMakeFiles/cmTC_d9bf2.dir/build
Building C object CMakeFiles/cmTC_d9bf2.dir/src.c.o
/Applications/Xcode.app/Contents/Developer/Toolchains/XcodeDefault.xctoolchain/usr/bin/cc    -DOpenMP_FLAG_DETECTED -xopenmp   -o CMakeFiles/cmTC_d9bf2.dir/src.c.o   -c /Users/jpchen/torchjs/thlib/build/CMakeFiles/CMakeTmp/src.c
clang: error: language not recognized: 'openmp'
clang: warning: /Users/jpchen/torchjs/thlib/build/CMakeFiles/CMakeTmp/src.c: 'linker' input unused
make[1]: *** [CMakeFiles/cmTC_d9bf2.dir/src.c.o] Error 1
make: *** [cmTC_d9bf2/fast] Error 2

Source file was:

#include <omp.h>
int main() {
#ifdef _OPENMP
  return 0;
#else
  breaks_on_purpose
#endif
}

Performing C SOURCE FILE Test OpenMP_FLAG_DETECTED failed with the following output:
Change Dir: /Users/jpchen/torchjs/thlib/build/CMakeFiles/CMakeTmp

Run Build Command:"/usr/bin/make" "cmTC_a1579/fast"
/Applications/Xcode.app/Contents/Developer/usr/bin/make -f CMakeFiles/cmTC_a1579.dir/build.make CMakeFiles/cmTC_a1579.dir/build
Building C object CMakeFiles/cmTC_a1579.dir/src.c.o
/Applications/Xcode.app/Contents/Developer/Toolchains/XcodeDefault.xctoolchain/usr/bin/cc    -DOpenMP_FLAG_DETECTED +Oopenmp   -o CMakeFiles/cmTC_a1579.dir/src.c.o   -c /Users/jpchen/torchjs/thlib/build/CMakeFiles/CMakeTmp/src.c
clang: error: no such file or directory: '+Oopenmp'
make[1]: *** [CMakeFiles/cmTC_a1579.dir/src.c.o] Error 1
make: *** [cmTC_a1579/fast] Error 2

Source file was:

#include <omp.h>
int main() {
#ifdef _OPENMP
  return 0;
#else
  breaks_on_purpose
#endif
}

Performing C SOURCE FILE Test OpenMP_FLAG_DETECTED failed with the following output:
Change Dir: /Users/jpchen/torchjs/thlib/build/CMakeFiles/CMakeTmp

Run Build Command:"/usr/bin/make" "cmTC_a6749/fast"
/Applications/Xcode.app/Contents/Developer/usr/bin/make -f CMakeFiles/cmTC_a6749.dir/build.make CMakeFiles/cmTC_a6749.dir/build
Building C object CMakeFiles/cmTC_a6749.dir/src.c.o
/Applications/Xcode.app/Contents/Developer/Toolchains/XcodeDefault.xctoolchain/usr/bin/cc    -DOpenMP_FLAG_DETECTED -qsmp   -o CMakeFiles/cmTC_a6749.dir/src.c.o   -c /Users/jpchen/torchjs/thlib/build/CMakeFiles/CMakeTmp/src.c
clang: error: unknown argument: '-qsmp'
make[1]: *** [CMakeFiles/cmTC_a6749.dir/src.c.o] Error 1
make: *** [cmTC_a6749/fast] Error 2

Source file was:

#include <omp.h>
int main() {
#ifdef _OPENMP
  return 0;
#else
  breaks_on_purpose
#endif
}

Performing C SOURCE FILE Test OpenMP_FLAG_DETECTED failed with the following output:
Change Dir: /Users/jpchen/torchjs/thlib/build/CMakeFiles/CMakeTmp

Run Build Command:"/usr/bin/make" "cmTC_55954/fast"
/Applications/Xcode.app/Contents/Developer/usr/bin/make -f CMakeFiles/cmTC_55954.dir/build.make CMakeFiles/cmTC_55954.dir/build
Building C object CMakeFiles/cmTC_55954.dir/src.c.o
/Applications/Xcode.app/Contents/Developer/Toolchains/XcodeDefault.xctoolchain/usr/bin/cc    -DOpenMP_FLAG_DETECTED -mp   -o CMakeFiles/cmTC_55954.dir/src.c.o   -c /Users/jpchen/torchjs/thlib/build/CMakeFiles/CMakeTmp/src.c
clang: error: unknown argument: '-mp'
make[1]: *** [CMakeFiles/cmTC_55954.dir/src.c.o] Error 1
make: *** [cmTC_55954/fast] Error 2

Source file was:

#include <omp.h>
int main() {
#ifdef _OPENMP
  return 0;
#else
  breaks_on_purpose
#endif
}

Performing C++ SOURCE FILE Test OpenMP_FLAG_DETECTED failed with the following output:
Change Dir: /Users/jpchen/torchjs/thlib/build/CMakeFiles/CMakeTmp

Run Build Command:"/usr/bin/make" "cmTC_7ed4c/fast"
/Applications/Xcode.app/Contents/Developer/usr/bin/make -f CMakeFiles/cmTC_7ed4c.dir/build.make CMakeFiles/cmTC_7ed4c.dir/build
Building CXX object CMakeFiles/cmTC_7ed4c.dir/src.cxx.o
/Applications/Xcode.app/Contents/Developer/Toolchains/XcodeDefault.xctoolchain/usr/bin/c++     -DOpenMP_FLAG_DETECTED -fopenmp=libomp   -o CMakeFiles/cmTC_7ed4c.dir/src.cxx.o -c /Users/jpchen/torchjs/thlib/build/CMakeFiles/CMakeTmp/src.cxx
clang: error: unknown argument: '-fopenmp=libomp'
make[1]: *** [CMakeFiles/cmTC_7ed4c.dir/src.cxx.o] Error 1
make: *** [cmTC_7ed4c/fast] Error 2

Source file was:

#include <omp.h>
int main() {
#ifdef _OPENMP
  return 0;
#else
  breaks_on_purpose
#endif
}

Performing C++ SOURCE FILE Test OpenMP_FLAG_DETECTED failed with the following output:
Change Dir: /Users/jpchen/torchjs/thlib/build/CMakeFiles/CMakeTmp

Run Build Command:"/usr/bin/make" "cmTC_12aa3/fast"
/Applications/Xcode.app/Contents/Developer/usr/bin/make -f CMakeFiles/cmTC_12aa3.dir/build.make CMakeFiles/cmTC_12aa3.dir/build
Building CXX object CMakeFiles/cmTC_12aa3.dir/src.cxx.o
/Applications/Xcode.app/Contents/Developer/Toolchains/XcodeDefault.xctoolchain/usr/bin/c++     -DOpenMP_FLAG_DETECTED   -o CMakeFiles/cmTC_12aa3.dir/src.cxx.o -c /Users/jpchen/torchjs/thlib/build/CMakeFiles/CMakeTmp/src.cxx
/Users/jpchen/torchjs/thlib/build/CMakeFiles/CMakeTmp/src.cxx:2:10: fatal error: 'omp.h' file not found
#include <omp.h>
         ^
1 error generated.
make[1]: *** [CMakeFiles/cmTC_12aa3.dir/src.cxx.o] Error 1
make: *** [cmTC_12aa3/fast] Error 2

Source file was:

#include <omp.h>
int main() {
#ifdef _OPENMP
  return 0;
#else
  breaks_on_purpose
#endif
}

Performing C++ SOURCE FILE Test OpenMP_FLAG_DETECTED failed with the following output:
Change Dir: /Users/jpchen/torchjs/thlib/build/CMakeFiles/CMakeTmp

Run Build Command:"/usr/bin/make" "cmTC_799d8/fast"
/Applications/Xcode.app/Contents/Developer/usr/bin/make -f CMakeFiles/cmTC_799d8.dir/build.make CMakeFiles/cmTC_799d8.dir/build
Building CXX object CMakeFiles/cmTC_799d8.dir/src.cxx.o
/Applications/Xcode.app/Contents/Developer/Toolchains/XcodeDefault.xctoolchain/usr/bin/c++     -DOpenMP_FLAG_DETECTED -fopenmp   -o CMakeFiles/cmTC_799d8.dir/src.cxx.o -c /Users/jpchen/torchjs/thlib/build/CMakeFiles/CMakeTmp/src.cxx
clang: warning: argument unused during compilation: '-fopenmp'
/Users/jpchen/torchjs/thlib/build/CMakeFiles/CMakeTmp/src.cxx:2:10: fatal error: 'omp.h' file not found
#include <omp.h>
         ^
1 error generated.
make[1]: *** [CMakeFiles/cmTC_799d8.dir/src.cxx.o] Error 1
make: *** [cmTC_799d8/fast] Error 2

Source file was:

#include <omp.h>
int main() {
#ifdef _OPENMP
  return 0;
#else
  breaks_on_purpose
#endif
}

Performing C++ SOURCE FILE Test OpenMP_FLAG_DETECTED failed with the following output:
Change Dir: /Users/jpchen/torchjs/thlib/build/CMakeFiles/CMakeTmp

Run Build Command:"/usr/bin/make" "cmTC_d372f/fast"
/Applications/Xcode.app/Contents/Developer/usr/bin/make -f CMakeFiles/cmTC_d372f.dir/build.make CMakeFiles/cmTC_d372f.dir/build
Building CXX object CMakeFiles/cmTC_d372f.dir/src.cxx.o
/Applications/Xcode.app/Contents/Developer/Toolchains/XcodeDefault.xctoolchain/usr/bin/c++     -DOpenMP_FLAG_DETECTED /openmp   -o CMakeFiles/cmTC_d372f.dir/src.cxx.o -c /Users/jpchen/torchjs/thlib/build/CMakeFiles/CMakeTmp/src.cxx
clang: error: no such file or directory: '/openmp'
make[1]: *** [CMakeFiles/cmTC_d372f.dir/src.cxx.o] Error 1
make: *** [cmTC_d372f/fast] Error 2

Source file was:

#include <omp.h>
int main() {
#ifdef _OPENMP
  return 0;
#else
  breaks_on_purpose
#endif
}

Performing C++ SOURCE FILE Test OpenMP_FLAG_DETECTED failed with the following output:
Change Dir: /Users/jpchen/torchjs/thlib/build/CMakeFiles/CMakeTmp

Run Build Command:"/usr/bin/make" "cmTC_2c920/fast"
/Applications/Xcode.app/Contents/Developer/usr/bin/make -f CMakeFiles/cmTC_2c920.dir/build.make CMakeFiles/cmTC_2c920.dir/build
Building CXX object CMakeFiles/cmTC_2c920.dir/src.cxx.o
/Applications/Xcode.app/Contents/Developer/Toolchains/XcodeDefault.xctoolchain/usr/bin/c++     -DOpenMP_FLAG_DETECTED -Qopenmp   -o CMakeFiles/cmTC_2c920.dir/src.cxx.o -c /Users/jpchen/torchjs/thlib/build/CMakeFiles/CMakeTmp/src.cxx
clang: error: unknown argument: '-Qopenmp'
make[1]: *** [CMakeFiles/cmTC_2c920.dir/src.cxx.o] Error 1
make: *** [cmTC_2c920/fast] Error 2

Source file was:

#include <omp.h>
int main() {
#ifdef _OPENMP
  return 0;
#else
  breaks_on_purpose
#endif
}

Performing C++ SOURCE FILE Test OpenMP_FLAG_DETECTED failed with the following output:
Change Dir: /Users/jpchen/torchjs/thlib/build/CMakeFiles/CMakeTmp

Run Build Command:"/usr/bin/make" "cmTC_64739/fast"
/Applications/Xcode.app/Contents/Developer/usr/bin/make -f CMakeFiles/cmTC_64739.dir/build.make CMakeFiles/cmTC_64739.dir/build
Building CXX object CMakeFiles/cmTC_64739.dir/src.cxx.o
/Applications/Xcode.app/Contents/Developer/Toolchains/XcodeDefault.xctoolchain/usr/bin/c++     -DOpenMP_FLAG_DETECTED -openmp   -o CMakeFiles/cmTC_64739.dir/src.cxx.o -c /Users/jpchen/torchjs/thlib/build/CMakeFiles/CMakeTmp/src.cxx
/Users/jpchen/torchjs/thlib/build/CMakeFiles/CMakeTmp/src.cxx:2:10: fatal error: 'omp.h' file not found
#include <omp.h>
         ^
1 error generated.
make[1]: *** [CMakeFiles/cmTC_64739.dir/src.cxx.o] Error 1
make: *** [cmTC_64739/fast] Error 2

Source file was:

#include <omp.h>
int main() {
#ifdef _OPENMP
  return 0;
#else
  breaks_on_purpose
#endif
}

Performing C++ SOURCE FILE Test OpenMP_FLAG_DETECTED failed with the following output:
Change Dir: /Users/jpchen/torchjs/thlib/build/CMakeFiles/CMakeTmp

Run Build Command:"/usr/bin/make" "cmTC_945bd/fast"
/Applications/Xcode.app/Contents/Developer/usr/bin/make -f CMakeFiles/cmTC_945bd.dir/build.make CMakeFiles/cmTC_945bd.dir/build
Building CXX object CMakeFiles/cmTC_945bd.dir/src.cxx.o
/Applications/Xcode.app/Contents/Developer/Toolchains/XcodeDefault.xctoolchain/usr/bin/c++     -DOpenMP_FLAG_DETECTED -xopenmp   -o CMakeFiles/cmTC_945bd.dir/src.cxx.o -c /Users/jpchen/torchjs/thlib/build/CMakeFiles/CMakeTmp/src.cxx
clang: error: language not recognized: 'openmp'
clang: warning: /Users/jpchen/torchjs/thlib/build/CMakeFiles/CMakeTmp/src.cxx: 'linker' input unused
make[1]: *** [CMakeFiles/cmTC_945bd.dir/src.cxx.o] Error 1
make: *** [cmTC_945bd/fast] Error 2

Source file was:

#include <omp.h>
int main() {
#ifdef _OPENMP
  return 0;
#else
  breaks_on_purpose
#endif
}

Performing C++ SOURCE FILE Test OpenMP_FLAG_DETECTED failed with the following output:
Change Dir: /Users/jpchen/torchjs/thlib/build/CMakeFiles/CMakeTmp

Run Build Command:"/usr/bin/make" "cmTC_62ce3/fast"
/Applications/Xcode.app/Contents/Developer/usr/bin/make -f CMakeFiles/cmTC_62ce3.dir/build.make CMakeFiles/cmTC_62ce3.dir/build
Building CXX object CMakeFiles/cmTC_62ce3.dir/src.cxx.o
/Applications/Xcode.app/Contents/Developer/Toolchains/XcodeDefault.xctoolchain/usr/bin/c++     -DOpenMP_FLAG_DETECTED +Oopenmp   -o CMakeFiles/cmTC_62ce3.dir/src.cxx.o -c /Users/jpchen/torchjs/thlib/build/CMakeFiles/CMakeTmp/src.cxx
clang: error: no such file or directory: '+Oopenmp'
make[1]: *** [CMakeFiles/cmTC_62ce3.dir/src.cxx.o] Error 1
make: *** [cmTC_62ce3/fast] Error 2

Source file was:

#include <omp.h>
int main() {
#ifdef _OPENMP
  return 0;
#else
  breaks_on_purpose
#endif
}

Performing C++ SOURCE FILE Test OpenMP_FLAG_DETECTED failed with the following output:
Change Dir: /Users/jpchen/torchjs/thlib/build/CMakeFiles/CMakeTmp

Run Build Command:"/usr/bin/make" "cmTC_3a156/fast"
/Applications/Xcode.app/Contents/Developer/usr/bin/make -f CMakeFiles/cmTC_3a156.dir/build.make CMakeFiles/cmTC_3a156.dir/build
Building CXX object CMakeFiles/cmTC_3a156.dir/src.cxx.o
/Applications/Xcode.app/Contents/Developer/Toolchains/XcodeDefault.xctoolchain/usr/bin/c++     -DOpenMP_FLAG_DETECTED -qsmp   -o CMakeFiles/cmTC_3a156.dir/src.cxx.o -c /Users/jpchen/torchjs/thlib/build/CMakeFiles/CMakeTmp/src.cxx
clang: error: unknown argument: '-qsmp'
make[1]: *** [CMakeFiles/cmTC_3a156.dir/src.cxx.o] Error 1
make: *** [cmTC_3a156/fast] Error 2

Source file was:

#include <omp.h>
int main() {
#ifdef _OPENMP
  return 0;
#else
  breaks_on_purpose
#endif
}

Performing C++ SOURCE FILE Test OpenMP_FLAG_DETECTED failed with the following output:
Change Dir: /Users/jpchen/torchjs/thlib/build/CMakeFiles/CMakeTmp

Run Build Command:"/usr/bin/make" "cmTC_b6a07/fast"
/Applications/Xcode.app/Contents/Developer/usr/bin/make -f CMakeFiles/cmTC_b6a07.dir/build.make CMakeFiles/cmTC_b6a07.dir/build
Building CXX object CMakeFiles/cmTC_b6a07.dir/src.cxx.o
/Applications/Xcode.app/Contents/Developer/Toolchains/XcodeDefault.xctoolchain/usr/bin/c++     -DOpenMP_FLAG_DETECTED -mp   -o CMakeFiles/cmTC_b6a07.dir/src.cxx.o -c /Users/jpchen/torchjs/thlib/build/CMakeFiles/CMakeTmp/src.cxx
clang: error: unknown argument: '-mp'
make[1]: *** [CMakeFiles/cmTC_b6a07.dir/src.cxx.o] Error 1
make: *** [cmTC_b6a07/fast] Error 2

Source file was:

#include <omp.h>
int main() {
#ifdef _OPENMP
  return 0;
#else
  breaks_on_purpose
#endif
}

