The system is: Darwin - 13.4.0 - x86_64
Compiling the C compiler identification source file "CMakeCCompilerId.c" succeeded.
Compiler: /Applications/Xcode.app/Contents/Developer/Toolchains/XcodeDefault.xctoolchain/usr/bin/cc 
Build flags: 
Id flags: 

The output was:
0


Compilation of the C compiler identification source "CMakeCCompilerId.c" produced "a.out"

The C compiler identification is AppleClang, found in "/Users/jpchen/jstorch/torch.js/libTH/build/CMakeFiles/3.7.2/CompilerIdC/a.out"

Compiling the CXX compiler identification source file "CMakeCXXCompilerId.cpp" succeeded.
Compiler: /Applications/Xcode.app/Contents/Developer/Toolchains/XcodeDefault.xctoolchain/usr/bin/c++ 
Build flags: 
Id flags: 

The output was:
0


Compilation of the CXX compiler identification source "CMakeCXXCompilerId.cpp" produced "a.out"

The CXX compiler identification is AppleClang, found in "/Users/jpchen/jstorch/torch.js/libTH/build/CMakeFiles/3.7.2/CompilerIdCXX/a.out"

Determining if the C compiler works passed with the following output:
Change Dir: /Users/jpchen/jstorch/torch.js/libTH/build/CMakeFiles/CMakeTmp

Run Build Command:"/usr/bin/make" "cmTC_f1882/fast"
/Applications/Xcode.app/Contents/Developer/usr/bin/make -f CMakeFiles/cmTC_f1882.dir/build.make CMakeFiles/cmTC_f1882.dir/build
Building C object CMakeFiles/cmTC_f1882.dir/testCCompiler.c.o
/Applications/Xcode.app/Contents/Developer/Toolchains/XcodeDefault.xctoolchain/usr/bin/cc     -o CMakeFiles/cmTC_f1882.dir/testCCompiler.c.o   -c /Users/jpchen/jstorch/torch.js/libTH/build/CMakeFiles/CMakeTmp/testCCompiler.c
Linking C executable cmTC_f1882
/usr/local/Cellar/cmake/3.7.2/bin/cmake -E cmake_link_script CMakeFiles/cmTC_f1882.dir/link.txt --verbose=1
/Applications/Xcode.app/Contents/Developer/Toolchains/XcodeDefault.xctoolchain/usr/bin/cc    -Wl,-search_paths_first -Wl,-headerpad_max_install_names   CMakeFiles/cmTC_f1882.dir/testCCompiler.c.o  -o cmTC_f1882  


Detecting C compiler ABI info compiled with the following output:
Change Dir: /Users/jpchen/jstorch/torch.js/libTH/build/CMakeFiles/CMakeTmp

Run Build Command:"/usr/bin/make" "cmTC_f0c57/fast"
/Applications/Xcode.app/Contents/Developer/usr/bin/make -f CMakeFiles/cmTC_f0c57.dir/build.make CMakeFiles/cmTC_f0c57.dir/build
Building C object CMakeFiles/cmTC_f0c57.dir/CMakeCCompilerABI.c.o
/Applications/Xcode.app/Contents/Developer/Toolchains/XcodeDefault.xctoolchain/usr/bin/cc     -o CMakeFiles/cmTC_f0c57.dir/CMakeCCompilerABI.c.o   -c /usr/local/Cellar/cmake/3.7.2/share/cmake/Modules/CMakeCCompilerABI.c
Linking C executable cmTC_f0c57
/usr/local/Cellar/cmake/3.7.2/bin/cmake -E cmake_link_script CMakeFiles/cmTC_f0c57.dir/link.txt --verbose=1
/Applications/Xcode.app/Contents/Developer/Toolchains/XcodeDefault.xctoolchain/usr/bin/cc    -Wl,-search_paths_first -Wl,-headerpad_max_install_names  -v -Wl,-v CMakeFiles/cmTC_f0c57.dir/CMakeCCompilerABI.c.o  -o cmTC_f0c57   
Apple LLVM version 6.0 (clang-600.0.56) (based on LLVM 3.5svn)
Target: x86_64-apple-darwin13.4.0
Thread model: posix
 "/Applications/Xcode.app/Contents/Developer/Toolchains/XcodeDefault.xctoolchain/usr/bin/ld" -demangle -dynamic -arch x86_64 -macosx_version_min 10.9.0 -o cmTC_f0c57 -search_paths_first -headerpad_max_install_names -v CMakeFiles/cmTC_f0c57.dir/CMakeCCompilerABI.c.o -lSystem /Applications/Xcode.app/Contents/Developer/Toolchains/XcodeDefault.xctoolchain/usr/bin/../lib/clang/6.0/lib/darwin/libclang_rt.osx.a
@(#)PROGRAM:ld  PROJECT:ld64-241.9
configured to support archs: armv6 armv7 armv7s arm64 i386 x86_64 x86_64h armv6m armv7m armv7em
Library search paths:
	/usr/lib
	/usr/local/lib
Framework search paths:
	/Library/Frameworks/
	/System/Library/Frameworks/


Parsed C implicit link information from above output:
  link line regex: [^( *|.*[/\])(ld|([^/\]+-)?ld|collect2)[^/\]*( |$)]
  ignore line: [Change Dir: /Users/jpchen/jstorch/torch.js/libTH/build/CMakeFiles/CMakeTmp]
  ignore line: []
  ignore line: [Run Build Command:"/usr/bin/make" "cmTC_f0c57/fast"]
  ignore line: [/Applications/Xcode.app/Contents/Developer/usr/bin/make -f CMakeFiles/cmTC_f0c57.dir/build.make CMakeFiles/cmTC_f0c57.dir/build]
  ignore line: [Building C object CMakeFiles/cmTC_f0c57.dir/CMakeCCompilerABI.c.o]
  ignore line: [/Applications/Xcode.app/Contents/Developer/Toolchains/XcodeDefault.xctoolchain/usr/bin/cc     -o CMakeFiles/cmTC_f0c57.dir/CMakeCCompilerABI.c.o   -c /usr/local/Cellar/cmake/3.7.2/share/cmake/Modules/CMakeCCompilerABI.c]
  ignore line: [Linking C executable cmTC_f0c57]
  ignore line: [/usr/local/Cellar/cmake/3.7.2/bin/cmake -E cmake_link_script CMakeFiles/cmTC_f0c57.dir/link.txt --verbose=1]
  ignore line: [/Applications/Xcode.app/Contents/Developer/Toolchains/XcodeDefault.xctoolchain/usr/bin/cc    -Wl,-search_paths_first -Wl,-headerpad_max_install_names  -v -Wl,-v CMakeFiles/cmTC_f0c57.dir/CMakeCCompilerABI.c.o  -o cmTC_f0c57   ]
  ignore line: [Apple LLVM version 6.0 (clang-600.0.56) (based on LLVM 3.5svn)]
  ignore line: [Target: x86_64-apple-darwin13.4.0]
  ignore line: [Thread model: posix]
  link line: [ "/Applications/Xcode.app/Contents/Developer/Toolchains/XcodeDefault.xctoolchain/usr/bin/ld" -demangle -dynamic -arch x86_64 -macosx_version_min 10.9.0 -o cmTC_f0c57 -search_paths_first -headerpad_max_install_names -v CMakeFiles/cmTC_f0c57.dir/CMakeCCompilerABI.c.o -lSystem /Applications/Xcode.app/Contents/Developer/Toolchains/XcodeDefault.xctoolchain/usr/bin/../lib/clang/6.0/lib/darwin/libclang_rt.osx.a]
    arg [/Applications/Xcode.app/Contents/Developer/Toolchains/XcodeDefault.xctoolchain/usr/bin/ld] ==> ignore
    arg [-demangle] ==> ignore
    arg [-dynamic] ==> ignore
    arg [-arch] ==> ignore
    arg [x86_64] ==> ignore
    arg [-macosx_version_min] ==> ignore
    arg [10.9.0] ==> ignore
    arg [-o] ==> ignore
    arg [cmTC_f0c57] ==> ignore
    arg [-search_paths_first] ==> ignore
    arg [-headerpad_max_install_names] ==> ignore
    arg [-v] ==> ignore
    arg [CMakeFiles/cmTC_f0c57.dir/CMakeCCompilerABI.c.o] ==> ignore
    arg [-lSystem] ==> lib [System]
    arg [/Applications/Xcode.app/Contents/Developer/Toolchains/XcodeDefault.xctoolchain/usr/bin/../lib/clang/6.0/lib/darwin/libclang_rt.osx.a] ==> lib [/Applications/Xcode.app/Contents/Developer/Toolchains/XcodeDefault.xctoolchain/usr/bin/../lib/clang/6.0/lib/darwin/libclang_rt.osx.a]
  Library search paths: [;/usr/lib;/usr/local/lib]
  Framework search paths: [;/Library/Frameworks/;/System/Library/Frameworks/]
  remove lib [System]
  remove lib [/Applications/Xcode.app/Contents/Developer/Toolchains/XcodeDefault.xctoolchain/usr/bin/../lib/clang/6.0/lib/darwin/libclang_rt.osx.a]
  collapse library dir [/usr/lib] ==> [/usr/lib]
  collapse library dir [/usr/local/lib] ==> [/usr/local/lib]
  collapse framework dir [/Library/Frameworks/] ==> [/Library/Frameworks]
  collapse framework dir [/System/Library/Frameworks/] ==> [/System/Library/Frameworks]
  implicit libs: []
  implicit dirs: [/usr/lib;/usr/local/lib]
  implicit fwks: [/Library/Frameworks;/System/Library/Frameworks]




Detecting C [-std=c11] compiler features compiled with the following output:
Change Dir: /Users/jpchen/jstorch/torch.js/libTH/build/CMakeFiles/CMakeTmp

Run Build Command:"/usr/bin/make" "cmTC_cba73/fast"
/Applications/Xcode.app/Contents/Developer/usr/bin/make -f CMakeFiles/cmTC_cba73.dir/build.make CMakeFiles/cmTC_cba73.dir/build
Building C object CMakeFiles/cmTC_cba73.dir/feature_tests.c.o
/Applications/Xcode.app/Contents/Developer/Toolchains/XcodeDefault.xctoolchain/usr/bin/cc    -std=c11 -o CMakeFiles/cmTC_cba73.dir/feature_tests.c.o   -c /Users/jpchen/jstorch/torch.js/libTH/build/CMakeFiles/feature_tests.c
Linking C executable cmTC_cba73
/usr/local/Cellar/cmake/3.7.2/bin/cmake -E cmake_link_script CMakeFiles/cmTC_cba73.dir/link.txt --verbose=1
/Applications/Xcode.app/Contents/Developer/Toolchains/XcodeDefault.xctoolchain/usr/bin/cc    -Wl,-search_paths_first -Wl,-headerpad_max_install_names   CMakeFiles/cmTC_cba73.dir/feature_tests.c.o  -o cmTC_cba73  


    Feature record: C_FEATURE:1c_function_prototypes
    Feature record: C_FEATURE:1c_restrict
    Feature record: C_FEATURE:1c_static_assert
    Feature record: C_FEATURE:1c_variadic_macros


Detecting C [-std=c99] compiler features compiled with the following output:
Change Dir: /Users/jpchen/jstorch/torch.js/libTH/build/CMakeFiles/CMakeTmp

Run Build Command:"/usr/bin/make" "cmTC_e9adf/fast"
/Applications/Xcode.app/Contents/Developer/usr/bin/make -f CMakeFiles/cmTC_e9adf.dir/build.make CMakeFiles/cmTC_e9adf.dir/build
Building C object CMakeFiles/cmTC_e9adf.dir/feature_tests.c.o
/Applications/Xcode.app/Contents/Developer/Toolchains/XcodeDefault.xctoolchain/usr/bin/cc    -std=c99 -o CMakeFiles/cmTC_e9adf.dir/feature_tests.c.o   -c /Users/jpchen/jstorch/torch.js/libTH/build/CMakeFiles/feature_tests.c
Linking C executable cmTC_e9adf
/usr/local/Cellar/cmake/3.7.2/bin/cmake -E cmake_link_script CMakeFiles/cmTC_e9adf.dir/link.txt --verbose=1
/Applications/Xcode.app/Contents/Developer/Toolchains/XcodeDefault.xctoolchain/usr/bin/cc    -Wl,-search_paths_first -Wl,-headerpad_max_install_names   CMakeFiles/cmTC_e9adf.dir/feature_tests.c.o  -o cmTC_e9adf  


    Feature record: C_FEATURE:1c_function_prototypes
    Feature record: C_FEATURE:1c_restrict
    Feature record: C_FEATURE:0c_static_assert
    Feature record: C_FEATURE:1c_variadic_macros


Detecting C [-std=c90] compiler features compiled with the following output:
Change Dir: /Users/jpchen/jstorch/torch.js/libTH/build/CMakeFiles/CMakeTmp

Run Build Command:"/usr/bin/make" "cmTC_c6575/fast"
/Applications/Xcode.app/Contents/Developer/usr/bin/make -f CMakeFiles/cmTC_c6575.dir/build.make CMakeFiles/cmTC_c6575.dir/build
Building C object CMakeFiles/cmTC_c6575.dir/feature_tests.c.o
/Applications/Xcode.app/Contents/Developer/Toolchains/XcodeDefault.xctoolchain/usr/bin/cc    -std=c90 -o CMakeFiles/cmTC_c6575.dir/feature_tests.c.o   -c /Users/jpchen/jstorch/torch.js/libTH/build/CMakeFiles/feature_tests.c
Linking C executable cmTC_c6575
/usr/local/Cellar/cmake/3.7.2/bin/cmake -E cmake_link_script CMakeFiles/cmTC_c6575.dir/link.txt --verbose=1
/Applications/Xcode.app/Contents/Developer/Toolchains/XcodeDefault.xctoolchain/usr/bin/cc    -Wl,-search_paths_first -Wl,-headerpad_max_install_names   CMakeFiles/cmTC_c6575.dir/feature_tests.c.o  -o cmTC_c6575  


    Feature record: C_FEATURE:1c_function_prototypes
    Feature record: C_FEATURE:0c_restrict
    Feature record: C_FEATURE:0c_static_assert
    Feature record: C_FEATURE:0c_variadic_macros
Determining if the CXX compiler works passed with the following output:
Change Dir: /Users/jpchen/jstorch/torch.js/libTH/build/CMakeFiles/CMakeTmp

Run Build Command:"/usr/bin/make" "cmTC_946b3/fast"
/Applications/Xcode.app/Contents/Developer/usr/bin/make -f CMakeFiles/cmTC_946b3.dir/build.make CMakeFiles/cmTC_946b3.dir/build
Building CXX object CMakeFiles/cmTC_946b3.dir/testCXXCompiler.cxx.o
/Applications/Xcode.app/Contents/Developer/Toolchains/XcodeDefault.xctoolchain/usr/bin/c++      -o CMakeFiles/cmTC_946b3.dir/testCXXCompiler.cxx.o -c /Users/jpchen/jstorch/torch.js/libTH/build/CMakeFiles/CMakeTmp/testCXXCompiler.cxx
Linking CXX executable cmTC_946b3
/usr/local/Cellar/cmake/3.7.2/bin/cmake -E cmake_link_script CMakeFiles/cmTC_946b3.dir/link.txt --verbose=1
/Applications/Xcode.app/Contents/Developer/Toolchains/XcodeDefault.xctoolchain/usr/bin/c++     -Wl,-search_paths_first -Wl,-headerpad_max_install_names   CMakeFiles/cmTC_946b3.dir/testCXXCompiler.cxx.o  -o cmTC_946b3  


Detecting CXX compiler ABI info compiled with the following output:
Change Dir: /Users/jpchen/jstorch/torch.js/libTH/build/CMakeFiles/CMakeTmp

Run Build Command:"/usr/bin/make" "cmTC_56fd8/fast"
/Applications/Xcode.app/Contents/Developer/usr/bin/make -f CMakeFiles/cmTC_56fd8.dir/build.make CMakeFiles/cmTC_56fd8.dir/build
Building CXX object CMakeFiles/cmTC_56fd8.dir/CMakeCXXCompilerABI.cpp.o
/Applications/Xcode.app/Contents/Developer/Toolchains/XcodeDefault.xctoolchain/usr/bin/c++      -o CMakeFiles/cmTC_56fd8.dir/CMakeCXXCompilerABI.cpp.o -c /usr/local/Cellar/cmake/3.7.2/share/cmake/Modules/CMakeCXXCompilerABI.cpp
Linking CXX executable cmTC_56fd8
/usr/local/Cellar/cmake/3.7.2/bin/cmake -E cmake_link_script CMakeFiles/cmTC_56fd8.dir/link.txt --verbose=1
/Applications/Xcode.app/Contents/Developer/Toolchains/XcodeDefault.xctoolchain/usr/bin/c++     -Wl,-search_paths_first -Wl,-headerpad_max_install_names  -v -Wl,-v CMakeFiles/cmTC_56fd8.dir/CMakeCXXCompilerABI.cpp.o  -o cmTC_56fd8   
Apple LLVM version 6.0 (clang-600.0.56) (based on LLVM 3.5svn)
Target: x86_64-apple-darwin13.4.0
Thread model: posix
 "/Applications/Xcode.app/Contents/Developer/Toolchains/XcodeDefault.xctoolchain/usr/bin/ld" -demangle -dynamic -arch x86_64 -macosx_version_min 10.9.0 -o cmTC_56fd8 -search_paths_first -headerpad_max_install_names -v CMakeFiles/cmTC_56fd8.dir/CMakeCXXCompilerABI.cpp.o -lc++ -lSystem /Applications/Xcode.app/Contents/Developer/Toolchains/XcodeDefault.xctoolchain/usr/bin/../lib/clang/6.0/lib/darwin/libclang_rt.osx.a
@(#)PROGRAM:ld  PROJECT:ld64-241.9
configured to support archs: armv6 armv7 armv7s arm64 i386 x86_64 x86_64h armv6m armv7m armv7em
Library search paths:
	/usr/lib
	/usr/local/lib
Framework search paths:
	/Library/Frameworks/
	/System/Library/Frameworks/


Parsed CXX implicit link information from above output:
  link line regex: [^( *|.*[/\])(ld|([^/\]+-)?ld|collect2)[^/\]*( |$)]
  ignore line: [Change Dir: /Users/jpchen/jstorch/torch.js/libTH/build/CMakeFiles/CMakeTmp]
  ignore line: []
  ignore line: [Run Build Command:"/usr/bin/make" "cmTC_56fd8/fast"]
  ignore line: [/Applications/Xcode.app/Contents/Developer/usr/bin/make -f CMakeFiles/cmTC_56fd8.dir/build.make CMakeFiles/cmTC_56fd8.dir/build]
  ignore line: [Building CXX object CMakeFiles/cmTC_56fd8.dir/CMakeCXXCompilerABI.cpp.o]
  ignore line: [/Applications/Xcode.app/Contents/Developer/Toolchains/XcodeDefault.xctoolchain/usr/bin/c++      -o CMakeFiles/cmTC_56fd8.dir/CMakeCXXCompilerABI.cpp.o -c /usr/local/Cellar/cmake/3.7.2/share/cmake/Modules/CMakeCXXCompilerABI.cpp]
  ignore line: [Linking CXX executable cmTC_56fd8]
  ignore line: [/usr/local/Cellar/cmake/3.7.2/bin/cmake -E cmake_link_script CMakeFiles/cmTC_56fd8.dir/link.txt --verbose=1]
  ignore line: [/Applications/Xcode.app/Contents/Developer/Toolchains/XcodeDefault.xctoolchain/usr/bin/c++     -Wl,-search_paths_first -Wl,-headerpad_max_install_names  -v -Wl,-v CMakeFiles/cmTC_56fd8.dir/CMakeCXXCompilerABI.cpp.o  -o cmTC_56fd8   ]
  ignore line: [Apple LLVM version 6.0 (clang-600.0.56) (based on LLVM 3.5svn)]
  ignore line: [Target: x86_64-apple-darwin13.4.0]
  ignore line: [Thread model: posix]
  link line: [ "/Applications/Xcode.app/Contents/Developer/Toolchains/XcodeDefault.xctoolchain/usr/bin/ld" -demangle -dynamic -arch x86_64 -macosx_version_min 10.9.0 -o cmTC_56fd8 -search_paths_first -headerpad_max_install_names -v CMakeFiles/cmTC_56fd8.dir/CMakeCXXCompilerABI.cpp.o -lc++ -lSystem /Applications/Xcode.app/Contents/Developer/Toolchains/XcodeDefault.xctoolchain/usr/bin/../lib/clang/6.0/lib/darwin/libclang_rt.osx.a]
    arg [/Applications/Xcode.app/Contents/Developer/Toolchains/XcodeDefault.xctoolchain/usr/bin/ld] ==> ignore
    arg [-demangle] ==> ignore
    arg [-dynamic] ==> ignore
    arg [-arch] ==> ignore
    arg [x86_64] ==> ignore
    arg [-macosx_version_min] ==> ignore
    arg [10.9.0] ==> ignore
    arg [-o] ==> ignore
    arg [cmTC_56fd8] ==> ignore
    arg [-search_paths_first] ==> ignore
    arg [-headerpad_max_install_names] ==> ignore
    arg [-v] ==> ignore
    arg [CMakeFiles/cmTC_56fd8.dir/CMakeCXXCompilerABI.cpp.o] ==> ignore
    arg [-lc++] ==> lib [c++]
    arg [-lSystem] ==> lib [System]
    arg [/Applications/Xcode.app/Contents/Developer/Toolchains/XcodeDefault.xctoolchain/usr/bin/../lib/clang/6.0/lib/darwin/libclang_rt.osx.a] ==> lib [/Applications/Xcode.app/Contents/Developer/Toolchains/XcodeDefault.xctoolchain/usr/bin/../lib/clang/6.0/lib/darwin/libclang_rt.osx.a]
  Library search paths: [;/usr/lib;/usr/local/lib]
  Framework search paths: [;/Library/Frameworks/;/System/Library/Frameworks/]
  remove lib [System]
  remove lib [/Applications/Xcode.app/Contents/Developer/Toolchains/XcodeDefault.xctoolchain/usr/bin/../lib/clang/6.0/lib/darwin/libclang_rt.osx.a]
  collapse library dir [/usr/lib] ==> [/usr/lib]
  collapse library dir [/usr/local/lib] ==> [/usr/local/lib]
  collapse framework dir [/Library/Frameworks/] ==> [/Library/Frameworks]
  collapse framework dir [/System/Library/Frameworks/] ==> [/System/Library/Frameworks]
  implicit libs: [c++]
  implicit dirs: [/usr/lib;/usr/local/lib]
  implicit fwks: [/Library/Frameworks;/System/Library/Frameworks]




Detecting CXX [-std=c++1y] compiler features compiled with the following output:
Change Dir: /Users/jpchen/jstorch/torch.js/libTH/build/CMakeFiles/CMakeTmp

Run Build Command:"/usr/bin/make" "cmTC_4abea/fast"
/Applications/Xcode.app/Contents/Developer/usr/bin/make -f CMakeFiles/cmTC_4abea.dir/build.make CMakeFiles/cmTC_4abea.dir/build
Building CXX object CMakeFiles/cmTC_4abea.dir/feature_tests.cxx.o
/Applications/Xcode.app/Contents/Developer/Toolchains/XcodeDefault.xctoolchain/usr/bin/c++     -std=c++1y -o CMakeFiles/cmTC_4abea.dir/feature_tests.cxx.o -c /Users/jpchen/jstorch/torch.js/libTH/build/CMakeFiles/feature_tests.cxx
Linking CXX executable cmTC_4abea
/usr/local/Cellar/cmake/3.7.2/bin/cmake -E cmake_link_script CMakeFiles/cmTC_4abea.dir/link.txt --verbose=1
/Applications/Xcode.app/Contents/Developer/Toolchains/XcodeDefault.xctoolchain/usr/bin/c++     -Wl,-search_paths_first -Wl,-headerpad_max_install_names   CMakeFiles/cmTC_4abea.dir/feature_tests.cxx.o  -o cmTC_4abea  


    Feature record: CXX_FEATURE:1cxx_aggregate_default_initializers
    Feature record: CXX_FEATURE:1cxx_alias_templates
    Feature record: CXX_FEATURE:1cxx_alignas
    Feature record: CXX_FEATURE:1cxx_alignof
    Feature record: CXX_FEATURE:1cxx_attributes
    Feature record: CXX_FEATURE:1cxx_attribute_deprecated
    Feature record: CXX_FEATURE:1cxx_auto_type
    Feature record: CXX_FEATURE:1cxx_binary_literals
    Feature record: CXX_FEATURE:1cxx_constexpr
    Feature record: CXX_FEATURE:1cxx_contextual_conversions
    Feature record: CXX_FEATURE:1cxx_decltype
    Feature record: CXX_FEATURE:1cxx_decltype_auto
    Feature record: CXX_FEATURE:1cxx_decltype_incomplete_return_types
    Feature record: CXX_FEATURE:1cxx_default_function_template_args
    Feature record: CXX_FEATURE:1cxx_defaulted_functions
    Feature record: CXX_FEATURE:1cxx_defaulted_move_initializers
    Feature record: CXX_FEATURE:1cxx_delegating_constructors
    Feature record: CXX_FEATURE:1cxx_deleted_functions
    Feature record: CXX_FEATURE:1cxx_digit_separators
    Feature record: CXX_FEATURE:1cxx_enum_forward_declarations
    Feature record: CXX_FEATURE:1cxx_explicit_conversions
    Feature record: CXX_FEATURE:1cxx_extended_friend_declarations
    Feature record: CXX_FEATURE:1cxx_extern_templates
    Feature record: CXX_FEATURE:1cxx_final
    Feature record: CXX_FEATURE:1cxx_func_identifier
    Feature record: CXX_FEATURE:1cxx_generalized_initializers
    Feature record: CXX_FEATURE:1cxx_generic_lambdas
    Feature record: CXX_FEATURE:1cxx_inheriting_constructors
    Feature record: CXX_FEATURE:1cxx_inline_namespaces
    Feature record: CXX_FEATURE:1cxx_lambdas
    Feature record: CXX_FEATURE:1cxx_lambda_init_captures
    Feature record: CXX_FEATURE:1cxx_local_type_template_args
    Feature record: CXX_FEATURE:1cxx_long_long_type
    Feature record: CXX_FEATURE:1cxx_noexcept
    Feature record: CXX_FEATURE:1cxx_nonstatic_member_init
    Feature record: CXX_FEATURE:1cxx_nullptr
    Feature record: CXX_FEATURE:1cxx_override
    Feature record: CXX_FEATURE:1cxx_range_for
    Feature record: CXX_FEATURE:1cxx_raw_string_literals
    Feature record: CXX_FEATURE:1cxx_reference_qualified_functions
    Feature record: CXX_FEATURE:1cxx_relaxed_constexpr
    Feature record: CXX_FEATURE:1cxx_return_type_deduction
    Feature record: CXX_FEATURE:1cxx_right_angle_brackets
    Feature record: CXX_FEATURE:1cxx_rvalue_references
    Feature record: CXX_FEATURE:1cxx_sizeof_member
    Feature record: CXX_FEATURE:1cxx_static_assert
    Feature record: CXX_FEATURE:1cxx_strong_enums
    Feature record: CXX_FEATURE:1cxx_template_template_parameters
    Feature record: CXX_FEATURE:0cxx_thread_local
    Feature record: CXX_FEATURE:1cxx_trailing_return_types
    Feature record: CXX_FEATURE:1cxx_unicode_literals
    Feature record: CXX_FEATURE:1cxx_uniform_initialization
    Feature record: CXX_FEATURE:1cxx_unrestricted_unions
    Feature record: CXX_FEATURE:1cxx_user_literals
    Feature record: CXX_FEATURE:1cxx_variable_templates
    Feature record: CXX_FEATURE:1cxx_variadic_macros
    Feature record: CXX_FEATURE:1cxx_variadic_templates


Detecting CXX [-std=c++11] compiler features compiled with the following output:
Change Dir: /Users/jpchen/jstorch/torch.js/libTH/build/CMakeFiles/CMakeTmp

Run Build Command:"/usr/bin/make" "cmTC_ac365/fast"
/Applications/Xcode.app/Contents/Developer/usr/bin/make -f CMakeFiles/cmTC_ac365.dir/build.make CMakeFiles/cmTC_ac365.dir/build
Building CXX object CMakeFiles/cmTC_ac365.dir/feature_tests.cxx.o
/Applications/Xcode.app/Contents/Developer/Toolchains/XcodeDefault.xctoolchain/usr/bin/c++     -std=c++11 -o CMakeFiles/cmTC_ac365.dir/feature_tests.cxx.o -c /Users/jpchen/jstorch/torch.js/libTH/build/CMakeFiles/feature_tests.cxx
Linking CXX executable cmTC_ac365
/usr/local/Cellar/cmake/3.7.2/bin/cmake -E cmake_link_script CMakeFiles/cmTC_ac365.dir/link.txt --verbose=1
/Applications/Xcode.app/Contents/Developer/Toolchains/XcodeDefault.xctoolchain/usr/bin/c++     -Wl,-search_paths_first -Wl,-headerpad_max_install_names   CMakeFiles/cmTC_ac365.dir/feature_tests.cxx.o  -o cmTC_ac365  


    Feature record: CXX_FEATURE:0cxx_aggregate_default_initializers
    Feature record: CXX_FEATURE:1cxx_alias_templates
    Feature record: CXX_FEATURE:1cxx_alignas
    Feature record: CXX_FEATURE:1cxx_alignof
    Feature record: CXX_FEATURE:1cxx_attributes
    Feature record: CXX_FEATURE:0cxx_attribute_deprecated
    Feature record: CXX_FEATURE:1cxx_auto_type
    Feature record: CXX_FEATURE:0cxx_binary_literals
    Feature record: CXX_FEATURE:1cxx_constexpr
    Feature record: CXX_FEATURE:0cxx_contextual_conversions
    Feature record: CXX_FEATURE:1cxx_decltype
    Feature record: CXX_FEATURE:0cxx_decltype_auto
    Feature record: CXX_FEATURE:1cxx_decltype_incomplete_return_types
    Feature record: CXX_FEATURE:1cxx_default_function_template_args
    Feature record: CXX_FEATURE:1cxx_defaulted_functions
    Feature record: CXX_FEATURE:1cxx_defaulted_move_initializers
    Feature record: CXX_FEATURE:1cxx_delegating_constructors
    Feature record: CXX_FEATURE:1cxx_deleted_functions
    Feature record: CXX_FEATURE:0cxx_digit_separators
    Feature record: CXX_FEATURE:1cxx_enum_forward_declarations
    Feature record: CXX_FEATURE:1cxx_explicit_conversions
    Feature record: CXX_FEATURE:1cxx_extended_friend_declarations
    Feature record: CXX_FEATURE:1cxx_extern_templates
    Feature record: CXX_FEATURE:1cxx_final
    Feature record: CXX_FEATURE:1cxx_func_identifier
    Feature record: CXX_FEATURE:1cxx_generalized_initializers
    Feature record: CXX_FEATURE:0cxx_generic_lambdas
    Feature record: CXX_FEATURE:1cxx_inheriting_constructors
    Feature record: CXX_FEATURE:1cxx_inline_namespaces
    Feature record: CXX_FEATURE:1cxx_lambdas
    Feature record: CXX_FEATURE:0cxx_lambda_init_captures
    Feature record: CXX_FEATURE:1cxx_local_type_template_args
    Feature record: CXX_FEATURE:1cxx_long_long_type
    Feature record: CXX_FEATURE:1cxx_noexcept
    Feature record: CXX_FEATURE:1cxx_nonstatic_member_init
    Feature record: CXX_FEATURE:1cxx_nullptr
    Feature record: CXX_FEATURE:1cxx_override
    Feature record: CXX_FEATURE:1cxx_range_for
    Feature record: CXX_FEATURE:1cxx_raw_string_literals
    Feature record: CXX_FEATURE:1cxx_reference_qualified_functions
    Feature record: CXX_FEATURE:0cxx_relaxed_constexpr
    Feature record: CXX_FEATURE:0cxx_return_type_deduction
    Feature record: CXX_FEATURE:1cxx_right_angle_brackets
    Feature record: CXX_FEATURE:1cxx_rvalue_references
    Feature record: CXX_FEATURE:1cxx_sizeof_member
    Feature record: CXX_FEATURE:1cxx_static_assert
    Feature record: CXX_FEATURE:1cxx_strong_enums
    Feature record: CXX_FEATURE:1cxx_template_template_parameters
    Feature record: CXX_FEATURE:0cxx_thread_local
    Feature record: CXX_FEATURE:1cxx_trailing_return_types
    Feature record: CXX_FEATURE:1cxx_unicode_literals
    Feature record: CXX_FEATURE:1cxx_uniform_initialization
    Feature record: CXX_FEATURE:1cxx_unrestricted_unions
    Feature record: CXX_FEATURE:1cxx_user_literals
    Feature record: CXX_FEATURE:0cxx_variable_templates
    Feature record: CXX_FEATURE:1cxx_variadic_macros
    Feature record: CXX_FEATURE:1cxx_variadic_templates


Detecting CXX [-std=c++98] compiler features compiled with the following output:
Change Dir: /Users/jpchen/jstorch/torch.js/libTH/build/CMakeFiles/CMakeTmp

Run Build Command:"/usr/bin/make" "cmTC_d8bcf/fast"
/Applications/Xcode.app/Contents/Developer/usr/bin/make -f CMakeFiles/cmTC_d8bcf.dir/build.make CMakeFiles/cmTC_d8bcf.dir/build
Building CXX object CMakeFiles/cmTC_d8bcf.dir/feature_tests.cxx.o
/Applications/Xcode.app/Contents/Developer/Toolchains/XcodeDefault.xctoolchain/usr/bin/c++     -std=c++98 -o CMakeFiles/cmTC_d8bcf.dir/feature_tests.cxx.o -c /Users/jpchen/jstorch/torch.js/libTH/build/CMakeFiles/feature_tests.cxx
Linking CXX executable cmTC_d8bcf
/usr/local/Cellar/cmake/3.7.2/bin/cmake -E cmake_link_script CMakeFiles/cmTC_d8bcf.dir/link.txt --verbose=1
/Applications/Xcode.app/Contents/Developer/Toolchains/XcodeDefault.xctoolchain/usr/bin/c++     -Wl,-search_paths_first -Wl,-headerpad_max_install_names   CMakeFiles/cmTC_d8bcf.dir/feature_tests.cxx.o  -o cmTC_d8bcf  


    Feature record: CXX_FEATURE:0cxx_aggregate_default_initializers
    Feature record: CXX_FEATURE:0cxx_alias_templates
    Feature record: CXX_FEATURE:0cxx_alignas
    Feature record: CXX_FEATURE:0cxx_alignof
    Feature record: CXX_FEATURE:0cxx_attributes
    Feature record: CXX_FEATURE:0cxx_attribute_deprecated
    Feature record: CXX_FEATURE:0cxx_auto_type
    Feature record: CXX_FEATURE:0cxx_binary_literals
    Feature record: CXX_FEATURE:0cxx_constexpr
    Feature record: CXX_FEATURE:0cxx_contextual_conversions
    Feature record: CXX_FEATURE:0cxx_decltype
    Feature record: CXX_FEATURE:0cxx_decltype_auto
    Feature record: CXX_FEATURE:0cxx_decltype_incomplete_return_types
    Feature record: CXX_FEATURE:0cxx_default_function_template_args
    Feature record: CXX_FEATURE:0cxx_defaulted_functions
    Feature record: CXX_FEATURE:0cxx_defaulted_move_initializers
    Feature record: CXX_FEATURE:0cxx_delegating_constructors
    Feature record: CXX_FEATURE:0cxx_deleted_functions
    Feature record: CXX_FEATURE:0cxx_digit_separators
    Feature record: CXX_FEATURE:0cxx_enum_forward_declarations
    Feature record: CXX_FEATURE:0cxx_explicit_conversions
    Feature record: CXX_FEATURE:0cxx_extended_friend_declarations
    Feature record: CXX_FEATURE:0cxx_extern_templates
    Feature record: CXX_FEATURE:0cxx_final
    Feature record: CXX_FEATURE:0cxx_func_identifier
    Feature record: CXX_FEATURE:0cxx_generalized_initializers
    Feature record: CXX_FEATURE:0cxx_generic_lambdas
    Feature record: CXX_FEATURE:0cxx_inheriting_constructors
    Feature record: CXX_FEATURE:0cxx_inline_namespaces
    Feature record: CXX_FEATURE:0cxx_lambdas
    Feature record: CXX_FEATURE:0cxx_lambda_init_captures
    Feature record: CXX_FEATURE:0cxx_local_type_template_args
    Feature record: CXX_FEATURE:0cxx_long_long_type
    Feature record: CXX_FEATURE:0cxx_noexcept
    Feature record: CXX_FEATURE:0cxx_nonstatic_member_init
    Feature record: CXX_FEATURE:0cxx_nullptr
    Feature record: CXX_FEATURE:0cxx_override
    Feature record: CXX_FEATURE:0cxx_range_for
    Feature record: CXX_FEATURE:0cxx_raw_string_literals
    Feature record: CXX_FEATURE:0cxx_reference_qualified_functions
    Feature record: CXX_FEATURE:0cxx_relaxed_constexpr
    Feature record: CXX_FEATURE:0cxx_return_type_deduction
    Feature record: CXX_FEATURE:0cxx_right_angle_brackets
    Feature record: CXX_FEATURE:0cxx_rvalue_references
    Feature record: CXX_FEATURE:0cxx_sizeof_member
    Feature record: CXX_FEATURE:0cxx_static_assert
    Feature record: CXX_FEATURE:0cxx_strong_enums
    Feature record: CXX_FEATURE:1cxx_template_template_parameters
    Feature record: CXX_FEATURE:0cxx_thread_local
    Feature record: CXX_FEATURE:0cxx_trailing_return_types
    Feature record: CXX_FEATURE:0cxx_unicode_literals
    Feature record: CXX_FEATURE:0cxx_uniform_initialization
    Feature record: CXX_FEATURE:0cxx_unrestricted_unions
    Feature record: CXX_FEATURE:0cxx_user_literals
    Feature record: CXX_FEATURE:0cxx_variable_templates
    Feature record: CXX_FEATURE:0cxx_variadic_macros
    Feature record: CXX_FEATURE:0cxx_variadic_templates
Performing C SOURCE FILE Test C_HAS_SSE1_1 succeeded with the following output:
Change Dir: /Users/jpchen/jstorch/torch.js/libTH/build/CMakeFiles/CMakeTmp

Run Build Command:"/usr/bin/make" "cmTC_3e3a6/fast"
/Applications/Xcode.app/Contents/Developer/usr/bin/make -f CMakeFiles/cmTC_3e3a6.dir/build.make CMakeFiles/cmTC_3e3a6.dir/build
Building C object CMakeFiles/cmTC_3e3a6.dir/src.c.o
/Applications/Xcode.app/Contents/Developer/Toolchains/XcodeDefault.xctoolchain/usr/bin/cc    -DC_HAS_SSE1_1   -o CMakeFiles/cmTC_3e3a6.dir/src.c.o   -c /Users/jpchen/jstorch/torch.js/libTH/build/CMakeFiles/CMakeTmp/src.c
Linking C executable cmTC_3e3a6
/usr/local/Cellar/cmake/3.7.2/bin/cmake -E cmake_link_script CMakeFiles/cmTC_3e3a6.dir/link.txt --verbose=1
/Applications/Xcode.app/Contents/Developer/Toolchains/XcodeDefault.xctoolchain/usr/bin/cc   -DC_HAS_SSE1_1 -Wl,-search_paths_first -Wl,-headerpad_max_install_names   CMakeFiles/cmTC_3e3a6.dir/src.c.o  -o cmTC_3e3a6  

Return value: 1
Source file was:

  #include <xmmintrin.h>

  int main()
  {
    __m128 a;
    float vals[4] = {0,0,0,0};
    a = _mm_loadu_ps(vals);
    return 0;
  }
Performing C SOURCE FILE Test C_HAS_SSE2_1 succeeded with the following output:
Change Dir: /Users/jpchen/jstorch/torch.js/libTH/build/CMakeFiles/CMakeTmp

Run Build Command:"/usr/bin/make" "cmTC_7fc06/fast"
/Applications/Xcode.app/Contents/Developer/usr/bin/make -f CMakeFiles/cmTC_7fc06.dir/build.make CMakeFiles/cmTC_7fc06.dir/build
Building C object CMakeFiles/cmTC_7fc06.dir/src.c.o
/Applications/Xcode.app/Contents/Developer/Toolchains/XcodeDefault.xctoolchain/usr/bin/cc    -DC_HAS_SSE2_1   -o CMakeFiles/cmTC_7fc06.dir/src.c.o   -c /Users/jpchen/jstorch/torch.js/libTH/build/CMakeFiles/CMakeTmp/src.c
Linking C executable cmTC_7fc06
/usr/local/Cellar/cmake/3.7.2/bin/cmake -E cmake_link_script CMakeFiles/cmTC_7fc06.dir/link.txt --verbose=1
/Applications/Xcode.app/Contents/Developer/Toolchains/XcodeDefault.xctoolchain/usr/bin/cc   -DC_HAS_SSE2_1 -Wl,-search_paths_first -Wl,-headerpad_max_install_names   CMakeFiles/cmTC_7fc06.dir/src.c.o  -o cmTC_7fc06  

Return value: 1
Source file was:

  #include <emmintrin.h>

  int main()
  {
    __m128d a;
    double vals[2] = {0,0};
    a = _mm_loadu_pd(vals);
    return 0;
  }
Performing C SOURCE FILE Test C_HAS_SSE3_1 succeeded with the following output:
Change Dir: /Users/jpchen/jstorch/torch.js/libTH/build/CMakeFiles/CMakeTmp

Run Build Command:"/usr/bin/make" "cmTC_7350a/fast"
/Applications/Xcode.app/Contents/Developer/usr/bin/make -f CMakeFiles/cmTC_7350a.dir/build.make CMakeFiles/cmTC_7350a.dir/build
Building C object CMakeFiles/cmTC_7350a.dir/src.c.o
/Applications/Xcode.app/Contents/Developer/Toolchains/XcodeDefault.xctoolchain/usr/bin/cc    -DC_HAS_SSE3_1   -o CMakeFiles/cmTC_7350a.dir/src.c.o   -c /Users/jpchen/jstorch/torch.js/libTH/build/CMakeFiles/CMakeTmp/src.c
Linking C executable cmTC_7350a
/usr/local/Cellar/cmake/3.7.2/bin/cmake -E cmake_link_script CMakeFiles/cmTC_7350a.dir/link.txt --verbose=1
/Applications/Xcode.app/Contents/Developer/Toolchains/XcodeDefault.xctoolchain/usr/bin/cc   -DC_HAS_SSE3_1 -Wl,-search_paths_first -Wl,-headerpad_max_install_names   CMakeFiles/cmTC_7350a.dir/src.c.o  -o cmTC_7350a  

Return value: 1
Source file was:

  #include <pmmintrin.h>

  int main( )
  {
    const int vals[4] = {0,0,0,0};
    __m128i a;
    a = _mm_lddqu_si128( (const __m128i*)vals );
    return 0;
  }
Performing C SOURCE FILE Test C_HAS_SSE4_1_2 succeeded with the following output:
Change Dir: /Users/jpchen/jstorch/torch.js/libTH/build/CMakeFiles/CMakeTmp

Run Build Command:"/usr/bin/make" "cmTC_fed82/fast"
/Applications/Xcode.app/Contents/Developer/usr/bin/make -f CMakeFiles/cmTC_fed82.dir/build.make CMakeFiles/cmTC_fed82.dir/build
Building C object CMakeFiles/cmTC_fed82.dir/src.c.o
/Applications/Xcode.app/Contents/Developer/Toolchains/XcodeDefault.xctoolchain/usr/bin/cc    -DC_HAS_SSE4_1_2 -msse4.1   -o CMakeFiles/cmTC_fed82.dir/src.c.o   -c /Users/jpchen/jstorch/torch.js/libTH/build/CMakeFiles/CMakeTmp/src.c
/Users/jpchen/jstorch/torch.js/libTH/build/CMakeFiles/CMakeTmp/src.c:6:22: warning: excess elements in vector initializer
    __m128i a = {0,0,0,0}, b = {0,0,0,0};
                     ^
/Users/jpchen/jstorch/torch.js/libTH/build/CMakeFiles/CMakeTmp/src.c:6:37: warning: excess elements in vector initializer
    __m128i a = {0,0,0,0}, b = {0,0,0,0};
                                    ^
2 warnings generated.
Linking C executable cmTC_fed82
/usr/local/Cellar/cmake/3.7.2/bin/cmake -E cmake_link_script CMakeFiles/cmTC_fed82.dir/link.txt --verbose=1
/Applications/Xcode.app/Contents/Developer/Toolchains/XcodeDefault.xctoolchain/usr/bin/cc   -DC_HAS_SSE4_1_2 -msse4.1 -Wl,-search_paths_first -Wl,-headerpad_max_install_names   CMakeFiles/cmTC_fed82.dir/src.c.o  -o cmTC_fed82  

Return value: 1
Source file was:

  #include <smmintrin.h>

  int main ()
  {
    __m128i a = {0,0,0,0}, b = {0,0,0,0};
    __m128i res = _mm_max_epi8(a, b);

    return 0;
  }

Performing C SOURCE FILE Test C_HAS_SSE4_2_2 succeeded with the following output:
Change Dir: /Users/jpchen/jstorch/torch.js/libTH/build/CMakeFiles/CMakeTmp

Run Build Command:"/usr/bin/make" "cmTC_567cf/fast"
/Applications/Xcode.app/Contents/Developer/usr/bin/make -f CMakeFiles/cmTC_567cf.dir/build.make CMakeFiles/cmTC_567cf.dir/build
Building C object CMakeFiles/cmTC_567cf.dir/src.c.o
/Applications/Xcode.app/Contents/Developer/Toolchains/XcodeDefault.xctoolchain/usr/bin/cc    -DC_HAS_SSE4_2_2 -msse4.2   -o CMakeFiles/cmTC_567cf.dir/src.c.o   -c /Users/jpchen/jstorch/torch.js/libTH/build/CMakeFiles/CMakeTmp/src.c
/Users/jpchen/jstorch/torch.js/libTH/build/CMakeFiles/CMakeTmp/src.c:6:22: warning: excess elements in vector initializer
    __m128i a = {0,0,0,0}, b = {0,0,0,0}, c = {0,0,0,0};
                     ^
/Users/jpchen/jstorch/torch.js/libTH/build/CMakeFiles/CMakeTmp/src.c:6:37: warning: excess elements in vector initializer
    __m128i a = {0,0,0,0}, b = {0,0,0,0}, c = {0,0,0,0};
                                    ^
/Users/jpchen/jstorch/torch.js/libTH/build/CMakeFiles/CMakeTmp/src.c:6:52: warning: excess elements in vector initializer
    __m128i a = {0,0,0,0}, b = {0,0,0,0}, c = {0,0,0,0};
                                                   ^
3 warnings generated.
Linking C executable cmTC_567cf
/usr/local/Cellar/cmake/3.7.2/bin/cmake -E cmake_link_script CMakeFiles/cmTC_567cf.dir/link.txt --verbose=1
/Applications/Xcode.app/Contents/Developer/Toolchains/XcodeDefault.xctoolchain/usr/bin/cc   -DC_HAS_SSE4_2_2 -msse4.2 -Wl,-search_paths_first -Wl,-headerpad_max_install_names   CMakeFiles/cmTC_567cf.dir/src.c.o  -o cmTC_567cf  

Return value: 1
Source file was:

  #include <nmmintrin.h>

  int main()
  {
    __m128i a = {0,0,0,0}, b = {0,0,0,0}, c = {0,0,0,0};
    c = _mm_cmpgt_epi64(a, b);
    return 0;
  }

Performing C SOURCE FILE Test C_HAS_AVX_2 succeeded with the following output:
Change Dir: /Users/jpchen/jstorch/torch.js/libTH/build/CMakeFiles/CMakeTmp

Run Build Command:"/usr/bin/make" "cmTC_c0188/fast"
/Applications/Xcode.app/Contents/Developer/usr/bin/make -f CMakeFiles/cmTC_c0188.dir/build.make CMakeFiles/cmTC_c0188.dir/build
Building C object CMakeFiles/cmTC_c0188.dir/src.c.o
/Applications/Xcode.app/Contents/Developer/Toolchains/XcodeDefault.xctoolchain/usr/bin/cc    -DC_HAS_AVX_2 -mavx   -o CMakeFiles/cmTC_c0188.dir/src.c.o   -c /Users/jpchen/jstorch/torch.js/libTH/build/CMakeFiles/CMakeTmp/src.c
Linking C executable cmTC_c0188
/usr/local/Cellar/cmake/3.7.2/bin/cmake -E cmake_link_script CMakeFiles/cmTC_c0188.dir/link.txt --verbose=1
/Applications/Xcode.app/Contents/Developer/Toolchains/XcodeDefault.xctoolchain/usr/bin/cc   -DC_HAS_AVX_2 -mavx -Wl,-search_paths_first -Wl,-headerpad_max_install_names   CMakeFiles/cmTC_c0188.dir/src.c.o  -o cmTC_c0188  

Return value: 1
Source file was:

  #include <immintrin.h>

  int main()
  {
     __m256 a;
    a = _mm256_set1_ps(0);
    return 0;
  }

Performing C SOURCE FILE Test CXX_HAS_SSE1_1 succeeded with the following output:
Change Dir: /Users/jpchen/jstorch/torch.js/libTH/build/CMakeFiles/CMakeTmp

Run Build Command:"/usr/bin/make" "cmTC_f43b0/fast"
/Applications/Xcode.app/Contents/Developer/usr/bin/make -f CMakeFiles/cmTC_f43b0.dir/build.make CMakeFiles/cmTC_f43b0.dir/build
Building C object CMakeFiles/cmTC_f43b0.dir/src.c.o
/Applications/Xcode.app/Contents/Developer/Toolchains/XcodeDefault.xctoolchain/usr/bin/cc    -DCXX_HAS_SSE1_1   -o CMakeFiles/cmTC_f43b0.dir/src.c.o   -c /Users/jpchen/jstorch/torch.js/libTH/build/CMakeFiles/CMakeTmp/src.c
Linking C executable cmTC_f43b0
/usr/local/Cellar/cmake/3.7.2/bin/cmake -E cmake_link_script CMakeFiles/cmTC_f43b0.dir/link.txt --verbose=1
/Applications/Xcode.app/Contents/Developer/Toolchains/XcodeDefault.xctoolchain/usr/bin/cc   -DCXX_HAS_SSE1_1 -Wl,-search_paths_first -Wl,-headerpad_max_install_names   CMakeFiles/cmTC_f43b0.dir/src.c.o  -o cmTC_f43b0  

Return value: 1
Source file was:

  #include <xmmintrin.h>

  int main()
  {
    __m128 a;
    float vals[4] = {0,0,0,0};
    a = _mm_loadu_ps(vals);
    return 0;
  }
Performing C SOURCE FILE Test CXX_HAS_SSE2_1 succeeded with the following output:
Change Dir: /Users/jpchen/jstorch/torch.js/libTH/build/CMakeFiles/CMakeTmp

Run Build Command:"/usr/bin/make" "cmTC_b7573/fast"
/Applications/Xcode.app/Contents/Developer/usr/bin/make -f CMakeFiles/cmTC_b7573.dir/build.make CMakeFiles/cmTC_b7573.dir/build
Building C object CMakeFiles/cmTC_b7573.dir/src.c.o
/Applications/Xcode.app/Contents/Developer/Toolchains/XcodeDefault.xctoolchain/usr/bin/cc    -DCXX_HAS_SSE2_1   -o CMakeFiles/cmTC_b7573.dir/src.c.o   -c /Users/jpchen/jstorch/torch.js/libTH/build/CMakeFiles/CMakeTmp/src.c
Linking C executable cmTC_b7573
/usr/local/Cellar/cmake/3.7.2/bin/cmake -E cmake_link_script CMakeFiles/cmTC_b7573.dir/link.txt --verbose=1
/Applications/Xcode.app/Contents/Developer/Toolchains/XcodeDefault.xctoolchain/usr/bin/cc   -DCXX_HAS_SSE2_1 -Wl,-search_paths_first -Wl,-headerpad_max_install_names   CMakeFiles/cmTC_b7573.dir/src.c.o  -o cmTC_b7573  

Return value: 1
Source file was:

  #include <emmintrin.h>

  int main()
  {
    __m128d a;
    double vals[2] = {0,0};
    a = _mm_loadu_pd(vals);
    return 0;
  }
Performing C SOURCE FILE Test CXX_HAS_SSE3_1 succeeded with the following output:
Change Dir: /Users/jpchen/jstorch/torch.js/libTH/build/CMakeFiles/CMakeTmp

Run Build Command:"/usr/bin/make" "cmTC_56000/fast"
/Applications/Xcode.app/Contents/Developer/usr/bin/make -f CMakeFiles/cmTC_56000.dir/build.make CMakeFiles/cmTC_56000.dir/build
Building C object CMakeFiles/cmTC_56000.dir/src.c.o
/Applications/Xcode.app/Contents/Developer/Toolchains/XcodeDefault.xctoolchain/usr/bin/cc    -DCXX_HAS_SSE3_1   -o CMakeFiles/cmTC_56000.dir/src.c.o   -c /Users/jpchen/jstorch/torch.js/libTH/build/CMakeFiles/CMakeTmp/src.c
Linking C executable cmTC_56000
/usr/local/Cellar/cmake/3.7.2/bin/cmake -E cmake_link_script CMakeFiles/cmTC_56000.dir/link.txt --verbose=1
/Applications/Xcode.app/Contents/Developer/Toolchains/XcodeDefault.xctoolchain/usr/bin/cc   -DCXX_HAS_SSE3_1 -Wl,-search_paths_first -Wl,-headerpad_max_install_names   CMakeFiles/cmTC_56000.dir/src.c.o  -o cmTC_56000  

Return value: 1
Source file was:

  #include <pmmintrin.h>

  int main( )
  {
    const int vals[4] = {0,0,0,0};
    __m128i a;
    a = _mm_lddqu_si128( (const __m128i*)vals );
    return 0;
  }
Performing C SOURCE FILE Test CXX_HAS_SSE4_1_2 succeeded with the following output:
Change Dir: /Users/jpchen/jstorch/torch.js/libTH/build/CMakeFiles/CMakeTmp

Run Build Command:"/usr/bin/make" "cmTC_403f6/fast"
/Applications/Xcode.app/Contents/Developer/usr/bin/make -f CMakeFiles/cmTC_403f6.dir/build.make CMakeFiles/cmTC_403f6.dir/build
Building C object CMakeFiles/cmTC_403f6.dir/src.c.o
/Applications/Xcode.app/Contents/Developer/Toolchains/XcodeDefault.xctoolchain/usr/bin/cc    -DCXX_HAS_SSE4_1_2 -msse4.1   -o CMakeFiles/cmTC_403f6.dir/src.c.o   -c /Users/jpchen/jstorch/torch.js/libTH/build/CMakeFiles/CMakeTmp/src.c
/Users/jpchen/jstorch/torch.js/libTH/build/CMakeFiles/CMakeTmp/src.c:6:22: warning: excess elements in vector initializer
    __m128i a = {0,0,0,0}, b = {0,0,0,0};
                     ^
/Users/jpchen/jstorch/torch.js/libTH/build/CMakeFiles/CMakeTmp/src.c:6:37: warning: excess elements in vector initializer
    __m128i a = {0,0,0,0}, b = {0,0,0,0};
                                    ^
2 warnings generated.
Linking C executable cmTC_403f6
/usr/local/Cellar/cmake/3.7.2/bin/cmake -E cmake_link_script CMakeFiles/cmTC_403f6.dir/link.txt --verbose=1
/Applications/Xcode.app/Contents/Developer/Toolchains/XcodeDefault.xctoolchain/usr/bin/cc   -DCXX_HAS_SSE4_1_2 -msse4.1 -Wl,-search_paths_first -Wl,-headerpad_max_install_names   CMakeFiles/cmTC_403f6.dir/src.c.o  -o cmTC_403f6  

Return value: 1
Source file was:

  #include <smmintrin.h>

  int main ()
  {
    __m128i a = {0,0,0,0}, b = {0,0,0,0};
    __m128i res = _mm_max_epi8(a, b);

    return 0;
  }

Performing C SOURCE FILE Test CXX_HAS_SSE4_2_2 succeeded with the following output:
Change Dir: /Users/jpchen/jstorch/torch.js/libTH/build/CMakeFiles/CMakeTmp

Run Build Command:"/usr/bin/make" "cmTC_56b0a/fast"
/Applications/Xcode.app/Contents/Developer/usr/bin/make -f CMakeFiles/cmTC_56b0a.dir/build.make CMakeFiles/cmTC_56b0a.dir/build
Building C object CMakeFiles/cmTC_56b0a.dir/src.c.o
/Applications/Xcode.app/Contents/Developer/Toolchains/XcodeDefault.xctoolchain/usr/bin/cc    -DCXX_HAS_SSE4_2_2 -msse4.2   -o CMakeFiles/cmTC_56b0a.dir/src.c.o   -c /Users/jpchen/jstorch/torch.js/libTH/build/CMakeFiles/CMakeTmp/src.c
/Users/jpchen/jstorch/torch.js/libTH/build/CMakeFiles/CMakeTmp/src.c:6:22: warning: excess elements in vector initializer
    __m128i a = {0,0,0,0}, b = {0,0,0,0}, c = {0,0,0,0};
                     ^
/Users/jpchen/jstorch/torch.js/libTH/build/CMakeFiles/CMakeTmp/src.c:6:37: warning: excess elements in vector initializer
    __m128i a = {0,0,0,0}, b = {0,0,0,0}, c = {0,0,0,0};
                                    ^
/Users/jpchen/jstorch/torch.js/libTH/build/CMakeFiles/CMakeTmp/src.c:6:52: warning: excess elements in vector initializer
    __m128i a = {0,0,0,0}, b = {0,0,0,0}, c = {0,0,0,0};
                                                   ^
3 warnings generated.
Linking C executable cmTC_56b0a
/usr/local/Cellar/cmake/3.7.2/bin/cmake -E cmake_link_script CMakeFiles/cmTC_56b0a.dir/link.txt --verbose=1
/Applications/Xcode.app/Contents/Developer/Toolchains/XcodeDefault.xctoolchain/usr/bin/cc   -DCXX_HAS_SSE4_2_2 -msse4.2 -Wl,-search_paths_first -Wl,-headerpad_max_install_names   CMakeFiles/cmTC_56b0a.dir/src.c.o  -o cmTC_56b0a  

Return value: 1
Source file was:

  #include <nmmintrin.h>

  int main()
  {
    __m128i a = {0,0,0,0}, b = {0,0,0,0}, c = {0,0,0,0};
    c = _mm_cmpgt_epi64(a, b);
    return 0;
  }

Performing C SOURCE FILE Test HAS_GCC_ATOMICS succeeded with the following output:
Change Dir: /Users/jpchen/jstorch/torch.js/libTH/build/CMakeFiles/CMakeTmp

Run Build Command:"/usr/bin/make" "cmTC_39a94/fast"
/Applications/Xcode.app/Contents/Developer/usr/bin/make -f CMakeFiles/cmTC_39a94.dir/build.make CMakeFiles/cmTC_39a94.dir/build
Building C object CMakeFiles/cmTC_39a94.dir/src.c.o
/Applications/Xcode.app/Contents/Developer/Toolchains/XcodeDefault.xctoolchain/usr/bin/cc    -DUSE_AVX -msse4.2 -DUSE_SSE4_2 -msse4.1 -DUSE_SSE4_1   -DUSE_SSE3   -DUSE_SSE2  -DHAS_GCC_ATOMICS   -o CMakeFiles/cmTC_39a94.dir/src.c.o   -c /Users/jpchen/jstorch/torch.js/libTH/build/CMakeFiles/CMakeTmp/src.c
Linking C executable cmTC_39a94
/usr/local/Cellar/cmake/3.7.2/bin/cmake -E cmake_link_script CMakeFiles/cmTC_39a94.dir/link.txt --verbose=1
/Applications/Xcode.app/Contents/Developer/Toolchains/XcodeDefault.xctoolchain/usr/bin/cc  -DUSE_AVX -msse4.2 -DUSE_SSE4_2 -msse4.1 -DUSE_SSE4_1   -DUSE_SSE3   -DUSE_SSE2  -DHAS_GCC_ATOMICS -Wl,-search_paths_first -Wl,-headerpad_max_install_names   CMakeFiles/cmTC_39a94.dir/src.c.o  -o cmTC_39a94  

Return value: 1
Source file was:

int main()
{
  int a;
  __sync_lock_test_and_set(&a, 1);
  __sync_fetch_and_add(&a, 1);
  if(!__sync_bool_compare_and_swap(&a, 2, 3))
    return -1;
  return 0;
}

Determining if the include file sys/types.h exists passed with the following output:
Change Dir: /Users/jpchen/jstorch/torch.js/libTH/build/CMakeFiles/CMakeTmp

Run Build Command:"/usr/bin/make" "cmTC_6e1e1/fast"
/Applications/Xcode.app/Contents/Developer/usr/bin/make -f CMakeFiles/cmTC_6e1e1.dir/build.make CMakeFiles/cmTC_6e1e1.dir/build
Building C object CMakeFiles/cmTC_6e1e1.dir/CheckIncludeFile.c.o
/Applications/Xcode.app/Contents/Developer/Toolchains/XcodeDefault.xctoolchain/usr/bin/cc    -DUSE_AVX -msse4.2 -DUSE_SSE4_2 -msse4.1 -DUSE_SSE4_1   -DUSE_SSE3   -DUSE_SSE2     -o CMakeFiles/cmTC_6e1e1.dir/CheckIncludeFile.c.o   -c /Users/jpchen/jstorch/torch.js/libTH/build/CMakeFiles/CMakeTmp/CheckIncludeFile.c
Linking C executable cmTC_6e1e1
/usr/local/Cellar/cmake/3.7.2/bin/cmake -E cmake_link_script CMakeFiles/cmTC_6e1e1.dir/link.txt --verbose=1
/Applications/Xcode.app/Contents/Developer/Toolchains/XcodeDefault.xctoolchain/usr/bin/cc  -DUSE_AVX -msse4.2 -DUSE_SSE4_2 -msse4.1 -DUSE_SSE4_1   -DUSE_SSE3   -DUSE_SSE2   -Wl,-search_paths_first -Wl,-headerpad_max_install_names   CMakeFiles/cmTC_6e1e1.dir/CheckIncludeFile.c.o  -o cmTC_6e1e1  


Determining if the include file stdint.h exists passed with the following output:
Change Dir: /Users/jpchen/jstorch/torch.js/libTH/build/CMakeFiles/CMakeTmp

Run Build Command:"/usr/bin/make" "cmTC_27907/fast"
/Applications/Xcode.app/Contents/Developer/usr/bin/make -f CMakeFiles/cmTC_27907.dir/build.make CMakeFiles/cmTC_27907.dir/build
Building C object CMakeFiles/cmTC_27907.dir/CheckIncludeFile.c.o
/Applications/Xcode.app/Contents/Developer/Toolchains/XcodeDefault.xctoolchain/usr/bin/cc    -DUSE_AVX -msse4.2 -DUSE_SSE4_2 -msse4.1 -DUSE_SSE4_1   -DUSE_SSE3   -DUSE_SSE2     -o CMakeFiles/cmTC_27907.dir/CheckIncludeFile.c.o   -c /Users/jpchen/jstorch/torch.js/libTH/build/CMakeFiles/CMakeTmp/CheckIncludeFile.c
Linking C executable cmTC_27907
/usr/local/Cellar/cmake/3.7.2/bin/cmake -E cmake_link_script CMakeFiles/cmTC_27907.dir/link.txt --verbose=1
/Applications/Xcode.app/Contents/Developer/Toolchains/XcodeDefault.xctoolchain/usr/bin/cc  -DUSE_AVX -msse4.2 -DUSE_SSE4_2 -msse4.1 -DUSE_SSE4_1   -DUSE_SSE3   -DUSE_SSE2   -Wl,-search_paths_first -Wl,-headerpad_max_install_names   CMakeFiles/cmTC_27907.dir/CheckIncludeFile.c.o  -o cmTC_27907  


Determining if the include file stddef.h exists passed with the following output:
Change Dir: /Users/jpchen/jstorch/torch.js/libTH/build/CMakeFiles/CMakeTmp

Run Build Command:"/usr/bin/make" "cmTC_910cb/fast"
/Applications/Xcode.app/Contents/Developer/usr/bin/make -f CMakeFiles/cmTC_910cb.dir/build.make CMakeFiles/cmTC_910cb.dir/build
Building C object CMakeFiles/cmTC_910cb.dir/CheckIncludeFile.c.o
/Applications/Xcode.app/Contents/Developer/Toolchains/XcodeDefault.xctoolchain/usr/bin/cc    -DUSE_AVX -msse4.2 -DUSE_SSE4_2 -msse4.1 -DUSE_SSE4_1   -DUSE_SSE3   -DUSE_SSE2     -o CMakeFiles/cmTC_910cb.dir/CheckIncludeFile.c.o   -c /Users/jpchen/jstorch/torch.js/libTH/build/CMakeFiles/CMakeTmp/CheckIncludeFile.c
Linking C executable cmTC_910cb
/usr/local/Cellar/cmake/3.7.2/bin/cmake -E cmake_link_script CMakeFiles/cmTC_910cb.dir/link.txt --verbose=1
/Applications/Xcode.app/Contents/Developer/Toolchains/XcodeDefault.xctoolchain/usr/bin/cc  -DUSE_AVX -msse4.2 -DUSE_SSE4_2 -msse4.1 -DUSE_SSE4_1   -DUSE_SSE3   -DUSE_SSE2   -Wl,-search_paths_first -Wl,-headerpad_max_install_names   CMakeFiles/cmTC_910cb.dir/CheckIncludeFile.c.o  -o cmTC_910cb  


Determining size of void* passed with the following output:
Change Dir: /Users/jpchen/jstorch/torch.js/libTH/build/CMakeFiles/CMakeTmp

Run Build Command:"/usr/bin/make" "cmTC_f59ad/fast"
/Applications/Xcode.app/Contents/Developer/usr/bin/make -f CMakeFiles/cmTC_f59ad.dir/build.make CMakeFiles/cmTC_f59ad.dir/build
Building C object CMakeFiles/cmTC_f59ad.dir/SIZE_OF_VOIDP.c.o
/Applications/Xcode.app/Contents/Developer/Toolchains/XcodeDefault.xctoolchain/usr/bin/cc    -DUSE_AVX -msse4.2 -DUSE_SSE4_2 -msse4.1 -DUSE_SSE4_1   -DUSE_SSE3   -DUSE_SSE2     -o CMakeFiles/cmTC_f59ad.dir/SIZE_OF_VOIDP.c.o   -c /Users/jpchen/jstorch/torch.js/libTH/build/CMakeFiles/CheckTypeSize/SIZE_OF_VOIDP.c
Linking C executable cmTC_f59ad
/usr/local/Cellar/cmake/3.7.2/bin/cmake -E cmake_link_script CMakeFiles/cmTC_f59ad.dir/link.txt --verbose=1
/Applications/Xcode.app/Contents/Developer/Toolchains/XcodeDefault.xctoolchain/usr/bin/cc  -DUSE_AVX -msse4.2 -DUSE_SSE4_2 -msse4.1 -DUSE_SSE4_1   -DUSE_SSE3   -DUSE_SSE2   -Wl,-search_paths_first -Wl,-headerpad_max_install_names   CMakeFiles/cmTC_f59ad.dir/SIZE_OF_VOIDP.c.o  -o cmTC_f59ad  


Determining if the function sgemm_ exists passed with the following output:
Change Dir: /Users/jpchen/jstorch/torch.js/libTH/build/CMakeFiles/CMakeTmp

Run Build Command:"/usr/bin/make" "cmTC_d0d80/fast"
/Applications/Xcode.app/Contents/Developer/usr/bin/make -f CMakeFiles/cmTC_d0d80.dir/build.make CMakeFiles/cmTC_d0d80.dir/build
Building C object CMakeFiles/cmTC_d0d80.dir/CheckFunctionExists.c.o
/Applications/Xcode.app/Contents/Developer/Toolchains/XcodeDefault.xctoolchain/usr/bin/cc    -DUSE_AVX -msse4.2 -DUSE_SSE4_2 -msse4.1 -DUSE_SSE4_1   -DUSE_SSE3   -DUSE_SSE2  -DCHECK_FUNCTION_EXISTS=sgemm_   -o CMakeFiles/cmTC_d0d80.dir/CheckFunctionExists.c.o   -c /usr/local/Cellar/cmake/3.7.2/share/cmake/Modules/CheckFunctionExists.c
Linking C executable cmTC_d0d80
/usr/local/Cellar/cmake/3.7.2/bin/cmake -E cmake_link_script CMakeFiles/cmTC_d0d80.dir/link.txt --verbose=1
/Applications/Xcode.app/Contents/Developer/Toolchains/XcodeDefault.xctoolchain/usr/bin/cc  -DUSE_AVX -msse4.2 -DUSE_SSE4_2 -msse4.1 -DUSE_SSE4_1   -DUSE_SSE3   -DUSE_SSE2  -DCHECK_FUNCTION_EXISTS=sgemm_ -Wl,-search_paths_first -Wl,-headerpad_max_install_names   CMakeFiles/cmTC_d0d80.dir/CheckFunctionExists.c.o  -o cmTC_d0d80  -framework Accelerate 


Performing C SOURCE FILE Test BLAS_F2C_DOUBLE_WORKS succeeded with the following output:
Change Dir: /Users/jpchen/jstorch/torch.js/libTH/build/CMakeFiles/CMakeTmp

Run Build Command:"/usr/bin/make" "cmTC_009b5/fast"
/Applications/Xcode.app/Contents/Developer/usr/bin/make -f CMakeFiles/cmTC_009b5.dir/build.make CMakeFiles/cmTC_009b5.dir/build
Building C object CMakeFiles/cmTC_009b5.dir/src.c.o
/Applications/Xcode.app/Contents/Developer/Toolchains/XcodeDefault.xctoolchain/usr/bin/cc    -DUSE_AVX -msse4.2 -DUSE_SSE4_2 -msse4.1 -DUSE_SSE4_1   -DUSE_SSE3   -DUSE_SSE2  -DBLAS_F2C_DOUBLE_WORKS   -o CMakeFiles/cmTC_009b5.dir/src.c.o   -c /Users/jpchen/jstorch/torch.js/libTH/build/CMakeFiles/CMakeTmp/src.c
Linking C executable cmTC_009b5
/usr/local/Cellar/cmake/3.7.2/bin/cmake -E cmake_link_script CMakeFiles/cmTC_009b5.dir/link.txt --verbose=1
/Applications/Xcode.app/Contents/Developer/Toolchains/XcodeDefault.xctoolchain/usr/bin/cc  -DUSE_AVX -msse4.2 -DUSE_SSE4_2 -msse4.1 -DUSE_SSE4_1   -DUSE_SSE3   -DUSE_SSE2  -DBLAS_F2C_DOUBLE_WORKS -Wl,-search_paths_first -Wl,-headerpad_max_install_names   CMakeFiles/cmTC_009b5.dir/src.c.o  -o cmTC_009b5  -framework Accelerate 

Return value: 1
Source file was:

#include <stdlib.h>
#include <stdio.h>
float x[4] = { 1, 2, 3, 4 };
float y[4] = { .1, .01, .001, .0001 };
int four = 4;
int one = 1;
extern double sdot_();
int main() {
  int i;
  double r = sdot_(&four, x, &one, y, &one);
  exit((float)r != (float).1234);
}
Determining if the function cheev_ exists passed with the following output:
Change Dir: /Users/jpchen/jstorch/torch.js/libTH/build/CMakeFiles/CMakeTmp

Run Build Command:"/usr/bin/make" "cmTC_16cb7/fast"
/Applications/Xcode.app/Contents/Developer/usr/bin/make -f CMakeFiles/cmTC_16cb7.dir/build.make CMakeFiles/cmTC_16cb7.dir/build
Building C object CMakeFiles/cmTC_16cb7.dir/CheckFunctionExists.c.o
/Applications/Xcode.app/Contents/Developer/Toolchains/XcodeDefault.xctoolchain/usr/bin/cc    -DUSE_AVX -msse4.2 -DUSE_SSE4_2 -msse4.1 -DUSE_SSE4_1   -DUSE_SSE3   -DUSE_SSE2  -DCHECK_FUNCTION_EXISTS=cheev_   -o CMakeFiles/cmTC_16cb7.dir/CheckFunctionExists.c.o   -c /usr/local/Cellar/cmake/3.7.2/share/cmake/Modules/CheckFunctionExists.c
Linking C executable cmTC_16cb7
/usr/local/Cellar/cmake/3.7.2/bin/cmake -E cmake_link_script CMakeFiles/cmTC_16cb7.dir/link.txt --verbose=1
/Applications/Xcode.app/Contents/Developer/Toolchains/XcodeDefault.xctoolchain/usr/bin/cc  -DUSE_AVX -msse4.2 -DUSE_SSE4_2 -msse4.1 -DUSE_SSE4_1   -DUSE_SSE3   -DUSE_SSE2  -DCHECK_FUNCTION_EXISTS=cheev_ -Wl,-search_paths_first -Wl,-headerpad_max_install_names   CMakeFiles/cmTC_16cb7.dir/CheckFunctionExists.c.o  -o cmTC_16cb7  -framework Accelerate 


Determining if the function mmap exists passed with the following output:
Change Dir: /Users/jpchen/jstorch/torch.js/libTH/build/CMakeFiles/CMakeTmp

Run Build Command:"/usr/bin/make" "cmTC_072e9/fast"
/Applications/Xcode.app/Contents/Developer/usr/bin/make -f CMakeFiles/cmTC_072e9.dir/build.make CMakeFiles/cmTC_072e9.dir/build
Building C object CMakeFiles/cmTC_072e9.dir/CheckFunctionExists.c.o
/Applications/Xcode.app/Contents/Developer/Toolchains/XcodeDefault.xctoolchain/usr/bin/cc    -DUSE_AVX -msse4.2 -DUSE_SSE4_2 -msse4.1 -DUSE_SSE4_1   -DUSE_SSE3   -DUSE_SSE2  -DCHECK_FUNCTION_EXISTS=mmap   -o CMakeFiles/cmTC_072e9.dir/CheckFunctionExists.c.o   -c /usr/local/Cellar/cmake/3.7.2/share/cmake/Modules/CheckFunctionExists.c
Linking C executable cmTC_072e9
/usr/local/Cellar/cmake/3.7.2/bin/cmake -E cmake_link_script CMakeFiles/cmTC_072e9.dir/link.txt --verbose=1
/Applications/Xcode.app/Contents/Developer/Toolchains/XcodeDefault.xctoolchain/usr/bin/cc  -DUSE_AVX -msse4.2 -DUSE_SSE4_2 -msse4.1 -DUSE_SSE4_1   -DUSE_SSE3   -DUSE_SSE2  -DCHECK_FUNCTION_EXISTS=mmap -Wl,-search_paths_first -Wl,-headerpad_max_install_names   CMakeFiles/cmTC_072e9.dir/CheckFunctionExists.c.o  -o cmTC_072e9  -framework Accelerate 


Determining if the function shm_open exists passed with the following output:
Change Dir: /Users/jpchen/jstorch/torch.js/libTH/build/CMakeFiles/CMakeTmp

Run Build Command:"/usr/bin/make" "cmTC_5557e/fast"
/Applications/Xcode.app/Contents/Developer/usr/bin/make -f CMakeFiles/cmTC_5557e.dir/build.make CMakeFiles/cmTC_5557e.dir/build
Building C object CMakeFiles/cmTC_5557e.dir/CheckFunctionExists.c.o
/Applications/Xcode.app/Contents/Developer/Toolchains/XcodeDefault.xctoolchain/usr/bin/cc    -DUSE_AVX -msse4.2 -DUSE_SSE4_2 -msse4.1 -DUSE_SSE4_1   -DUSE_SSE3   -DUSE_SSE2  -DCHECK_FUNCTION_EXISTS=shm_open   -o CMakeFiles/cmTC_5557e.dir/CheckFunctionExists.c.o   -c /usr/local/Cellar/cmake/3.7.2/share/cmake/Modules/CheckFunctionExists.c
Linking C executable cmTC_5557e
/usr/local/Cellar/cmake/3.7.2/bin/cmake -E cmake_link_script CMakeFiles/cmTC_5557e.dir/link.txt --verbose=1
/Applications/Xcode.app/Contents/Developer/Toolchains/XcodeDefault.xctoolchain/usr/bin/cc  -DUSE_AVX -msse4.2 -DUSE_SSE4_2 -msse4.1 -DUSE_SSE4_1   -DUSE_SSE3   -DUSE_SSE2  -DCHECK_FUNCTION_EXISTS=shm_open -Wl,-search_paths_first -Wl,-headerpad_max_install_names   CMakeFiles/cmTC_5557e.dir/CheckFunctionExists.c.o  -o cmTC_5557e  -framework Accelerate 


Determining if the function shm_unlink exists passed with the following output:
Change Dir: /Users/jpchen/jstorch/torch.js/libTH/build/CMakeFiles/CMakeTmp

Run Build Command:"/usr/bin/make" "cmTC_1a846/fast"
/Applications/Xcode.app/Contents/Developer/usr/bin/make -f CMakeFiles/cmTC_1a846.dir/build.make CMakeFiles/cmTC_1a846.dir/build
Building C object CMakeFiles/cmTC_1a846.dir/CheckFunctionExists.c.o
/Applications/Xcode.app/Contents/Developer/Toolchains/XcodeDefault.xctoolchain/usr/bin/cc    -DUSE_AVX -msse4.2 -DUSE_SSE4_2 -msse4.1 -DUSE_SSE4_1   -DUSE_SSE3   -DUSE_SSE2  -DCHECK_FUNCTION_EXISTS=shm_unlink   -o CMakeFiles/cmTC_1a846.dir/CheckFunctionExists.c.o   -c /usr/local/Cellar/cmake/3.7.2/share/cmake/Modules/CheckFunctionExists.c
Linking C executable cmTC_1a846
/usr/local/Cellar/cmake/3.7.2/bin/cmake -E cmake_link_script CMakeFiles/cmTC_1a846.dir/link.txt --verbose=1
/Applications/Xcode.app/Contents/Developer/Toolchains/XcodeDefault.xctoolchain/usr/bin/cc  -DUSE_AVX -msse4.2 -DUSE_SSE4_2 -msse4.1 -DUSE_SSE4_1   -DUSE_SSE3   -DUSE_SSE2  -DCHECK_FUNCTION_EXISTS=shm_unlink -Wl,-search_paths_first -Wl,-headerpad_max_install_names   CMakeFiles/cmTC_1a846.dir/CheckFunctionExists.c.o  -o cmTC_1a846  -framework Accelerate 


Performing C SOURCE FILE Test C_HAS_inline succeeded with the following output:
Change Dir: /Users/jpchen/jstorch/torch.js/libTH/build/CMakeFiles/CMakeTmp

Run Build Command:"/usr/bin/make" "cmTC_9ebf6/fast"
/Applications/Xcode.app/Contents/Developer/usr/bin/make -f CMakeFiles/cmTC_9ebf6.dir/build.make CMakeFiles/cmTC_9ebf6.dir/build
Building C object CMakeFiles/cmTC_9ebf6.dir/src.c.o
/Applications/Xcode.app/Contents/Developer/Toolchains/XcodeDefault.xctoolchain/usr/bin/cc    -DUSE_AVX -msse4.2 -DUSE_SSE4_2 -msse4.1 -DUSE_SSE4_1   -DUSE_SSE3   -DUSE_SSE2  -DC_HAS_inline -Dinline=inline -DUSE_AVX -msse4.2 -DUSE_SSE4_2 -msse4.1 -DUSE_SSE4_1   -DUSE_SSE3   -DUSE_SSE2   -o CMakeFiles/cmTC_9ebf6.dir/src.c.o   -c /Users/jpchen/jstorch/torch.js/libTH/build/CMakeFiles/CMakeTmp/src.c
Linking C executable cmTC_9ebf6
/usr/local/Cellar/cmake/3.7.2/bin/cmake -E cmake_link_script CMakeFiles/cmTC_9ebf6.dir/link.txt --verbose=1
/Applications/Xcode.app/Contents/Developer/Toolchains/XcodeDefault.xctoolchain/usr/bin/cc  -DUSE_AVX -msse4.2 -DUSE_SSE4_2 -msse4.1 -DUSE_SSE4_1   -DUSE_SSE3   -DUSE_SSE2  -DC_HAS_inline -Dinline=inline -DUSE_AVX -msse4.2 -DUSE_SSE4_2 -msse4.1 -DUSE_SSE4_1   -DUSE_SSE3   -DUSE_SSE2 -Wl,-search_paths_first -Wl,-headerpad_max_install_names   CMakeFiles/cmTC_9ebf6.dir/src.c.o  -o cmTC_9ebf6  -framework Accelerate 

Return value: 1
Source file was:

       static inline int static_foo()
       {
         return 0;
       }

       int main(int argc, char *argv[])
       {
         static_foo();
         return 0;
       }
Performing C SOURCE FILE Test C_HAS_THREAD succeeded with the following output:
Change Dir: /Users/jpchen/jstorch/torch.js/libTH/build/CMakeFiles/CMakeTmp

Run Build Command:"/usr/bin/make" "cmTC_e6b43/fast"
/Applications/Xcode.app/Contents/Developer/usr/bin/make -f CMakeFiles/cmTC_e6b43.dir/build.make CMakeFiles/cmTC_e6b43.dir/build
Building C object CMakeFiles/cmTC_e6b43.dir/src.c.o
/Applications/Xcode.app/Contents/Developer/Toolchains/XcodeDefault.xctoolchain/usr/bin/cc    -DUSE_AVX -msse4.2 -DUSE_SSE4_2 -msse4.1 -DUSE_SSE4_1   -DUSE_SSE3   -DUSE_SSE2  -DC_HAS_THREAD   -o CMakeFiles/cmTC_e6b43.dir/src.c.o   -c /Users/jpchen/jstorch/torch.js/libTH/build/CMakeFiles/CMakeTmp/src.c
Linking C executable cmTC_e6b43
/usr/local/Cellar/cmake/3.7.2/bin/cmake -E cmake_link_script CMakeFiles/cmTC_e6b43.dir/link.txt --verbose=1
/Applications/Xcode.app/Contents/Developer/Toolchains/XcodeDefault.xctoolchain/usr/bin/cc  -DUSE_AVX -msse4.2 -DUSE_SSE4_2 -msse4.1 -DUSE_SSE4_1   -DUSE_SSE3   -DUSE_SSE2  -DC_HAS_THREAD -Wl,-search_paths_first -Wl,-headerpad_max_install_names   CMakeFiles/cmTC_e6b43.dir/src.c.o  -o cmTC_e6b43  -framework Accelerate 

Source file was:
static __thread int x = 1; int main() { return x; }
