Performing C SOURCE FILE Test OpenMP_FLAG_DETECTED failed with the following output:
Change Dir: /Users/jpchen/jstorch/torch.js/libTH/build/CMakeFiles/CMakeTmp

Run Build Command:"/usr/bin/make" "cmTC_4b12c/fast"
/Applications/Xcode.app/Contents/Developer/usr/bin/make -f CMakeFiles/cmTC_4b12c.dir/build.make CMakeFiles/cmTC_4b12c.dir/build
Building C object CMakeFiles/cmTC_4b12c.dir/src.c.o
/Applications/Xcode.app/Contents/Developer/Toolchains/XcodeDefault.xctoolchain/usr/bin/cc    -DOpenMP_FLAG_DETECTED -fopenmp=libomp   -o CMakeFiles/cmTC_4b12c.dir/src.c.o   -c /Users/jpchen/jstorch/torch.js/libTH/build/CMakeFiles/CMakeTmp/src.c
clang: error: unknown argument: '-fopenmp=libomp'
make[1]: *** [CMakeFiles/cmTC_4b12c.dir/src.c.o] Error 1
make: *** [cmTC_4b12c/fast] Error 2

Source file was:

#include <omp.h>
int main() {
#ifdef _OPENMP
  return 0;
#else
  breaks_on_purpose
#endif
}

Performing C SOURCE FILE Test OpenMP_FLAG_DETECTED failed with the following output:
Change Dir: /Users/jpchen/jstorch/torch.js/libTH/build/CMakeFiles/CMakeTmp

Run Build Command:"/usr/bin/make" "cmTC_7f1b6/fast"
/Applications/Xcode.app/Contents/Developer/usr/bin/make -f CMakeFiles/cmTC_7f1b6.dir/build.make CMakeFiles/cmTC_7f1b6.dir/build
Building C object CMakeFiles/cmTC_7f1b6.dir/src.c.o
/Applications/Xcode.app/Contents/Developer/Toolchains/XcodeDefault.xctoolchain/usr/bin/cc    -DOpenMP_FLAG_DETECTED   -o CMakeFiles/cmTC_7f1b6.dir/src.c.o   -c /Users/jpchen/jstorch/torch.js/libTH/build/CMakeFiles/CMakeTmp/src.c
/Users/jpchen/jstorch/torch.js/libTH/build/CMakeFiles/CMakeTmp/src.c:2:10: fatal error: 'omp.h' file not found
#include <omp.h>
         ^
1 error generated.
make[1]: *** [CMakeFiles/cmTC_7f1b6.dir/src.c.o] Error 1
make: *** [cmTC_7f1b6/fast] Error 2

Source file was:

#include <omp.h>
int main() {
#ifdef _OPENMP
  return 0;
#else
  breaks_on_purpose
#endif
}

Performing C SOURCE FILE Test OpenMP_FLAG_DETECTED failed with the following output:
Change Dir: /Users/jpchen/jstorch/torch.js/libTH/build/CMakeFiles/CMakeTmp

Run Build Command:"/usr/bin/make" "cmTC_04d63/fast"
/Applications/Xcode.app/Contents/Developer/usr/bin/make -f CMakeFiles/cmTC_04d63.dir/build.make CMakeFiles/cmTC_04d63.dir/build
Building C object CMakeFiles/cmTC_04d63.dir/src.c.o
/Applications/Xcode.app/Contents/Developer/Toolchains/XcodeDefault.xctoolchain/usr/bin/cc    -DOpenMP_FLAG_DETECTED -fopenmp   -o CMakeFiles/cmTC_04d63.dir/src.c.o   -c /Users/jpchen/jstorch/torch.js/libTH/build/CMakeFiles/CMakeTmp/src.c
clang: warning: argument unused during compilation: '-fopenmp'
/Users/jpchen/jstorch/torch.js/libTH/build/CMakeFiles/CMakeTmp/src.c:2:10: fatal error: 'omp.h' file not found
#include <omp.h>
         ^
1 error generated.
make[1]: *** [CMakeFiles/cmTC_04d63.dir/src.c.o] Error 1
make: *** [cmTC_04d63/fast] Error 2

Source file was:

#include <omp.h>
int main() {
#ifdef _OPENMP
  return 0;
#else
  breaks_on_purpose
#endif
}

Performing C SOURCE FILE Test OpenMP_FLAG_DETECTED failed with the following output:
Change Dir: /Users/jpchen/jstorch/torch.js/libTH/build/CMakeFiles/CMakeTmp

Run Build Command:"/usr/bin/make" "cmTC_22aab/fast"
/Applications/Xcode.app/Contents/Developer/usr/bin/make -f CMakeFiles/cmTC_22aab.dir/build.make CMakeFiles/cmTC_22aab.dir/build
Building C object CMakeFiles/cmTC_22aab.dir/src.c.o
/Applications/Xcode.app/Contents/Developer/Toolchains/XcodeDefault.xctoolchain/usr/bin/cc    -DOpenMP_FLAG_DETECTED /openmp   -o CMakeFiles/cmTC_22aab.dir/src.c.o   -c /Users/jpchen/jstorch/torch.js/libTH/build/CMakeFiles/CMakeTmp/src.c
clang: error: no such file or directory: '/openmp'
make[1]: *** [CMakeFiles/cmTC_22aab.dir/src.c.o] Error 1
make: *** [cmTC_22aab/fast] Error 2

Source file was:

#include <omp.h>
int main() {
#ifdef _OPENMP
  return 0;
#else
  breaks_on_purpose
#endif
}

Performing C SOURCE FILE Test OpenMP_FLAG_DETECTED failed with the following output:
Change Dir: /Users/jpchen/jstorch/torch.js/libTH/build/CMakeFiles/CMakeTmp

Run Build Command:"/usr/bin/make" "cmTC_9bb96/fast"
/Applications/Xcode.app/Contents/Developer/usr/bin/make -f CMakeFiles/cmTC_9bb96.dir/build.make CMakeFiles/cmTC_9bb96.dir/build
Building C object CMakeFiles/cmTC_9bb96.dir/src.c.o
/Applications/Xcode.app/Contents/Developer/Toolchains/XcodeDefault.xctoolchain/usr/bin/cc    -DOpenMP_FLAG_DETECTED -Qopenmp   -o CMakeFiles/cmTC_9bb96.dir/src.c.o   -c /Users/jpchen/jstorch/torch.js/libTH/build/CMakeFiles/CMakeTmp/src.c
clang: error: unknown argument: '-Qopenmp'
make[1]: *** [CMakeFiles/cmTC_9bb96.dir/src.c.o] Error 1
make: *** [cmTC_9bb96/fast] Error 2

Source file was:

#include <omp.h>
int main() {
#ifdef _OPENMP
  return 0;
#else
  breaks_on_purpose
#endif
}

Performing C SOURCE FILE Test OpenMP_FLAG_DETECTED failed with the following output:
Change Dir: /Users/jpchen/jstorch/torch.js/libTH/build/CMakeFiles/CMakeTmp

Run Build Command:"/usr/bin/make" "cmTC_a901f/fast"
/Applications/Xcode.app/Contents/Developer/usr/bin/make -f CMakeFiles/cmTC_a901f.dir/build.make CMakeFiles/cmTC_a901f.dir/build
Building C object CMakeFiles/cmTC_a901f.dir/src.c.o
/Applications/Xcode.app/Contents/Developer/Toolchains/XcodeDefault.xctoolchain/usr/bin/cc    -DOpenMP_FLAG_DETECTED -openmp   -o CMakeFiles/cmTC_a901f.dir/src.c.o   -c /Users/jpchen/jstorch/torch.js/libTH/build/CMakeFiles/CMakeTmp/src.c
/Users/jpchen/jstorch/torch.js/libTH/build/CMakeFiles/CMakeTmp/src.c:2:10: fatal error: 'omp.h' file not found
#include <omp.h>
         ^
1 error generated.
make[1]: *** [CMakeFiles/cmTC_a901f.dir/src.c.o] Error 1
make: *** [cmTC_a901f/fast] Error 2

Source file was:

#include <omp.h>
int main() {
#ifdef _OPENMP
  return 0;
#else
  breaks_on_purpose
#endif
}

Performing C SOURCE FILE Test OpenMP_FLAG_DETECTED failed with the following output:
Change Dir: /Users/jpchen/jstorch/torch.js/libTH/build/CMakeFiles/CMakeTmp

Run Build Command:"/usr/bin/make" "cmTC_42e94/fast"
/Applications/Xcode.app/Contents/Developer/usr/bin/make -f CMakeFiles/cmTC_42e94.dir/build.make CMakeFiles/cmTC_42e94.dir/build
Building C object CMakeFiles/cmTC_42e94.dir/src.c.o
/Applications/Xcode.app/Contents/Developer/Toolchains/XcodeDefault.xctoolchain/usr/bin/cc    -DOpenMP_FLAG_DETECTED -xopenmp   -o CMakeFiles/cmTC_42e94.dir/src.c.o   -c /Users/jpchen/jstorch/torch.js/libTH/build/CMakeFiles/CMakeTmp/src.c
clang: error: language not recognized: 'openmp'
clang: warning: /Users/jpchen/jstorch/torch.js/libTH/build/CMakeFiles/CMakeTmp/src.c: 'linker' input unused
make[1]: *** [CMakeFiles/cmTC_42e94.dir/src.c.o] Error 1
make: *** [cmTC_42e94/fast] Error 2

Source file was:

#include <omp.h>
int main() {
#ifdef _OPENMP
  return 0;
#else
  breaks_on_purpose
#endif
}

Performing C SOURCE FILE Test OpenMP_FLAG_DETECTED failed with the following output:
Change Dir: /Users/jpchen/jstorch/torch.js/libTH/build/CMakeFiles/CMakeTmp

Run Build Command:"/usr/bin/make" "cmTC_eac82/fast"
/Applications/Xcode.app/Contents/Developer/usr/bin/make -f CMakeFiles/cmTC_eac82.dir/build.make CMakeFiles/cmTC_eac82.dir/build
Building C object CMakeFiles/cmTC_eac82.dir/src.c.o
/Applications/Xcode.app/Contents/Developer/Toolchains/XcodeDefault.xctoolchain/usr/bin/cc    -DOpenMP_FLAG_DETECTED +Oopenmp   -o CMakeFiles/cmTC_eac82.dir/src.c.o   -c /Users/jpchen/jstorch/torch.js/libTH/build/CMakeFiles/CMakeTmp/src.c
clang: error: no such file or directory: '+Oopenmp'
make[1]: *** [CMakeFiles/cmTC_eac82.dir/src.c.o] Error 1
make: *** [cmTC_eac82/fast] Error 2

Source file was:

#include <omp.h>
int main() {
#ifdef _OPENMP
  return 0;
#else
  breaks_on_purpose
#endif
}

Performing C SOURCE FILE Test OpenMP_FLAG_DETECTED failed with the following output:
Change Dir: /Users/jpchen/jstorch/torch.js/libTH/build/CMakeFiles/CMakeTmp

Run Build Command:"/usr/bin/make" "cmTC_64ba1/fast"
/Applications/Xcode.app/Contents/Developer/usr/bin/make -f CMakeFiles/cmTC_64ba1.dir/build.make CMakeFiles/cmTC_64ba1.dir/build
Building C object CMakeFiles/cmTC_64ba1.dir/src.c.o
/Applications/Xcode.app/Contents/Developer/Toolchains/XcodeDefault.xctoolchain/usr/bin/cc    -DOpenMP_FLAG_DETECTED -qsmp   -o CMakeFiles/cmTC_64ba1.dir/src.c.o   -c /Users/jpchen/jstorch/torch.js/libTH/build/CMakeFiles/CMakeTmp/src.c
clang: error: unknown argument: '-qsmp'
make[1]: *** [CMakeFiles/cmTC_64ba1.dir/src.c.o] Error 1
make: *** [cmTC_64ba1/fast] Error 2

Source file was:

#include <omp.h>
int main() {
#ifdef _OPENMP
  return 0;
#else
  breaks_on_purpose
#endif
}

Performing C SOURCE FILE Test OpenMP_FLAG_DETECTED failed with the following output:
Change Dir: /Users/jpchen/jstorch/torch.js/libTH/build/CMakeFiles/CMakeTmp

Run Build Command:"/usr/bin/make" "cmTC_fa938/fast"
/Applications/Xcode.app/Contents/Developer/usr/bin/make -f CMakeFiles/cmTC_fa938.dir/build.make CMakeFiles/cmTC_fa938.dir/build
Building C object CMakeFiles/cmTC_fa938.dir/src.c.o
/Applications/Xcode.app/Contents/Developer/Toolchains/XcodeDefault.xctoolchain/usr/bin/cc    -DOpenMP_FLAG_DETECTED -mp   -o CMakeFiles/cmTC_fa938.dir/src.c.o   -c /Users/jpchen/jstorch/torch.js/libTH/build/CMakeFiles/CMakeTmp/src.c
clang: error: unknown argument: '-mp'
make[1]: *** [CMakeFiles/cmTC_fa938.dir/src.c.o] Error 1
make: *** [cmTC_fa938/fast] Error 2

Source file was:

#include <omp.h>
int main() {
#ifdef _OPENMP
  return 0;
#else
  breaks_on_purpose
#endif
}

Performing C++ SOURCE FILE Test OpenMP_FLAG_DETECTED failed with the following output:
Change Dir: /Users/jpchen/jstorch/torch.js/libTH/build/CMakeFiles/CMakeTmp

Run Build Command:"/usr/bin/make" "cmTC_d84bc/fast"
/Applications/Xcode.app/Contents/Developer/usr/bin/make -f CMakeFiles/cmTC_d84bc.dir/build.make CMakeFiles/cmTC_d84bc.dir/build
Building CXX object CMakeFiles/cmTC_d84bc.dir/src.cxx.o
/Applications/Xcode.app/Contents/Developer/Toolchains/XcodeDefault.xctoolchain/usr/bin/c++     -DOpenMP_FLAG_DETECTED -fopenmp=libomp   -o CMakeFiles/cmTC_d84bc.dir/src.cxx.o -c /Users/jpchen/jstorch/torch.js/libTH/build/CMakeFiles/CMakeTmp/src.cxx
clang: error: unknown argument: '-fopenmp=libomp'
make[1]: *** [CMakeFiles/cmTC_d84bc.dir/src.cxx.o] Error 1
make: *** [cmTC_d84bc/fast] Error 2

Source file was:

#include <omp.h>
int main() {
#ifdef _OPENMP
  return 0;
#else
  breaks_on_purpose
#endif
}

Performing C++ SOURCE FILE Test OpenMP_FLAG_DETECTED failed with the following output:
Change Dir: /Users/jpchen/jstorch/torch.js/libTH/build/CMakeFiles/CMakeTmp

Run Build Command:"/usr/bin/make" "cmTC_6dcda/fast"
/Applications/Xcode.app/Contents/Developer/usr/bin/make -f CMakeFiles/cmTC_6dcda.dir/build.make CMakeFiles/cmTC_6dcda.dir/build
Building CXX object CMakeFiles/cmTC_6dcda.dir/src.cxx.o
/Applications/Xcode.app/Contents/Developer/Toolchains/XcodeDefault.xctoolchain/usr/bin/c++     -DOpenMP_FLAG_DETECTED   -o CMakeFiles/cmTC_6dcda.dir/src.cxx.o -c /Users/jpchen/jstorch/torch.js/libTH/build/CMakeFiles/CMakeTmp/src.cxx
/Users/jpchen/jstorch/torch.js/libTH/build/CMakeFiles/CMakeTmp/src.cxx:2:10: fatal error: 'omp.h' file not found
#include <omp.h>
         ^
1 error generated.
make[1]: *** [CMakeFiles/cmTC_6dcda.dir/src.cxx.o] Error 1
make: *** [cmTC_6dcda/fast] Error 2

Source file was:

#include <omp.h>
int main() {
#ifdef _OPENMP
  return 0;
#else
  breaks_on_purpose
#endif
}

Performing C++ SOURCE FILE Test OpenMP_FLAG_DETECTED failed with the following output:
Change Dir: /Users/jpchen/jstorch/torch.js/libTH/build/CMakeFiles/CMakeTmp

Run Build Command:"/usr/bin/make" "cmTC_8a7ab/fast"
/Applications/Xcode.app/Contents/Developer/usr/bin/make -f CMakeFiles/cmTC_8a7ab.dir/build.make CMakeFiles/cmTC_8a7ab.dir/build
Building CXX object CMakeFiles/cmTC_8a7ab.dir/src.cxx.o
/Applications/Xcode.app/Contents/Developer/Toolchains/XcodeDefault.xctoolchain/usr/bin/c++     -DOpenMP_FLAG_DETECTED -fopenmp   -o CMakeFiles/cmTC_8a7ab.dir/src.cxx.o -c /Users/jpchen/jstorch/torch.js/libTH/build/CMakeFiles/CMakeTmp/src.cxx
clang: warning: argument unused during compilation: '-fopenmp'
/Users/jpchen/jstorch/torch.js/libTH/build/CMakeFiles/CMakeTmp/src.cxx:2:10: fatal error: 'omp.h' file not found
#include <omp.h>
         ^
1 error generated.
make[1]: *** [CMakeFiles/cmTC_8a7ab.dir/src.cxx.o] Error 1
make: *** [cmTC_8a7ab/fast] Error 2

Source file was:

#include <omp.h>
int main() {
#ifdef _OPENMP
  return 0;
#else
  breaks_on_purpose
#endif
}

Performing C++ SOURCE FILE Test OpenMP_FLAG_DETECTED failed with the following output:
Change Dir: /Users/jpchen/jstorch/torch.js/libTH/build/CMakeFiles/CMakeTmp

Run Build Command:"/usr/bin/make" "cmTC_21e49/fast"
/Applications/Xcode.app/Contents/Developer/usr/bin/make -f CMakeFiles/cmTC_21e49.dir/build.make CMakeFiles/cmTC_21e49.dir/build
Building CXX object CMakeFiles/cmTC_21e49.dir/src.cxx.o
/Applications/Xcode.app/Contents/Developer/Toolchains/XcodeDefault.xctoolchain/usr/bin/c++     -DOpenMP_FLAG_DETECTED /openmp   -o CMakeFiles/cmTC_21e49.dir/src.cxx.o -c /Users/jpchen/jstorch/torch.js/libTH/build/CMakeFiles/CMakeTmp/src.cxx
clang: error: no such file or directory: '/openmp'
make[1]: *** [CMakeFiles/cmTC_21e49.dir/src.cxx.o] Error 1
make: *** [cmTC_21e49/fast] Error 2

Source file was:

#include <omp.h>
int main() {
#ifdef _OPENMP
  return 0;
#else
  breaks_on_purpose
#endif
}

Performing C++ SOURCE FILE Test OpenMP_FLAG_DETECTED failed with the following output:
Change Dir: /Users/jpchen/jstorch/torch.js/libTH/build/CMakeFiles/CMakeTmp

Run Build Command:"/usr/bin/make" "cmTC_ed250/fast"
/Applications/Xcode.app/Contents/Developer/usr/bin/make -f CMakeFiles/cmTC_ed250.dir/build.make CMakeFiles/cmTC_ed250.dir/build
Building CXX object CMakeFiles/cmTC_ed250.dir/src.cxx.o
/Applications/Xcode.app/Contents/Developer/Toolchains/XcodeDefault.xctoolchain/usr/bin/c++     -DOpenMP_FLAG_DETECTED -Qopenmp   -o CMakeFiles/cmTC_ed250.dir/src.cxx.o -c /Users/jpchen/jstorch/torch.js/libTH/build/CMakeFiles/CMakeTmp/src.cxx
clang: error: unknown argument: '-Qopenmp'
make[1]: *** [CMakeFiles/cmTC_ed250.dir/src.cxx.o] Error 1
make: *** [cmTC_ed250/fast] Error 2

Source file was:

#include <omp.h>
int main() {
#ifdef _OPENMP
  return 0;
#else
  breaks_on_purpose
#endif
}

Performing C++ SOURCE FILE Test OpenMP_FLAG_DETECTED failed with the following output:
Change Dir: /Users/jpchen/jstorch/torch.js/libTH/build/CMakeFiles/CMakeTmp

Run Build Command:"/usr/bin/make" "cmTC_c7927/fast"
/Applications/Xcode.app/Contents/Developer/usr/bin/make -f CMakeFiles/cmTC_c7927.dir/build.make CMakeFiles/cmTC_c7927.dir/build
Building CXX object CMakeFiles/cmTC_c7927.dir/src.cxx.o
/Applications/Xcode.app/Contents/Developer/Toolchains/XcodeDefault.xctoolchain/usr/bin/c++     -DOpenMP_FLAG_DETECTED -openmp   -o CMakeFiles/cmTC_c7927.dir/src.cxx.o -c /Users/jpchen/jstorch/torch.js/libTH/build/CMakeFiles/CMakeTmp/src.cxx
/Users/jpchen/jstorch/torch.js/libTH/build/CMakeFiles/CMakeTmp/src.cxx:2:10: fatal error: 'omp.h' file not found
#include <omp.h>
         ^
1 error generated.
make[1]: *** [CMakeFiles/cmTC_c7927.dir/src.cxx.o] Error 1
make: *** [cmTC_c7927/fast] Error 2

Source file was:

#include <omp.h>
int main() {
#ifdef _OPENMP
  return 0;
#else
  breaks_on_purpose
#endif
}

Performing C++ SOURCE FILE Test OpenMP_FLAG_DETECTED failed with the following output:
Change Dir: /Users/jpchen/jstorch/torch.js/libTH/build/CMakeFiles/CMakeTmp

Run Build Command:"/usr/bin/make" "cmTC_508cd/fast"
/Applications/Xcode.app/Contents/Developer/usr/bin/make -f CMakeFiles/cmTC_508cd.dir/build.make CMakeFiles/cmTC_508cd.dir/build
Building CXX object CMakeFiles/cmTC_508cd.dir/src.cxx.o
/Applications/Xcode.app/Contents/Developer/Toolchains/XcodeDefault.xctoolchain/usr/bin/c++     -DOpenMP_FLAG_DETECTED -xopenmp   -o CMakeFiles/cmTC_508cd.dir/src.cxx.o -c /Users/jpchen/jstorch/torch.js/libTH/build/CMakeFiles/CMakeTmp/src.cxx
clang: error: language not recognized: 'openmp'
clang: warning: /Users/jpchen/jstorch/torch.js/libTH/build/CMakeFiles/CMakeTmp/src.cxx: 'linker' input unused
make[1]: *** [CMakeFiles/cmTC_508cd.dir/src.cxx.o] Error 1
make: *** [cmTC_508cd/fast] Error 2

Source file was:

#include <omp.h>
int main() {
#ifdef _OPENMP
  return 0;
#else
  breaks_on_purpose
#endif
}

Performing C++ SOURCE FILE Test OpenMP_FLAG_DETECTED failed with the following output:
Change Dir: /Users/jpchen/jstorch/torch.js/libTH/build/CMakeFiles/CMakeTmp

Run Build Command:"/usr/bin/make" "cmTC_3bbda/fast"
/Applications/Xcode.app/Contents/Developer/usr/bin/make -f CMakeFiles/cmTC_3bbda.dir/build.make CMakeFiles/cmTC_3bbda.dir/build
Building CXX object CMakeFiles/cmTC_3bbda.dir/src.cxx.o
/Applications/Xcode.app/Contents/Developer/Toolchains/XcodeDefault.xctoolchain/usr/bin/c++     -DOpenMP_FLAG_DETECTED +Oopenmp   -o CMakeFiles/cmTC_3bbda.dir/src.cxx.o -c /Users/jpchen/jstorch/torch.js/libTH/build/CMakeFiles/CMakeTmp/src.cxx
clang: error: no such file or directory: '+Oopenmp'
make[1]: *** [CMakeFiles/cmTC_3bbda.dir/src.cxx.o] Error 1
make: *** [cmTC_3bbda/fast] Error 2

Source file was:

#include <omp.h>
int main() {
#ifdef _OPENMP
  return 0;
#else
  breaks_on_purpose
#endif
}

Performing C++ SOURCE FILE Test OpenMP_FLAG_DETECTED failed with the following output:
Change Dir: /Users/jpchen/jstorch/torch.js/libTH/build/CMakeFiles/CMakeTmp

Run Build Command:"/usr/bin/make" "cmTC_120b3/fast"
/Applications/Xcode.app/Contents/Developer/usr/bin/make -f CMakeFiles/cmTC_120b3.dir/build.make CMakeFiles/cmTC_120b3.dir/build
Building CXX object CMakeFiles/cmTC_120b3.dir/src.cxx.o
/Applications/Xcode.app/Contents/Developer/Toolchains/XcodeDefault.xctoolchain/usr/bin/c++     -DOpenMP_FLAG_DETECTED -qsmp   -o CMakeFiles/cmTC_120b3.dir/src.cxx.o -c /Users/jpchen/jstorch/torch.js/libTH/build/CMakeFiles/CMakeTmp/src.cxx
clang: error: unknown argument: '-qsmp'
make[1]: *** [CMakeFiles/cmTC_120b3.dir/src.cxx.o] Error 1
make: *** [cmTC_120b3/fast] Error 2

Source file was:

#include <omp.h>
int main() {
#ifdef _OPENMP
  return 0;
#else
  breaks_on_purpose
#endif
}

Performing C++ SOURCE FILE Test OpenMP_FLAG_DETECTED failed with the following output:
Change Dir: /Users/jpchen/jstorch/torch.js/libTH/build/CMakeFiles/CMakeTmp

Run Build Command:"/usr/bin/make" "cmTC_b2b2e/fast"
/Applications/Xcode.app/Contents/Developer/usr/bin/make -f CMakeFiles/cmTC_b2b2e.dir/build.make CMakeFiles/cmTC_b2b2e.dir/build
Building CXX object CMakeFiles/cmTC_b2b2e.dir/src.cxx.o
/Applications/Xcode.app/Contents/Developer/Toolchains/XcodeDefault.xctoolchain/usr/bin/c++     -DOpenMP_FLAG_DETECTED -mp   -o CMakeFiles/cmTC_b2b2e.dir/src.cxx.o -c /Users/jpchen/jstorch/torch.js/libTH/build/CMakeFiles/CMakeTmp/src.cxx
clang: error: unknown argument: '-mp'
make[1]: *** [CMakeFiles/cmTC_b2b2e.dir/src.cxx.o] Error 1
make: *** [cmTC_b2b2e/fast] Error 2

Source file was:

#include <omp.h>
int main() {
#ifdef _OPENMP
  return 0;
#else
  breaks_on_purpose
#endif
}

Performing C SOURCE FILE Test C_HAS_SSE4_1_1 failed with the following output:
Change Dir: /Users/jpchen/jstorch/torch.js/libTH/build/CMakeFiles/CMakeTmp

Run Build Command:"/usr/bin/make" "cmTC_d83d5/fast"
/Applications/Xcode.app/Contents/Developer/usr/bin/make -f CMakeFiles/cmTC_d83d5.dir/build.make CMakeFiles/cmTC_d83d5.dir/build
Building C object CMakeFiles/cmTC_d83d5.dir/src.c.o
/Applications/Xcode.app/Contents/Developer/Toolchains/XcodeDefault.xctoolchain/usr/bin/cc    -DC_HAS_SSE4_1_1   -o CMakeFiles/cmTC_d83d5.dir/src.c.o   -c /Users/jpchen/jstorch/torch.js/libTH/build/CMakeFiles/CMakeTmp/src.c
In file included from /Users/jpchen/jstorch/torch.js/libTH/build/CMakeFiles/CMakeTmp/src.c:2:
/Applications/Xcode.app/Contents/Developer/Toolchains/XcodeDefault.xctoolchain/usr/bin/../lib/clang/6.0/include/smmintrin.h:28:2: error: "SSE4.1 instruction set not enabled"
#error "SSE4.1 instruction set not enabled"
 ^
/Users/jpchen/jstorch/torch.js/libTH/build/CMakeFiles/CMakeTmp/src.c:6:5: error: use of undeclared identifier '__m128i'
    __m128i a = {0,0,0,0}, b = {0,0,0,0};
    ^
/Users/jpchen/jstorch/torch.js/libTH/build/CMakeFiles/CMakeTmp/src.c:7:5: error: use of undeclared identifier '__m128i'
    __m128i res = _mm_max_epi8(a, b);
    ^
3 errors generated.
make[1]: *** [CMakeFiles/cmTC_d83d5.dir/src.c.o] Error 1
make: *** [cmTC_d83d5/fast] Error 2

Return value: 1
Source file was:

  #include <smmintrin.h>

  int main ()
  {
    __m128i a = {0,0,0,0}, b = {0,0,0,0};
    __m128i res = _mm_max_epi8(a, b);

    return 0;
  }

Performing C SOURCE FILE Test C_HAS_SSE4_2_1 failed with the following output:
Change Dir: /Users/jpchen/jstorch/torch.js/libTH/build/CMakeFiles/CMakeTmp

Run Build Command:"/usr/bin/make" "cmTC_774b0/fast"
/Applications/Xcode.app/Contents/Developer/usr/bin/make -f CMakeFiles/cmTC_774b0.dir/build.make CMakeFiles/cmTC_774b0.dir/build
Building C object CMakeFiles/cmTC_774b0.dir/src.c.o
/Applications/Xcode.app/Contents/Developer/Toolchains/XcodeDefault.xctoolchain/usr/bin/cc    -DC_HAS_SSE4_2_1   -o CMakeFiles/cmTC_774b0.dir/src.c.o   -c /Users/jpchen/jstorch/torch.js/libTH/build/CMakeFiles/CMakeTmp/src.c
In file included from /Users/jpchen/jstorch/torch.js/libTH/build/CMakeFiles/CMakeTmp/src.c:2:
/Applications/Xcode.app/Contents/Developer/Toolchains/XcodeDefault.xctoolchain/usr/bin/../lib/clang/6.0/include/nmmintrin.h:28:2: error: "SSE4.2 instruction set not enabled"
#error "SSE4.2 instruction set not enabled"
 ^
/Users/jpchen/jstorch/torch.js/libTH/build/CMakeFiles/CMakeTmp/src.c:6:5: error: use of undeclared identifier '__m128i'
    __m128i a = {0,0,0,0}, b = {0,0,0,0}, c = {0,0,0,0};
    ^
/Users/jpchen/jstorch/torch.js/libTH/build/CMakeFiles/CMakeTmp/src.c:7:5: error: use of undeclared identifier 'c'
    c = _mm_cmpgt_epi64(a, b);
    ^
/Users/jpchen/jstorch/torch.js/libTH/build/CMakeFiles/CMakeTmp/src.c:7:9: warning: implicit declaration of function '_mm_cmpgt_epi64' is invalid in C99 [-Wimplicit-function-declaration]
    c = _mm_cmpgt_epi64(a, b);
        ^
/Users/jpchen/jstorch/torch.js/libTH/build/CMakeFiles/CMakeTmp/src.c:7:25: error: use of undeclared identifier 'a'
    c = _mm_cmpgt_epi64(a, b);
                        ^
1 warning and 4 errors generated.
make[1]: *** [CMakeFiles/cmTC_774b0.dir/src.c.o] Error 1
make: *** [cmTC_774b0/fast] Error 2

Return value: 1
Source file was:

  #include <nmmintrin.h>

  int main()
  {
    __m128i a = {0,0,0,0}, b = {0,0,0,0}, c = {0,0,0,0};
    c = _mm_cmpgt_epi64(a, b);
    return 0;
  }

Performing C SOURCE FILE Test C_HAS_AVX_1 failed with the following output:
Change Dir: /Users/jpchen/jstorch/torch.js/libTH/build/CMakeFiles/CMakeTmp

Run Build Command:"/usr/bin/make" "cmTC_e2f44/fast"
/Applications/Xcode.app/Contents/Developer/usr/bin/make -f CMakeFiles/cmTC_e2f44.dir/build.make CMakeFiles/cmTC_e2f44.dir/build
Building C object CMakeFiles/cmTC_e2f44.dir/src.c.o
/Applications/Xcode.app/Contents/Developer/Toolchains/XcodeDefault.xctoolchain/usr/bin/cc    -DC_HAS_AVX_1   -o CMakeFiles/cmTC_e2f44.dir/src.c.o   -c /Users/jpchen/jstorch/torch.js/libTH/build/CMakeFiles/CMakeTmp/src.c
/Users/jpchen/jstorch/torch.js/libTH/build/CMakeFiles/CMakeTmp/src.c:6:6: error: use of undeclared identifier '__m256'
     __m256 a;
     ^
/Users/jpchen/jstorch/torch.js/libTH/build/CMakeFiles/CMakeTmp/src.c:7:5: error: use of undeclared identifier 'a'
    a = _mm256_set1_ps(0);
    ^
/Users/jpchen/jstorch/torch.js/libTH/build/CMakeFiles/CMakeTmp/src.c:7:9: warning: implicit declaration of function '_mm256_set1_ps' is invalid in C99 [-Wimplicit-function-declaration]
    a = _mm256_set1_ps(0);
        ^
1 warning and 2 errors generated.
make[1]: *** [CMakeFiles/cmTC_e2f44.dir/src.c.o] Error 1
make: *** [cmTC_e2f44/fast] Error 2

Return value: 1
Source file was:

  #include <immintrin.h>

  int main()
  {
     __m256 a;
    a = _mm256_set1_ps(0);
    return 0;
  }

Performing C SOURCE FILE Test CXX_HAS_SSE4_1_1 failed with the following output:
Change Dir: /Users/jpchen/jstorch/torch.js/libTH/build/CMakeFiles/CMakeTmp

Run Build Command:"/usr/bin/make" "cmTC_37bff/fast"
/Applications/Xcode.app/Contents/Developer/usr/bin/make -f CMakeFiles/cmTC_37bff.dir/build.make CMakeFiles/cmTC_37bff.dir/build
Building C object CMakeFiles/cmTC_37bff.dir/src.c.o
/Applications/Xcode.app/Contents/Developer/Toolchains/XcodeDefault.xctoolchain/usr/bin/cc    -DCXX_HAS_SSE4_1_1   -o CMakeFiles/cmTC_37bff.dir/src.c.o   -c /Users/jpchen/jstorch/torch.js/libTH/build/CMakeFiles/CMakeTmp/src.c
In file included from /Users/jpchen/jstorch/torch.js/libTH/build/CMakeFiles/CMakeTmp/src.c:2:
/Applications/Xcode.app/Contents/Developer/Toolchains/XcodeDefault.xctoolchain/usr/bin/../lib/clang/6.0/include/smmintrin.h:28:2: error: "SSE4.1 instruction set not enabled"
#error "SSE4.1 instruction set not enabled"
 ^
/Users/jpchen/jstorch/torch.js/libTH/build/CMakeFiles/CMakeTmp/src.c:6:5: error: use of undeclared identifier '__m128i'
    __m128i a = {0,0,0,0}, b = {0,0,0,0};
    ^
/Users/jpchen/jstorch/torch.js/libTH/build/CMakeFiles/CMakeTmp/src.c:7:5: error: use of undeclared identifier '__m128i'
    __m128i res = _mm_max_epi8(a, b);
    ^
3 errors generated.
make[1]: *** [CMakeFiles/cmTC_37bff.dir/src.c.o] Error 1
make: *** [cmTC_37bff/fast] Error 2

Return value: 1
Source file was:

  #include <smmintrin.h>

  int main ()
  {
    __m128i a = {0,0,0,0}, b = {0,0,0,0};
    __m128i res = _mm_max_epi8(a, b);

    return 0;
  }

Performing C SOURCE FILE Test CXX_HAS_SSE4_2_1 failed with the following output:
Change Dir: /Users/jpchen/jstorch/torch.js/libTH/build/CMakeFiles/CMakeTmp

Run Build Command:"/usr/bin/make" "cmTC_ffacb/fast"
/Applications/Xcode.app/Contents/Developer/usr/bin/make -f CMakeFiles/cmTC_ffacb.dir/build.make CMakeFiles/cmTC_ffacb.dir/build
Building C object CMakeFiles/cmTC_ffacb.dir/src.c.o
/Applications/Xcode.app/Contents/Developer/Toolchains/XcodeDefault.xctoolchain/usr/bin/cc    -DCXX_HAS_SSE4_2_1   -o CMakeFiles/cmTC_ffacb.dir/src.c.o   -c /Users/jpchen/jstorch/torch.js/libTH/build/CMakeFiles/CMakeTmp/src.c
In file included from /Users/jpchen/jstorch/torch.js/libTH/build/CMakeFiles/CMakeTmp/src.c:2:
/Applications/Xcode.app/Contents/Developer/Toolchains/XcodeDefault.xctoolchain/usr/bin/../lib/clang/6.0/include/nmmintrin.h:28:2: error: "SSE4.2 instruction set not enabled"
#error "SSE4.2 instruction set not enabled"
 ^
/Users/jpchen/jstorch/torch.js/libTH/build/CMakeFiles/CMakeTmp/src.c:6:5: error: use of undeclared identifier '__m128i'
    __m128i a = {0,0,0,0}, b = {0,0,0,0}, c = {0,0,0,0};
    ^
/Users/jpchen/jstorch/torch.js/libTH/build/CMakeFiles/CMakeTmp/src.c:7:5: error: use of undeclared identifier 'c'
    c = _mm_cmpgt_epi64(a, b);
    ^
/Users/jpchen/jstorch/torch.js/libTH/build/CMakeFiles/CMakeTmp/src.c:7:9: warning: implicit declaration of function '_mm_cmpgt_epi64' is invalid in C99 [-Wimplicit-function-declaration]
    c = _mm_cmpgt_epi64(a, b);
        ^
/Users/jpchen/jstorch/torch.js/libTH/build/CMakeFiles/CMakeTmp/src.c:7:25: error: use of undeclared identifier 'a'
    c = _mm_cmpgt_epi64(a, b);
                        ^
1 warning and 4 errors generated.
make[1]: *** [CMakeFiles/cmTC_ffacb.dir/src.c.o] Error 1
make: *** [cmTC_ffacb/fast] Error 2

Return value: 1
Source file was:

  #include <nmmintrin.h>

  int main()
  {
    __m128i a = {0,0,0,0}, b = {0,0,0,0}, c = {0,0,0,0};
    c = _mm_cmpgt_epi64(a, b);
    return 0;
  }

Performing C SOURCE FILE Test HAS_C11_ATOMICS failed with the following output:
Change Dir: /Users/jpchen/jstorch/torch.js/libTH/build/CMakeFiles/CMakeTmp

Run Build Command:"/usr/bin/make" "cmTC_1fafe/fast"
/Applications/Xcode.app/Contents/Developer/usr/bin/make -f CMakeFiles/cmTC_1fafe.dir/build.make CMakeFiles/cmTC_1fafe.dir/build
Building C object CMakeFiles/cmTC_1fafe.dir/src.c.o
/Applications/Xcode.app/Contents/Developer/Toolchains/XcodeDefault.xctoolchain/usr/bin/cc    -DUSE_AVX -msse4.2 -DUSE_SSE4_2 -msse4.1 -DUSE_SSE4_1   -DUSE_SSE3   -DUSE_SSE2  -DHAS_C11_ATOMICS   -o CMakeFiles/cmTC_1fafe.dir/src.c.o   -c /Users/jpchen/jstorch/torch.js/libTH/build/CMakeFiles/CMakeTmp/src.c
/Users/jpchen/jstorch/torch.js/libTH/build/CMakeFiles/CMakeTmp/src.c:2:10: fatal error: 'stdatomic.h' file not found
#include <stdatomic.h>
         ^
1 error generated.
make[1]: *** [CMakeFiles/cmTC_1fafe.dir/src.c.o] Error 1
make: *** [cmTC_1fafe/fast] Error 2

Return value: 1
Source file was:

#include <stdatomic.h>
int main()
{
  int a;
  int oa;
  atomic_store(&a, 1);
  atomic_fetch_add(&a, 1);
  oa = atomic_load(&a);
  if(!atomic_compare_exchange_strong(&a, &oa, 3))
    return -1;
  return 0;
}

Performing C SOURCE FILE Test HAS_MSC_ATOMICS failed with the following output:
Change Dir: /Users/jpchen/jstorch/torch.js/libTH/build/CMakeFiles/CMakeTmp

Run Build Command:"/usr/bin/make" "cmTC_c8cb0/fast"
/Applications/Xcode.app/Contents/Developer/usr/bin/make -f CMakeFiles/cmTC_c8cb0.dir/build.make CMakeFiles/cmTC_c8cb0.dir/build
Building C object CMakeFiles/cmTC_c8cb0.dir/src.c.o
/Applications/Xcode.app/Contents/Developer/Toolchains/XcodeDefault.xctoolchain/usr/bin/cc    -DUSE_AVX -msse4.2 -DUSE_SSE4_2 -msse4.1 -DUSE_SSE4_1   -DUSE_SSE3   -DUSE_SSE2  -DHAS_MSC_ATOMICS   -o CMakeFiles/cmTC_c8cb0.dir/src.c.o   -c /Users/jpchen/jstorch/torch.js/libTH/build/CMakeFiles/CMakeTmp/src.c
In file included from /Users/jpchen/jstorch/torch.js/libTH/build/CMakeFiles/CMakeTmp/src.c:2:
/Applications/Xcode.app/Contents/Developer/Toolchains/XcodeDefault.xctoolchain/usr/bin/../lib/clang/6.0/include/intrin.h:26:15: fatal error: 'Intrin.h' file not found
#include_next <Intrin.h>
              ^
1 error generated.
make[1]: *** [CMakeFiles/cmTC_c8cb0.dir/src.c.o] Error 1
make: *** [cmTC_c8cb0/fast] Error 2

Return value: 1
Source file was:

#include <intrin.h>
int main()
{
  long a;
  _InterlockedExchange(&a, 1);
  _InterlockedExchangeAdd(&a, 1);
  if(_InterlockedCompareExchange(&a, 3, 2) != 2)
    return -1;
  return 0;
}

Performing C SOURCE FILE Test BLAS_F2C_FLOAT_WORKS failed with the following output:
Change Dir: /Users/jpchen/jstorch/torch.js/libTH/build/CMakeFiles/CMakeTmp

Run Build Command:"/usr/bin/make" "cmTC_f0322/fast"
/Applications/Xcode.app/Contents/Developer/usr/bin/make -f CMakeFiles/cmTC_f0322.dir/build.make CMakeFiles/cmTC_f0322.dir/build
Building C object CMakeFiles/cmTC_f0322.dir/src.c.o
/Applications/Xcode.app/Contents/Developer/Toolchains/XcodeDefault.xctoolchain/usr/bin/cc    -DUSE_AVX -msse4.2 -DUSE_SSE4_2 -msse4.1 -DUSE_SSE4_1   -DUSE_SSE3   -DUSE_SSE2  -DBLAS_F2C_FLOAT_WORKS   -o CMakeFiles/cmTC_f0322.dir/src.c.o   -c /Users/jpchen/jstorch/torch.js/libTH/build/CMakeFiles/CMakeTmp/src.c
Linking C executable cmTC_f0322
/usr/local/Cellar/cmake/3.7.2/bin/cmake -E cmake_link_script CMakeFiles/cmTC_f0322.dir/link.txt --verbose=1
/Applications/Xcode.app/Contents/Developer/Toolchains/XcodeDefault.xctoolchain/usr/bin/cc  -DUSE_AVX -msse4.2 -DUSE_SSE4_2 -msse4.1 -DUSE_SSE4_1   -DUSE_SSE3   -DUSE_SSE2  -DBLAS_F2C_FLOAT_WORKS -Wl,-search_paths_first -Wl,-headerpad_max_install_names   CMakeFiles/cmTC_f0322.dir/src.c.o  -o cmTC_f0322  -framework Accelerate 

Return value: 1
Source file was:

#include <stdlib.h>
#include <stdio.h>
float x[4] = { 1, 2, 3, 4 };
float y[4] = { .1, .01, .001, .0001 };
int four = 4;
int one = 1;
extern float sdot_();
int main() {
  int i;
  double r = sdot_(&four, x, &one, y, &one);
  exit((float)r != (float).1234);
}
Determining if the function malloc_usable_size exists failed with the following output:
Change Dir: /Users/jpchen/jstorch/torch.js/libTH/build/CMakeFiles/CMakeTmp

Run Build Command:"/usr/bin/make" "cmTC_3831e/fast"
/Applications/Xcode.app/Contents/Developer/usr/bin/make -f CMakeFiles/cmTC_3831e.dir/build.make CMakeFiles/cmTC_3831e.dir/build
Building C object CMakeFiles/cmTC_3831e.dir/CheckFunctionExists.c.o
/Applications/Xcode.app/Contents/Developer/Toolchains/XcodeDefault.xctoolchain/usr/bin/cc    -DUSE_AVX -msse4.2 -DUSE_SSE4_2 -msse4.1 -DUSE_SSE4_1   -DUSE_SSE3   -DUSE_SSE2  -DCHECK_FUNCTION_EXISTS=malloc_usable_size   -o CMakeFiles/cmTC_3831e.dir/CheckFunctionExists.c.o   -c /usr/local/Cellar/cmake/3.7.2/share/cmake/Modules/CheckFunctionExists.c
Linking C executable cmTC_3831e
/usr/local/Cellar/cmake/3.7.2/bin/cmake -E cmake_link_script CMakeFiles/cmTC_3831e.dir/link.txt --verbose=1
/Applications/Xcode.app/Contents/Developer/Toolchains/XcodeDefault.xctoolchain/usr/bin/cc  -DUSE_AVX -msse4.2 -DUSE_SSE4_2 -msse4.1 -DUSE_SSE4_1   -DUSE_SSE3   -DUSE_SSE2  -DCHECK_FUNCTION_EXISTS=malloc_usable_size -Wl,-search_paths_first -Wl,-headerpad_max_install_names   CMakeFiles/cmTC_3831e.dir/CheckFunctionExists.c.o  -o cmTC_3831e  -framework Accelerate 
Undefined symbols for architecture x86_64:
  "_malloc_usable_size", referenced from:
      _main in CheckFunctionExists.c.o
ld: symbol(s) not found for architecture x86_64
clang: error: linker command failed with exit code 1 (use -v to see invocation)
make[1]: *** [cmTC_3831e] Error 1
make: *** [cmTC_3831e/fast] Error 2


