The system is: Darwin - 13.4.0 - x86_64
Compiling the C compiler identification source file "CMakeCCompilerId.c" succeeded.
Compiler: /Applications/Xcode.app/Contents/Developer/Toolchains/XcodeDefault.xctoolchain/usr/bin/cc 
Build flags: 
Id flags: 

The output was:
0


Compilation of the C compiler identification source "CMakeCCompilerId.c" produced "a.out"

The C compiler identification is AppleClang, found in "/Volumes/256GHD/Work/paultorchjs/torch.js/thlib/build/CMakeFiles/3.7.2/CompilerIdC/a.out"

Compiling the CXX compiler identification source file "CMakeCXXCompilerId.cpp" succeeded.
Compiler: /Applications/Xcode.app/Contents/Developer/Toolchains/XcodeDefault.xctoolchain/usr/bin/c++ 
Build flags: 
Id flags: 

The output was:
0


Compilation of the CXX compiler identification source "CMakeCXXCompilerId.cpp" produced "a.out"

The CXX compiler identification is AppleClang, found in "/Volumes/256GHD/Work/paultorchjs/torch.js/thlib/build/CMakeFiles/3.7.2/CompilerIdCXX/a.out"

Determining if the C compiler works passed with the following output:
Change Dir: /Volumes/256GHD/Work/paultorchjs/torch.js/thlib/build/CMakeFiles/CMakeTmp

Run Build Command:"/usr/bin/make" "cmTC_331a4/fast"
/Applications/Xcode.app/Contents/Developer/usr/bin/make -f CMakeFiles/cmTC_331a4.dir/build.make CMakeFiles/cmTC_331a4.dir/build
Building C object CMakeFiles/cmTC_331a4.dir/testCCompiler.c.o
/Applications/Xcode.app/Contents/Developer/Toolchains/XcodeDefault.xctoolchain/usr/bin/cc     -o CMakeFiles/cmTC_331a4.dir/testCCompiler.c.o   -c /Volumes/256GHD/Work/paultorchjs/torch.js/thlib/build/CMakeFiles/CMakeTmp/testCCompiler.c
Linking C executable cmTC_331a4
/usr/local/Cellar/cmake/3.7.2/bin/cmake -E cmake_link_script CMakeFiles/cmTC_331a4.dir/link.txt --verbose=1
/Applications/Xcode.app/Contents/Developer/Toolchains/XcodeDefault.xctoolchain/usr/bin/cc    -Wl,-search_paths_first -Wl,-headerpad_max_install_names   CMakeFiles/cmTC_331a4.dir/testCCompiler.c.o  -o cmTC_331a4  


Detecting C compiler ABI info compiled with the following output:
Change Dir: /Volumes/256GHD/Work/paultorchjs/torch.js/thlib/build/CMakeFiles/CMakeTmp

Run Build Command:"/usr/bin/make" "cmTC_02974/fast"
/Applications/Xcode.app/Contents/Developer/usr/bin/make -f CMakeFiles/cmTC_02974.dir/build.make CMakeFiles/cmTC_02974.dir/build
Building C object CMakeFiles/cmTC_02974.dir/CMakeCCompilerABI.c.o
/Applications/Xcode.app/Contents/Developer/Toolchains/XcodeDefault.xctoolchain/usr/bin/cc     -o CMakeFiles/cmTC_02974.dir/CMakeCCompilerABI.c.o   -c /usr/local/Cellar/cmake/3.7.2/share/cmake/Modules/CMakeCCompilerABI.c
Linking C executable cmTC_02974
/usr/local/Cellar/cmake/3.7.2/bin/cmake -E cmake_link_script CMakeFiles/cmTC_02974.dir/link.txt --verbose=1
/Applications/Xcode.app/Contents/Developer/Toolchains/XcodeDefault.xctoolchain/usr/bin/cc    -Wl,-search_paths_first -Wl,-headerpad_max_install_names  -v -Wl,-v CMakeFiles/cmTC_02974.dir/CMakeCCompilerABI.c.o  -o cmTC_02974   
Apple LLVM version 6.0 (clang-600.0.56) (based on LLVM 3.5svn)
Target: x86_64-apple-darwin13.4.0
Thread model: posix
 "/Applications/Xcode.app/Contents/Developer/Toolchains/XcodeDefault.xctoolchain/usr/bin/ld" -demangle -dynamic -arch x86_64 -macosx_version_min 10.9.0 -o cmTC_02974 -search_paths_first -headerpad_max_install_names -v CMakeFiles/cmTC_02974.dir/CMakeCCompilerABI.c.o -lSystem /Applications/Xcode.app/Contents/Developer/Toolchains/XcodeDefault.xctoolchain/usr/bin/../lib/clang/6.0/lib/darwin/libclang_rt.osx.a
@(#)PROGRAM:ld  PROJECT:ld64-241.9
configured to support archs: armv6 armv7 armv7s arm64 i386 x86_64 x86_64h armv6m armv7m armv7em
Library search paths:
	/usr/lib
	/usr/local/lib
Framework search paths:
	/Library/Frameworks/
	/System/Library/Frameworks/


Parsed C implicit link information from above output:
  link line regex: [^( *|.*[/\])(ld|([^/\]+-)?ld|collect2)[^/\]*( |$)]
  ignore line: [Change Dir: /Volumes/256GHD/Work/paultorchjs/torch.js/thlib/build/CMakeFiles/CMakeTmp]
  ignore line: []
  ignore line: [Run Build Command:"/usr/bin/make" "cmTC_02974/fast"]
  ignore line: [/Applications/Xcode.app/Contents/Developer/usr/bin/make -f CMakeFiles/cmTC_02974.dir/build.make CMakeFiles/cmTC_02974.dir/build]
  ignore line: [Building C object CMakeFiles/cmTC_02974.dir/CMakeCCompilerABI.c.o]
  ignore line: [/Applications/Xcode.app/Contents/Developer/Toolchains/XcodeDefault.xctoolchain/usr/bin/cc     -o CMakeFiles/cmTC_02974.dir/CMakeCCompilerABI.c.o   -c /usr/local/Cellar/cmake/3.7.2/share/cmake/Modules/CMakeCCompilerABI.c]
  ignore line: [Linking C executable cmTC_02974]
  ignore line: [/usr/local/Cellar/cmake/3.7.2/bin/cmake -E cmake_link_script CMakeFiles/cmTC_02974.dir/link.txt --verbose=1]
  ignore line: [/Applications/Xcode.app/Contents/Developer/Toolchains/XcodeDefault.xctoolchain/usr/bin/cc    -Wl,-search_paths_first -Wl,-headerpad_max_install_names  -v -Wl,-v CMakeFiles/cmTC_02974.dir/CMakeCCompilerABI.c.o  -o cmTC_02974   ]
  ignore line: [Apple LLVM version 6.0 (clang-600.0.56) (based on LLVM 3.5svn)]
  ignore line: [Target: x86_64-apple-darwin13.4.0]
  ignore line: [Thread model: posix]
  link line: [ "/Applications/Xcode.app/Contents/Developer/Toolchains/XcodeDefault.xctoolchain/usr/bin/ld" -demangle -dynamic -arch x86_64 -macosx_version_min 10.9.0 -o cmTC_02974 -search_paths_first -headerpad_max_install_names -v CMakeFiles/cmTC_02974.dir/CMakeCCompilerABI.c.o -lSystem /Applications/Xcode.app/Contents/Developer/Toolchains/XcodeDefault.xctoolchain/usr/bin/../lib/clang/6.0/lib/darwin/libclang_rt.osx.a]
    arg [/Applications/Xcode.app/Contents/Developer/Toolchains/XcodeDefault.xctoolchain/usr/bin/ld] ==> ignore
    arg [-demangle] ==> ignore
    arg [-dynamic] ==> ignore
    arg [-arch] ==> ignore
    arg [x86_64] ==> ignore
    arg [-macosx_version_min] ==> ignore
    arg [10.9.0] ==> ignore
    arg [-o] ==> ignore
    arg [cmTC_02974] ==> ignore
    arg [-search_paths_first] ==> ignore
    arg [-headerpad_max_install_names] ==> ignore
    arg [-v] ==> ignore
    arg [CMakeFiles/cmTC_02974.dir/CMakeCCompilerABI.c.o] ==> ignore
    arg [-lSystem] ==> lib [System]
    arg [/Applications/Xcode.app/Contents/Developer/Toolchains/XcodeDefault.xctoolchain/usr/bin/../lib/clang/6.0/lib/darwin/libclang_rt.osx.a] ==> lib [/Applications/Xcode.app/Contents/Developer/Toolchains/XcodeDefault.xctoolchain/usr/bin/../lib/clang/6.0/lib/darwin/libclang_rt.osx.a]
  Library search paths: [;/usr/lib;/usr/local/lib]
  Framework search paths: [;/Library/Frameworks/;/System/Library/Frameworks/]
  remove lib [System]
  remove lib [/Applications/Xcode.app/Contents/Developer/Toolchains/XcodeDefault.xctoolchain/usr/bin/../lib/clang/6.0/lib/darwin/libclang_rt.osx.a]
  collapse library dir [/usr/lib] ==> [/usr/lib]
  collapse library dir [/usr/local/lib] ==> [/usr/local/lib]
  collapse framework dir [/Library/Frameworks/] ==> [/Library/Frameworks]
  collapse framework dir [/System/Library/Frameworks/] ==> [/System/Library/Frameworks]
  implicit libs: []
  implicit dirs: [/usr/lib;/usr/local/lib]
  implicit fwks: [/Library/Frameworks;/System/Library/Frameworks]




Detecting C [-std=c11] compiler features compiled with the following output:
Change Dir: /Volumes/256GHD/Work/paultorchjs/torch.js/thlib/build/CMakeFiles/CMakeTmp

Run Build Command:"/usr/bin/make" "cmTC_831c2/fast"
/Applications/Xcode.app/Contents/Developer/usr/bin/make -f CMakeFiles/cmTC_831c2.dir/build.make CMakeFiles/cmTC_831c2.dir/build
Building C object CMakeFiles/cmTC_831c2.dir/feature_tests.c.o
/Applications/Xcode.app/Contents/Developer/Toolchains/XcodeDefault.xctoolchain/usr/bin/cc    -std=c11 -o CMakeFiles/cmTC_831c2.dir/feature_tests.c.o   -c /Volumes/256GHD/Work/paultorchjs/torch.js/thlib/build/CMakeFiles/feature_tests.c
Linking C executable cmTC_831c2
/usr/local/Cellar/cmake/3.7.2/bin/cmake -E cmake_link_script CMakeFiles/cmTC_831c2.dir/link.txt --verbose=1
/Applications/Xcode.app/Contents/Developer/Toolchains/XcodeDefault.xctoolchain/usr/bin/cc    -Wl,-search_paths_first -Wl,-headerpad_max_install_names   CMakeFiles/cmTC_831c2.dir/feature_tests.c.o  -o cmTC_831c2  


    Feature record: C_FEATURE:1c_function_prototypes
    Feature record: C_FEATURE:1c_restrict
    Feature record: C_FEATURE:1c_static_assert
    Feature record: C_FEATURE:1c_variadic_macros


Detecting C [-std=c99] compiler features compiled with the following output:
Change Dir: /Volumes/256GHD/Work/paultorchjs/torch.js/thlib/build/CMakeFiles/CMakeTmp

Run Build Command:"/usr/bin/make" "cmTC_554f9/fast"
/Applications/Xcode.app/Contents/Developer/usr/bin/make -f CMakeFiles/cmTC_554f9.dir/build.make CMakeFiles/cmTC_554f9.dir/build
Building C object CMakeFiles/cmTC_554f9.dir/feature_tests.c.o
/Applications/Xcode.app/Contents/Developer/Toolchains/XcodeDefault.xctoolchain/usr/bin/cc    -std=c99 -o CMakeFiles/cmTC_554f9.dir/feature_tests.c.o   -c /Volumes/256GHD/Work/paultorchjs/torch.js/thlib/build/CMakeFiles/feature_tests.c
Linking C executable cmTC_554f9
/usr/local/Cellar/cmake/3.7.2/bin/cmake -E cmake_link_script CMakeFiles/cmTC_554f9.dir/link.txt --verbose=1
/Applications/Xcode.app/Contents/Developer/Toolchains/XcodeDefault.xctoolchain/usr/bin/cc    -Wl,-search_paths_first -Wl,-headerpad_max_install_names   CMakeFiles/cmTC_554f9.dir/feature_tests.c.o  -o cmTC_554f9  


    Feature record: C_FEATURE:1c_function_prototypes
    Feature record: C_FEATURE:1c_restrict
    Feature record: C_FEATURE:0c_static_assert
    Feature record: C_FEATURE:1c_variadic_macros


Detecting C [-std=c90] compiler features compiled with the following output:
Change Dir: /Volumes/256GHD/Work/paultorchjs/torch.js/thlib/build/CMakeFiles/CMakeTmp

Run Build Command:"/usr/bin/make" "cmTC_6b45a/fast"
/Applications/Xcode.app/Contents/Developer/usr/bin/make -f CMakeFiles/cmTC_6b45a.dir/build.make CMakeFiles/cmTC_6b45a.dir/build
Building C object CMakeFiles/cmTC_6b45a.dir/feature_tests.c.o
/Applications/Xcode.app/Contents/Developer/Toolchains/XcodeDefault.xctoolchain/usr/bin/cc    -std=c90 -o CMakeFiles/cmTC_6b45a.dir/feature_tests.c.o   -c /Volumes/256GHD/Work/paultorchjs/torch.js/thlib/build/CMakeFiles/feature_tests.c
Linking C executable cmTC_6b45a
/usr/local/Cellar/cmake/3.7.2/bin/cmake -E cmake_link_script CMakeFiles/cmTC_6b45a.dir/link.txt --verbose=1
/Applications/Xcode.app/Contents/Developer/Toolchains/XcodeDefault.xctoolchain/usr/bin/cc    -Wl,-search_paths_first -Wl,-headerpad_max_install_names   CMakeFiles/cmTC_6b45a.dir/feature_tests.c.o  -o cmTC_6b45a  


    Feature record: C_FEATURE:1c_function_prototypes
    Feature record: C_FEATURE:0c_restrict
    Feature record: C_FEATURE:0c_static_assert
    Feature record: C_FEATURE:0c_variadic_macros
Determining if the CXX compiler works passed with the following output:
Change Dir: /Volumes/256GHD/Work/paultorchjs/torch.js/thlib/build/CMakeFiles/CMakeTmp

Run Build Command:"/usr/bin/make" "cmTC_f2cde/fast"
/Applications/Xcode.app/Contents/Developer/usr/bin/make -f CMakeFiles/cmTC_f2cde.dir/build.make CMakeFiles/cmTC_f2cde.dir/build
Building CXX object CMakeFiles/cmTC_f2cde.dir/testCXXCompiler.cxx.o
/Applications/Xcode.app/Contents/Developer/Toolchains/XcodeDefault.xctoolchain/usr/bin/c++      -o CMakeFiles/cmTC_f2cde.dir/testCXXCompiler.cxx.o -c /Volumes/256GHD/Work/paultorchjs/torch.js/thlib/build/CMakeFiles/CMakeTmp/testCXXCompiler.cxx
Linking CXX executable cmTC_f2cde
/usr/local/Cellar/cmake/3.7.2/bin/cmake -E cmake_link_script CMakeFiles/cmTC_f2cde.dir/link.txt --verbose=1
/Applications/Xcode.app/Contents/Developer/Toolchains/XcodeDefault.xctoolchain/usr/bin/c++     -Wl,-search_paths_first -Wl,-headerpad_max_install_names   CMakeFiles/cmTC_f2cde.dir/testCXXCompiler.cxx.o  -o cmTC_f2cde  


Detecting CXX compiler ABI info compiled with the following output:
Change Dir: /Volumes/256GHD/Work/paultorchjs/torch.js/thlib/build/CMakeFiles/CMakeTmp

Run Build Command:"/usr/bin/make" "cmTC_51248/fast"
/Applications/Xcode.app/Contents/Developer/usr/bin/make -f CMakeFiles/cmTC_51248.dir/build.make CMakeFiles/cmTC_51248.dir/build
Building CXX object CMakeFiles/cmTC_51248.dir/CMakeCXXCompilerABI.cpp.o
/Applications/Xcode.app/Contents/Developer/Toolchains/XcodeDefault.xctoolchain/usr/bin/c++      -o CMakeFiles/cmTC_51248.dir/CMakeCXXCompilerABI.cpp.o -c /usr/local/Cellar/cmake/3.7.2/share/cmake/Modules/CMakeCXXCompilerABI.cpp
Linking CXX executable cmTC_51248
/usr/local/Cellar/cmake/3.7.2/bin/cmake -E cmake_link_script CMakeFiles/cmTC_51248.dir/link.txt --verbose=1
/Applications/Xcode.app/Contents/Developer/Toolchains/XcodeDefault.xctoolchain/usr/bin/c++     -Wl,-search_paths_first -Wl,-headerpad_max_install_names  -v -Wl,-v CMakeFiles/cmTC_51248.dir/CMakeCXXCompilerABI.cpp.o  -o cmTC_51248   
Apple LLVM version 6.0 (clang-600.0.56) (based on LLVM 3.5svn)
Target: x86_64-apple-darwin13.4.0
Thread model: posix
 "/Applications/Xcode.app/Contents/Developer/Toolchains/XcodeDefault.xctoolchain/usr/bin/ld" -demangle -dynamic -arch x86_64 -macosx_version_min 10.9.0 -o cmTC_51248 -search_paths_first -headerpad_max_install_names -v CMakeFiles/cmTC_51248.dir/CMakeCXXCompilerABI.cpp.o -lc++ -lSystem /Applications/Xcode.app/Contents/Developer/Toolchains/XcodeDefault.xctoolchain/usr/bin/../lib/clang/6.0/lib/darwin/libclang_rt.osx.a
@(#)PROGRAM:ld  PROJECT:ld64-241.9
configured to support archs: armv6 armv7 armv7s arm64 i386 x86_64 x86_64h armv6m armv7m armv7em
Library search paths:
	/usr/lib
	/usr/local/lib
Framework search paths:
	/Library/Frameworks/
	/System/Library/Frameworks/


Parsed CXX implicit link information from above output:
  link line regex: [^( *|.*[/\])(ld|([^/\]+-)?ld|collect2)[^/\]*( |$)]
  ignore line: [Change Dir: /Volumes/256GHD/Work/paultorchjs/torch.js/thlib/build/CMakeFiles/CMakeTmp]
  ignore line: []
  ignore line: [Run Build Command:"/usr/bin/make" "cmTC_51248/fast"]
  ignore line: [/Applications/Xcode.app/Contents/Developer/usr/bin/make -f CMakeFiles/cmTC_51248.dir/build.make CMakeFiles/cmTC_51248.dir/build]
  ignore line: [Building CXX object CMakeFiles/cmTC_51248.dir/CMakeCXXCompilerABI.cpp.o]
  ignore line: [/Applications/Xcode.app/Contents/Developer/Toolchains/XcodeDefault.xctoolchain/usr/bin/c++      -o CMakeFiles/cmTC_51248.dir/CMakeCXXCompilerABI.cpp.o -c /usr/local/Cellar/cmake/3.7.2/share/cmake/Modules/CMakeCXXCompilerABI.cpp]
  ignore line: [Linking CXX executable cmTC_51248]
  ignore line: [/usr/local/Cellar/cmake/3.7.2/bin/cmake -E cmake_link_script CMakeFiles/cmTC_51248.dir/link.txt --verbose=1]
  ignore line: [/Applications/Xcode.app/Contents/Developer/Toolchains/XcodeDefault.xctoolchain/usr/bin/c++     -Wl,-search_paths_first -Wl,-headerpad_max_install_names  -v -Wl,-v CMakeFiles/cmTC_51248.dir/CMakeCXXCompilerABI.cpp.o  -o cmTC_51248   ]
  ignore line: [Apple LLVM version 6.0 (clang-600.0.56) (based on LLVM 3.5svn)]
  ignore line: [Target: x86_64-apple-darwin13.4.0]
  ignore line: [Thread model: posix]
  link line: [ "/Applications/Xcode.app/Contents/Developer/Toolchains/XcodeDefault.xctoolchain/usr/bin/ld" -demangle -dynamic -arch x86_64 -macosx_version_min 10.9.0 -o cmTC_51248 -search_paths_first -headerpad_max_install_names -v CMakeFiles/cmTC_51248.dir/CMakeCXXCompilerABI.cpp.o -lc++ -lSystem /Applications/Xcode.app/Contents/Developer/Toolchains/XcodeDefault.xctoolchain/usr/bin/../lib/clang/6.0/lib/darwin/libclang_rt.osx.a]
    arg [/Applications/Xcode.app/Contents/Developer/Toolchains/XcodeDefault.xctoolchain/usr/bin/ld] ==> ignore
    arg [-demangle] ==> ignore
    arg [-dynamic] ==> ignore
    arg [-arch] ==> ignore
    arg [x86_64] ==> ignore
    arg [-macosx_version_min] ==> ignore
    arg [10.9.0] ==> ignore
    arg [-o] ==> ignore
    arg [cmTC_51248] ==> ignore
    arg [-search_paths_first] ==> ignore
    arg [-headerpad_max_install_names] ==> ignore
    arg [-v] ==> ignore
    arg [CMakeFiles/cmTC_51248.dir/CMakeCXXCompilerABI.cpp.o] ==> ignore
    arg [-lc++] ==> lib [c++]
    arg [-lSystem] ==> lib [System]
    arg [/Applications/Xcode.app/Contents/Developer/Toolchains/XcodeDefault.xctoolchain/usr/bin/../lib/clang/6.0/lib/darwin/libclang_rt.osx.a] ==> lib [/Applications/Xcode.app/Contents/Developer/Toolchains/XcodeDefault.xctoolchain/usr/bin/../lib/clang/6.0/lib/darwin/libclang_rt.osx.a]
  Library search paths: [;/usr/lib;/usr/local/lib]
  Framework search paths: [;/Library/Frameworks/;/System/Library/Frameworks/]
  remove lib [System]
  remove lib [/Applications/Xcode.app/Contents/Developer/Toolchains/XcodeDefault.xctoolchain/usr/bin/../lib/clang/6.0/lib/darwin/libclang_rt.osx.a]
  collapse library dir [/usr/lib] ==> [/usr/lib]
  collapse library dir [/usr/local/lib] ==> [/usr/local/lib]
  collapse framework dir [/Library/Frameworks/] ==> [/Library/Frameworks]
  collapse framework dir [/System/Library/Frameworks/] ==> [/System/Library/Frameworks]
  implicit libs: [c++]
  implicit dirs: [/usr/lib;/usr/local/lib]
  implicit fwks: [/Library/Frameworks;/System/Library/Frameworks]




Detecting CXX [-std=c++1y] compiler features compiled with the following output:
Change Dir: /Volumes/256GHD/Work/paultorchjs/torch.js/thlib/build/CMakeFiles/CMakeTmp

Run Build Command:"/usr/bin/make" "cmTC_f424d/fast"
/Applications/Xcode.app/Contents/Developer/usr/bin/make -f CMakeFiles/cmTC_f424d.dir/build.make CMakeFiles/cmTC_f424d.dir/build
Building CXX object CMakeFiles/cmTC_f424d.dir/feature_tests.cxx.o
/Applications/Xcode.app/Contents/Developer/Toolchains/XcodeDefault.xctoolchain/usr/bin/c++     -std=c++1y -o CMakeFiles/cmTC_f424d.dir/feature_tests.cxx.o -c /Volumes/256GHD/Work/paultorchjs/torch.js/thlib/build/CMakeFiles/feature_tests.cxx
Linking CXX executable cmTC_f424d
/usr/local/Cellar/cmake/3.7.2/bin/cmake -E cmake_link_script CMakeFiles/cmTC_f424d.dir/link.txt --verbose=1
/Applications/Xcode.app/Contents/Developer/Toolchains/XcodeDefault.xctoolchain/usr/bin/c++     -Wl,-search_paths_first -Wl,-headerpad_max_install_names   CMakeFiles/cmTC_f424d.dir/feature_tests.cxx.o  -o cmTC_f424d  


    Feature record: CXX_FEATURE:1cxx_aggregate_default_initializers
    Feature record: CXX_FEATURE:1cxx_alias_templates
    Feature record: CXX_FEATURE:1cxx_alignas
    Feature record: CXX_FEATURE:1cxx_alignof
    Feature record: CXX_FEATURE:1cxx_attributes
    Feature record: CXX_FEATURE:1cxx_attribute_deprecated
    Feature record: CXX_FEATURE:1cxx_auto_type
    Feature record: CXX_FEATURE:1cxx_binary_literals
    Feature record: CXX_FEATURE:1cxx_constexpr
    Feature record: CXX_FEATURE:1cxx_contextual_conversions
    Feature record: CXX_FEATURE:1cxx_decltype
    Feature record: CXX_FEATURE:1cxx_decltype_auto
    Feature record: CXX_FEATURE:1cxx_decltype_incomplete_return_types
    Feature record: CXX_FEATURE:1cxx_default_function_template_args
    Feature record: CXX_FEATURE:1cxx_defaulted_functions
    Feature record: CXX_FEATURE:1cxx_defaulted_move_initializers
    Feature record: CXX_FEATURE:1cxx_delegating_constructors
    Feature record: CXX_FEATURE:1cxx_deleted_functions
    Feature record: CXX_FEATURE:1cxx_digit_separators
    Feature record: CXX_FEATURE:1cxx_enum_forward_declarations
    Feature record: CXX_FEATURE:1cxx_explicit_conversions
    Feature record: CXX_FEATURE:1cxx_extended_friend_declarations
    Feature record: CXX_FEATURE:1cxx_extern_templates
    Feature record: CXX_FEATURE:1cxx_final
    Feature record: CXX_FEATURE:1cxx_func_identifier
    Feature record: CXX_FEATURE:1cxx_generalized_initializers
    Feature record: CXX_FEATURE:1cxx_generic_lambdas
    Feature record: CXX_FEATURE:1cxx_inheriting_constructors
    Feature record: CXX_FEATURE:1cxx_inline_namespaces
    Feature record: CXX_FEATURE:1cxx_lambdas
    Feature record: CXX_FEATURE:1cxx_lambda_init_captures
    Feature record: CXX_FEATURE:1cxx_local_type_template_args
    Feature record: CXX_FEATURE:1cxx_long_long_type
    Feature record: CXX_FEATURE:1cxx_noexcept
    Feature record: CXX_FEATURE:1cxx_nonstatic_member_init
    Feature record: CXX_FEATURE:1cxx_nullptr
    Feature record: CXX_FEATURE:1cxx_override
    Feature record: CXX_FEATURE:1cxx_range_for
    Feature record: CXX_FEATURE:1cxx_raw_string_literals
    Feature record: CXX_FEATURE:1cxx_reference_qualified_functions
    Feature record: CXX_FEATURE:1cxx_relaxed_constexpr
    Feature record: CXX_FEATURE:1cxx_return_type_deduction
    Feature record: CXX_FEATURE:1cxx_right_angle_brackets
    Feature record: CXX_FEATURE:1cxx_rvalue_references
    Feature record: CXX_FEATURE:1cxx_sizeof_member
    Feature record: CXX_FEATURE:1cxx_static_assert
    Feature record: CXX_FEATURE:1cxx_strong_enums
    Feature record: CXX_FEATURE:1cxx_template_template_parameters
    Feature record: CXX_FEATURE:0cxx_thread_local
    Feature record: CXX_FEATURE:1cxx_trailing_return_types
    Feature record: CXX_FEATURE:1cxx_unicode_literals
    Feature record: CXX_FEATURE:1cxx_uniform_initialization
    Feature record: CXX_FEATURE:1cxx_unrestricted_unions
    Feature record: CXX_FEATURE:1cxx_user_literals
    Feature record: CXX_FEATURE:1cxx_variable_templates
    Feature record: CXX_FEATURE:1cxx_variadic_macros
    Feature record: CXX_FEATURE:1cxx_variadic_templates


Detecting CXX [-std=c++11] compiler features compiled with the following output:
Change Dir: /Volumes/256GHD/Work/paultorchjs/torch.js/thlib/build/CMakeFiles/CMakeTmp

Run Build Command:"/usr/bin/make" "cmTC_f2d17/fast"
/Applications/Xcode.app/Contents/Developer/usr/bin/make -f CMakeFiles/cmTC_f2d17.dir/build.make CMakeFiles/cmTC_f2d17.dir/build
Building CXX object CMakeFiles/cmTC_f2d17.dir/feature_tests.cxx.o
/Applications/Xcode.app/Contents/Developer/Toolchains/XcodeDefault.xctoolchain/usr/bin/c++     -std=c++11 -o CMakeFiles/cmTC_f2d17.dir/feature_tests.cxx.o -c /Volumes/256GHD/Work/paultorchjs/torch.js/thlib/build/CMakeFiles/feature_tests.cxx
Linking CXX executable cmTC_f2d17
/usr/local/Cellar/cmake/3.7.2/bin/cmake -E cmake_link_script CMakeFiles/cmTC_f2d17.dir/link.txt --verbose=1
/Applications/Xcode.app/Contents/Developer/Toolchains/XcodeDefault.xctoolchain/usr/bin/c++     -Wl,-search_paths_first -Wl,-headerpad_max_install_names   CMakeFiles/cmTC_f2d17.dir/feature_tests.cxx.o  -o cmTC_f2d17  


    Feature record: CXX_FEATURE:0cxx_aggregate_default_initializers
    Feature record: CXX_FEATURE:1cxx_alias_templates
    Feature record: CXX_FEATURE:1cxx_alignas
    Feature record: CXX_FEATURE:1cxx_alignof
    Feature record: CXX_FEATURE:1cxx_attributes
    Feature record: CXX_FEATURE:0cxx_attribute_deprecated
    Feature record: CXX_FEATURE:1cxx_auto_type
    Feature record: CXX_FEATURE:0cxx_binary_literals
    Feature record: CXX_FEATURE:1cxx_constexpr
    Feature record: CXX_FEATURE:0cxx_contextual_conversions
    Feature record: CXX_FEATURE:1cxx_decltype
    Feature record: CXX_FEATURE:0cxx_decltype_auto
    Feature record: CXX_FEATURE:1cxx_decltype_incomplete_return_types
    Feature record: CXX_FEATURE:1cxx_default_function_template_args
    Feature record: CXX_FEATURE:1cxx_defaulted_functions
    Feature record: CXX_FEATURE:1cxx_defaulted_move_initializers
    Feature record: CXX_FEATURE:1cxx_delegating_constructors
    Feature record: CXX_FEATURE:1cxx_deleted_functions
    Feature record: CXX_FEATURE:0cxx_digit_separators
    Feature record: CXX_FEATURE:1cxx_enum_forward_declarations
    Feature record: CXX_FEATURE:1cxx_explicit_conversions
    Feature record: CXX_FEATURE:1cxx_extended_friend_declarations
    Feature record: CXX_FEATURE:1cxx_extern_templates
    Feature record: CXX_FEATURE:1cxx_final
    Feature record: CXX_FEATURE:1cxx_func_identifier
    Feature record: CXX_FEATURE:1cxx_generalized_initializers
    Feature record: CXX_FEATURE:0cxx_generic_lambdas
    Feature record: CXX_FEATURE:1cxx_inheriting_constructors
    Feature record: CXX_FEATURE:1cxx_inline_namespaces
    Feature record: CXX_FEATURE:1cxx_lambdas
    Feature record: CXX_FEATURE:0cxx_lambda_init_captures
    Feature record: CXX_FEATURE:1cxx_local_type_template_args
    Feature record: CXX_FEATURE:1cxx_long_long_type
    Feature record: CXX_FEATURE:1cxx_noexcept
    Feature record: CXX_FEATURE:1cxx_nonstatic_member_init
    Feature record: CXX_FEATURE:1cxx_nullptr
    Feature record: CXX_FEATURE:1cxx_override
    Feature record: CXX_FEATURE:1cxx_range_for
    Feature record: CXX_FEATURE:1cxx_raw_string_literals
    Feature record: CXX_FEATURE:1cxx_reference_qualified_functions
    Feature record: CXX_FEATURE:0cxx_relaxed_constexpr
    Feature record: CXX_FEATURE:0cxx_return_type_deduction
    Feature record: CXX_FEATURE:1cxx_right_angle_brackets
    Feature record: CXX_FEATURE:1cxx_rvalue_references
    Feature record: CXX_FEATURE:1cxx_sizeof_member
    Feature record: CXX_FEATURE:1cxx_static_assert
    Feature record: CXX_FEATURE:1cxx_strong_enums
    Feature record: CXX_FEATURE:1cxx_template_template_parameters
    Feature record: CXX_FEATURE:0cxx_thread_local
    Feature record: CXX_FEATURE:1cxx_trailing_return_types
    Feature record: CXX_FEATURE:1cxx_unicode_literals
    Feature record: CXX_FEATURE:1cxx_uniform_initialization
    Feature record: CXX_FEATURE:1cxx_unrestricted_unions
    Feature record: CXX_FEATURE:1cxx_user_literals
    Feature record: CXX_FEATURE:0cxx_variable_templates
    Feature record: CXX_FEATURE:1cxx_variadic_macros
    Feature record: CXX_FEATURE:1cxx_variadic_templates


Detecting CXX [-std=c++98] compiler features compiled with the following output:
Change Dir: /Volumes/256GHD/Work/paultorchjs/torch.js/thlib/build/CMakeFiles/CMakeTmp

Run Build Command:"/usr/bin/make" "cmTC_9b4d0/fast"
/Applications/Xcode.app/Contents/Developer/usr/bin/make -f CMakeFiles/cmTC_9b4d0.dir/build.make CMakeFiles/cmTC_9b4d0.dir/build
Building CXX object CMakeFiles/cmTC_9b4d0.dir/feature_tests.cxx.o
/Applications/Xcode.app/Contents/Developer/Toolchains/XcodeDefault.xctoolchain/usr/bin/c++     -std=c++98 -o CMakeFiles/cmTC_9b4d0.dir/feature_tests.cxx.o -c /Volumes/256GHD/Work/paultorchjs/torch.js/thlib/build/CMakeFiles/feature_tests.cxx
Linking CXX executable cmTC_9b4d0
/usr/local/Cellar/cmake/3.7.2/bin/cmake -E cmake_link_script CMakeFiles/cmTC_9b4d0.dir/link.txt --verbose=1
/Applications/Xcode.app/Contents/Developer/Toolchains/XcodeDefault.xctoolchain/usr/bin/c++     -Wl,-search_paths_first -Wl,-headerpad_max_install_names   CMakeFiles/cmTC_9b4d0.dir/feature_tests.cxx.o  -o cmTC_9b4d0  


    Feature record: CXX_FEATURE:0cxx_aggregate_default_initializers
    Feature record: CXX_FEATURE:0cxx_alias_templates
    Feature record: CXX_FEATURE:0cxx_alignas
    Feature record: CXX_FEATURE:0cxx_alignof
    Feature record: CXX_FEATURE:0cxx_attributes
    Feature record: CXX_FEATURE:0cxx_attribute_deprecated
    Feature record: CXX_FEATURE:0cxx_auto_type
    Feature record: CXX_FEATURE:0cxx_binary_literals
    Feature record: CXX_FEATURE:0cxx_constexpr
    Feature record: CXX_FEATURE:0cxx_contextual_conversions
    Feature record: CXX_FEATURE:0cxx_decltype
    Feature record: CXX_FEATURE:0cxx_decltype_auto
    Feature record: CXX_FEATURE:0cxx_decltype_incomplete_return_types
    Feature record: CXX_FEATURE:0cxx_default_function_template_args
    Feature record: CXX_FEATURE:0cxx_defaulted_functions
    Feature record: CXX_FEATURE:0cxx_defaulted_move_initializers
    Feature record: CXX_FEATURE:0cxx_delegating_constructors
    Feature record: CXX_FEATURE:0cxx_deleted_functions
    Feature record: CXX_FEATURE:0cxx_digit_separators
    Feature record: CXX_FEATURE:0cxx_enum_forward_declarations
    Feature record: CXX_FEATURE:0cxx_explicit_conversions
    Feature record: CXX_FEATURE:0cxx_extended_friend_declarations
    Feature record: CXX_FEATURE:0cxx_extern_templates
    Feature record: CXX_FEATURE:0cxx_final
    Feature record: CXX_FEATURE:0cxx_func_identifier
    Feature record: CXX_FEATURE:0cxx_generalized_initializers
    Feature record: CXX_FEATURE:0cxx_generic_lambdas
    Feature record: CXX_FEATURE:0cxx_inheriting_constructors
    Feature record: CXX_FEATURE:0cxx_inline_namespaces
    Feature record: CXX_FEATURE:0cxx_lambdas
    Feature record: CXX_FEATURE:0cxx_lambda_init_captures
    Feature record: CXX_FEATURE:0cxx_local_type_template_args
    Feature record: CXX_FEATURE:0cxx_long_long_type
    Feature record: CXX_FEATURE:0cxx_noexcept
    Feature record: CXX_FEATURE:0cxx_nonstatic_member_init
    Feature record: CXX_FEATURE:0cxx_nullptr
    Feature record: CXX_FEATURE:0cxx_override
    Feature record: CXX_FEATURE:0cxx_range_for
    Feature record: CXX_FEATURE:0cxx_raw_string_literals
    Feature record: CXX_FEATURE:0cxx_reference_qualified_functions
    Feature record: CXX_FEATURE:0cxx_relaxed_constexpr
    Feature record: CXX_FEATURE:0cxx_return_type_deduction
    Feature record: CXX_FEATURE:0cxx_right_angle_brackets
    Feature record: CXX_FEATURE:0cxx_rvalue_references
    Feature record: CXX_FEATURE:0cxx_sizeof_member
    Feature record: CXX_FEATURE:0cxx_static_assert
    Feature record: CXX_FEATURE:0cxx_strong_enums
    Feature record: CXX_FEATURE:1cxx_template_template_parameters
    Feature record: CXX_FEATURE:0cxx_thread_local
    Feature record: CXX_FEATURE:0cxx_trailing_return_types
    Feature record: CXX_FEATURE:0cxx_unicode_literals
    Feature record: CXX_FEATURE:0cxx_uniform_initialization
    Feature record: CXX_FEATURE:0cxx_unrestricted_unions
    Feature record: CXX_FEATURE:0cxx_user_literals
    Feature record: CXX_FEATURE:0cxx_variable_templates
    Feature record: CXX_FEATURE:0cxx_variadic_macros
    Feature record: CXX_FEATURE:0cxx_variadic_templates
Performing C SOURCE FILE Test C_HAS_SSE1_1 succeeded with the following output:
Change Dir: /Volumes/256GHD/Work/paultorchjs/torch.js/thlib/build/CMakeFiles/CMakeTmp

Run Build Command:"/usr/bin/make" "cmTC_f34e7/fast"
/Applications/Xcode.app/Contents/Developer/usr/bin/make -f CMakeFiles/cmTC_f34e7.dir/build.make CMakeFiles/cmTC_f34e7.dir/build
Building C object CMakeFiles/cmTC_f34e7.dir/src.c.o
/Applications/Xcode.app/Contents/Developer/Toolchains/XcodeDefault.xctoolchain/usr/bin/cc    -DC_HAS_SSE1_1   -o CMakeFiles/cmTC_f34e7.dir/src.c.o   -c /Volumes/256GHD/Work/paultorchjs/torch.js/thlib/build/CMakeFiles/CMakeTmp/src.c
Linking C executable cmTC_f34e7
/usr/local/Cellar/cmake/3.7.2/bin/cmake -E cmake_link_script CMakeFiles/cmTC_f34e7.dir/link.txt --verbose=1
/Applications/Xcode.app/Contents/Developer/Toolchains/XcodeDefault.xctoolchain/usr/bin/cc   -DC_HAS_SSE1_1 -Wl,-search_paths_first -Wl,-headerpad_max_install_names   CMakeFiles/cmTC_f34e7.dir/src.c.o  -o cmTC_f34e7  

Return value: 1
Source file was:

  #include <xmmintrin.h>

  int main()
  {
    __m128 a;
    float vals[4] = {0,0,0,0};
    a = _mm_loadu_ps(vals);
    return 0;
  }
Performing C SOURCE FILE Test C_HAS_SSE2_1 succeeded with the following output:
Change Dir: /Volumes/256GHD/Work/paultorchjs/torch.js/thlib/build/CMakeFiles/CMakeTmp

Run Build Command:"/usr/bin/make" "cmTC_29601/fast"
/Applications/Xcode.app/Contents/Developer/usr/bin/make -f CMakeFiles/cmTC_29601.dir/build.make CMakeFiles/cmTC_29601.dir/build
Building C object CMakeFiles/cmTC_29601.dir/src.c.o
/Applications/Xcode.app/Contents/Developer/Toolchains/XcodeDefault.xctoolchain/usr/bin/cc    -DC_HAS_SSE2_1   -o CMakeFiles/cmTC_29601.dir/src.c.o   -c /Volumes/256GHD/Work/paultorchjs/torch.js/thlib/build/CMakeFiles/CMakeTmp/src.c
Linking C executable cmTC_29601
/usr/local/Cellar/cmake/3.7.2/bin/cmake -E cmake_link_script CMakeFiles/cmTC_29601.dir/link.txt --verbose=1
/Applications/Xcode.app/Contents/Developer/Toolchains/XcodeDefault.xctoolchain/usr/bin/cc   -DC_HAS_SSE2_1 -Wl,-search_paths_first -Wl,-headerpad_max_install_names   CMakeFiles/cmTC_29601.dir/src.c.o  -o cmTC_29601  

Return value: 1
Source file was:

  #include <emmintrin.h>

  int main()
  {
    __m128d a;
    double vals[2] = {0,0};
    a = _mm_loadu_pd(vals);
    return 0;
  }
Performing C SOURCE FILE Test C_HAS_SSE3_1 succeeded with the following output:
Change Dir: /Volumes/256GHD/Work/paultorchjs/torch.js/thlib/build/CMakeFiles/CMakeTmp

Run Build Command:"/usr/bin/make" "cmTC_59ff7/fast"
/Applications/Xcode.app/Contents/Developer/usr/bin/make -f CMakeFiles/cmTC_59ff7.dir/build.make CMakeFiles/cmTC_59ff7.dir/build
Building C object CMakeFiles/cmTC_59ff7.dir/src.c.o
/Applications/Xcode.app/Contents/Developer/Toolchains/XcodeDefault.xctoolchain/usr/bin/cc    -DC_HAS_SSE3_1   -o CMakeFiles/cmTC_59ff7.dir/src.c.o   -c /Volumes/256GHD/Work/paultorchjs/torch.js/thlib/build/CMakeFiles/CMakeTmp/src.c
Linking C executable cmTC_59ff7
/usr/local/Cellar/cmake/3.7.2/bin/cmake -E cmake_link_script CMakeFiles/cmTC_59ff7.dir/link.txt --verbose=1
/Applications/Xcode.app/Contents/Developer/Toolchains/XcodeDefault.xctoolchain/usr/bin/cc   -DC_HAS_SSE3_1 -Wl,-search_paths_first -Wl,-headerpad_max_install_names   CMakeFiles/cmTC_59ff7.dir/src.c.o  -o cmTC_59ff7  

Return value: 1
Source file was:

  #include <pmmintrin.h>

  int main( )
  {
    const int vals[4] = {0,0,0,0};
    __m128i a;
    a = _mm_lddqu_si128( (const __m128i*)vals );
    return 0;
  }
Performing C SOURCE FILE Test C_HAS_SSE4_1_2 succeeded with the following output:
Change Dir: /Volumes/256GHD/Work/paultorchjs/torch.js/thlib/build/CMakeFiles/CMakeTmp

Run Build Command:"/usr/bin/make" "cmTC_304a3/fast"
/Applications/Xcode.app/Contents/Developer/usr/bin/make -f CMakeFiles/cmTC_304a3.dir/build.make CMakeFiles/cmTC_304a3.dir/build
Building C object CMakeFiles/cmTC_304a3.dir/src.c.o
/Applications/Xcode.app/Contents/Developer/Toolchains/XcodeDefault.xctoolchain/usr/bin/cc    -DC_HAS_SSE4_1_2 -msse4.1   -o CMakeFiles/cmTC_304a3.dir/src.c.o   -c /Volumes/256GHD/Work/paultorchjs/torch.js/thlib/build/CMakeFiles/CMakeTmp/src.c
/Volumes/256GHD/Work/paultorchjs/torch.js/thlib/build/CMakeFiles/CMakeTmp/src.c:6:22: warning: excess elements in vector initializer
    __m128i a = {0,0,0,0}, b = {0,0,0,0};
                     ^
/Volumes/256GHD/Work/paultorchjs/torch.js/thlib/build/CMakeFiles/CMakeTmp/src.c:6:37: warning: excess elements in vector initializer
    __m128i a = {0,0,0,0}, b = {0,0,0,0};
                                    ^
2 warnings generated.
Linking C executable cmTC_304a3
/usr/local/Cellar/cmake/3.7.2/bin/cmake -E cmake_link_script CMakeFiles/cmTC_304a3.dir/link.txt --verbose=1
/Applications/Xcode.app/Contents/Developer/Toolchains/XcodeDefault.xctoolchain/usr/bin/cc   -DC_HAS_SSE4_1_2 -msse4.1 -Wl,-search_paths_first -Wl,-headerpad_max_install_names   CMakeFiles/cmTC_304a3.dir/src.c.o  -o cmTC_304a3  

Return value: 1
Source file was:

  #include <smmintrin.h>

  int main ()
  {
    __m128i a = {0,0,0,0}, b = {0,0,0,0};
    __m128i res = _mm_max_epi8(a, b);

    return 0;
  }

Performing C SOURCE FILE Test C_HAS_SSE4_2_2 succeeded with the following output:
Change Dir: /Volumes/256GHD/Work/paultorchjs/torch.js/thlib/build/CMakeFiles/CMakeTmp

Run Build Command:"/usr/bin/make" "cmTC_f7c79/fast"
/Applications/Xcode.app/Contents/Developer/usr/bin/make -f CMakeFiles/cmTC_f7c79.dir/build.make CMakeFiles/cmTC_f7c79.dir/build
Building C object CMakeFiles/cmTC_f7c79.dir/src.c.o
/Applications/Xcode.app/Contents/Developer/Toolchains/XcodeDefault.xctoolchain/usr/bin/cc    -DC_HAS_SSE4_2_2 -msse4.2   -o CMakeFiles/cmTC_f7c79.dir/src.c.o   -c /Volumes/256GHD/Work/paultorchjs/torch.js/thlib/build/CMakeFiles/CMakeTmp/src.c
/Volumes/256GHD/Work/paultorchjs/torch.js/thlib/build/CMakeFiles/CMakeTmp/src.c:6:22: warning: excess elements in vector initializer
    __m128i a = {0,0,0,0}, b = {0,0,0,0}, c = {0,0,0,0};
                     ^
/Volumes/256GHD/Work/paultorchjs/torch.js/thlib/build/CMakeFiles/CMakeTmp/src.c:6:37: warning: excess elements in vector initializer
    __m128i a = {0,0,0,0}, b = {0,0,0,0}, c = {0,0,0,0};
                                    ^
/Volumes/256GHD/Work/paultorchjs/torch.js/thlib/build/CMakeFiles/CMakeTmp/src.c:6:52: warning: excess elements in vector initializer
    __m128i a = {0,0,0,0}, b = {0,0,0,0}, c = {0,0,0,0};
                                                   ^
3 warnings generated.
Linking C executable cmTC_f7c79
/usr/local/Cellar/cmake/3.7.2/bin/cmake -E cmake_link_script CMakeFiles/cmTC_f7c79.dir/link.txt --verbose=1
/Applications/Xcode.app/Contents/Developer/Toolchains/XcodeDefault.xctoolchain/usr/bin/cc   -DC_HAS_SSE4_2_2 -msse4.2 -Wl,-search_paths_first -Wl,-headerpad_max_install_names   CMakeFiles/cmTC_f7c79.dir/src.c.o  -o cmTC_f7c79  

Return value: 1
Source file was:

  #include <nmmintrin.h>

  int main()
  {
    __m128i a = {0,0,0,0}, b = {0,0,0,0}, c = {0,0,0,0};
    c = _mm_cmpgt_epi64(a, b);
    return 0;
  }

Performing C SOURCE FILE Test C_HAS_AVX_2 succeeded with the following output:
Change Dir: /Volumes/256GHD/Work/paultorchjs/torch.js/thlib/build/CMakeFiles/CMakeTmp

Run Build Command:"/usr/bin/make" "cmTC_77f1a/fast"
/Applications/Xcode.app/Contents/Developer/usr/bin/make -f CMakeFiles/cmTC_77f1a.dir/build.make CMakeFiles/cmTC_77f1a.dir/build
Building C object CMakeFiles/cmTC_77f1a.dir/src.c.o
/Applications/Xcode.app/Contents/Developer/Toolchains/XcodeDefault.xctoolchain/usr/bin/cc    -DC_HAS_AVX_2 -mavx   -o CMakeFiles/cmTC_77f1a.dir/src.c.o   -c /Volumes/256GHD/Work/paultorchjs/torch.js/thlib/build/CMakeFiles/CMakeTmp/src.c
Linking C executable cmTC_77f1a
/usr/local/Cellar/cmake/3.7.2/bin/cmake -E cmake_link_script CMakeFiles/cmTC_77f1a.dir/link.txt --verbose=1
/Applications/Xcode.app/Contents/Developer/Toolchains/XcodeDefault.xctoolchain/usr/bin/cc   -DC_HAS_AVX_2 -mavx -Wl,-search_paths_first -Wl,-headerpad_max_install_names   CMakeFiles/cmTC_77f1a.dir/src.c.o  -o cmTC_77f1a  

Return value: 1
Source file was:

  #include <immintrin.h>

  int main()
  {
     __m256 a;
    a = _mm256_set1_ps(0);
    return 0;
  }

Performing C SOURCE FILE Test CXX_HAS_SSE1_1 succeeded with the following output:
Change Dir: /Volumes/256GHD/Work/paultorchjs/torch.js/thlib/build/CMakeFiles/CMakeTmp

Run Build Command:"/usr/bin/make" "cmTC_6d209/fast"
/Applications/Xcode.app/Contents/Developer/usr/bin/make -f CMakeFiles/cmTC_6d209.dir/build.make CMakeFiles/cmTC_6d209.dir/build
Building C object CMakeFiles/cmTC_6d209.dir/src.c.o
/Applications/Xcode.app/Contents/Developer/Toolchains/XcodeDefault.xctoolchain/usr/bin/cc    -DCXX_HAS_SSE1_1   -o CMakeFiles/cmTC_6d209.dir/src.c.o   -c /Volumes/256GHD/Work/paultorchjs/torch.js/thlib/build/CMakeFiles/CMakeTmp/src.c
Linking C executable cmTC_6d209
/usr/local/Cellar/cmake/3.7.2/bin/cmake -E cmake_link_script CMakeFiles/cmTC_6d209.dir/link.txt --verbose=1
/Applications/Xcode.app/Contents/Developer/Toolchains/XcodeDefault.xctoolchain/usr/bin/cc   -DCXX_HAS_SSE1_1 -Wl,-search_paths_first -Wl,-headerpad_max_install_names   CMakeFiles/cmTC_6d209.dir/src.c.o  -o cmTC_6d209  

Return value: 1
Source file was:

  #include <xmmintrin.h>

  int main()
  {
    __m128 a;
    float vals[4] = {0,0,0,0};
    a = _mm_loadu_ps(vals);
    return 0;
  }
Performing C SOURCE FILE Test CXX_HAS_SSE2_1 succeeded with the following output:
Change Dir: /Volumes/256GHD/Work/paultorchjs/torch.js/thlib/build/CMakeFiles/CMakeTmp

Run Build Command:"/usr/bin/make" "cmTC_d6a60/fast"
/Applications/Xcode.app/Contents/Developer/usr/bin/make -f CMakeFiles/cmTC_d6a60.dir/build.make CMakeFiles/cmTC_d6a60.dir/build
Building C object CMakeFiles/cmTC_d6a60.dir/src.c.o
/Applications/Xcode.app/Contents/Developer/Toolchains/XcodeDefault.xctoolchain/usr/bin/cc    -DCXX_HAS_SSE2_1   -o CMakeFiles/cmTC_d6a60.dir/src.c.o   -c /Volumes/256GHD/Work/paultorchjs/torch.js/thlib/build/CMakeFiles/CMakeTmp/src.c
Linking C executable cmTC_d6a60
/usr/local/Cellar/cmake/3.7.2/bin/cmake -E cmake_link_script CMakeFiles/cmTC_d6a60.dir/link.txt --verbose=1
/Applications/Xcode.app/Contents/Developer/Toolchains/XcodeDefault.xctoolchain/usr/bin/cc   -DCXX_HAS_SSE2_1 -Wl,-search_paths_first -Wl,-headerpad_max_install_names   CMakeFiles/cmTC_d6a60.dir/src.c.o  -o cmTC_d6a60  

Return value: 1
Source file was:

  #include <emmintrin.h>

  int main()
  {
    __m128d a;
    double vals[2] = {0,0};
    a = _mm_loadu_pd(vals);
    return 0;
  }
Performing C SOURCE FILE Test CXX_HAS_SSE3_1 succeeded with the following output:
Change Dir: /Volumes/256GHD/Work/paultorchjs/torch.js/thlib/build/CMakeFiles/CMakeTmp

Run Build Command:"/usr/bin/make" "cmTC_f86a6/fast"
/Applications/Xcode.app/Contents/Developer/usr/bin/make -f CMakeFiles/cmTC_f86a6.dir/build.make CMakeFiles/cmTC_f86a6.dir/build
Building C object CMakeFiles/cmTC_f86a6.dir/src.c.o
/Applications/Xcode.app/Contents/Developer/Toolchains/XcodeDefault.xctoolchain/usr/bin/cc    -DCXX_HAS_SSE3_1   -o CMakeFiles/cmTC_f86a6.dir/src.c.o   -c /Volumes/256GHD/Work/paultorchjs/torch.js/thlib/build/CMakeFiles/CMakeTmp/src.c
Linking C executable cmTC_f86a6
/usr/local/Cellar/cmake/3.7.2/bin/cmake -E cmake_link_script CMakeFiles/cmTC_f86a6.dir/link.txt --verbose=1
/Applications/Xcode.app/Contents/Developer/Toolchains/XcodeDefault.xctoolchain/usr/bin/cc   -DCXX_HAS_SSE3_1 -Wl,-search_paths_first -Wl,-headerpad_max_install_names   CMakeFiles/cmTC_f86a6.dir/src.c.o  -o cmTC_f86a6  

Return value: 1
Source file was:

  #include <pmmintrin.h>

  int main( )
  {
    const int vals[4] = {0,0,0,0};
    __m128i a;
    a = _mm_lddqu_si128( (const __m128i*)vals );
    return 0;
  }
Performing C SOURCE FILE Test CXX_HAS_SSE4_1_2 succeeded with the following output:
Change Dir: /Volumes/256GHD/Work/paultorchjs/torch.js/thlib/build/CMakeFiles/CMakeTmp

Run Build Command:"/usr/bin/make" "cmTC_242b9/fast"
/Applications/Xcode.app/Contents/Developer/usr/bin/make -f CMakeFiles/cmTC_242b9.dir/build.make CMakeFiles/cmTC_242b9.dir/build
Building C object CMakeFiles/cmTC_242b9.dir/src.c.o
/Applications/Xcode.app/Contents/Developer/Toolchains/XcodeDefault.xctoolchain/usr/bin/cc    -DCXX_HAS_SSE4_1_2 -msse4.1   -o CMakeFiles/cmTC_242b9.dir/src.c.o   -c /Volumes/256GHD/Work/paultorchjs/torch.js/thlib/build/CMakeFiles/CMakeTmp/src.c
/Volumes/256GHD/Work/paultorchjs/torch.js/thlib/build/CMakeFiles/CMakeTmp/src.c:6:22: warning: excess elements in vector initializer
    __m128i a = {0,0,0,0}, b = {0,0,0,0};
                     ^
/Volumes/256GHD/Work/paultorchjs/torch.js/thlib/build/CMakeFiles/CMakeTmp/src.c:6:37: warning: excess elements in vector initializer
    __m128i a = {0,0,0,0}, b = {0,0,0,0};
                                    ^
2 warnings generated.
Linking C executable cmTC_242b9
/usr/local/Cellar/cmake/3.7.2/bin/cmake -E cmake_link_script CMakeFiles/cmTC_242b9.dir/link.txt --verbose=1
/Applications/Xcode.app/Contents/Developer/Toolchains/XcodeDefault.xctoolchain/usr/bin/cc   -DCXX_HAS_SSE4_1_2 -msse4.1 -Wl,-search_paths_first -Wl,-headerpad_max_install_names   CMakeFiles/cmTC_242b9.dir/src.c.o  -o cmTC_242b9  

Return value: 1
Source file was:

  #include <smmintrin.h>

  int main ()
  {
    __m128i a = {0,0,0,0}, b = {0,0,0,0};
    __m128i res = _mm_max_epi8(a, b);

    return 0;
  }

Performing C SOURCE FILE Test CXX_HAS_SSE4_2_2 succeeded with the following output:
Change Dir: /Volumes/256GHD/Work/paultorchjs/torch.js/thlib/build/CMakeFiles/CMakeTmp

Run Build Command:"/usr/bin/make" "cmTC_6287d/fast"
/Applications/Xcode.app/Contents/Developer/usr/bin/make -f CMakeFiles/cmTC_6287d.dir/build.make CMakeFiles/cmTC_6287d.dir/build
Building C object CMakeFiles/cmTC_6287d.dir/src.c.o
/Applications/Xcode.app/Contents/Developer/Toolchains/XcodeDefault.xctoolchain/usr/bin/cc    -DCXX_HAS_SSE4_2_2 -msse4.2   -o CMakeFiles/cmTC_6287d.dir/src.c.o   -c /Volumes/256GHD/Work/paultorchjs/torch.js/thlib/build/CMakeFiles/CMakeTmp/src.c
/Volumes/256GHD/Work/paultorchjs/torch.js/thlib/build/CMakeFiles/CMakeTmp/src.c:6:22: warning: excess elements in vector initializer
    __m128i a = {0,0,0,0}, b = {0,0,0,0}, c = {0,0,0,0};
                     ^
/Volumes/256GHD/Work/paultorchjs/torch.js/thlib/build/CMakeFiles/CMakeTmp/src.c:6:37: warning: excess elements in vector initializer
    __m128i a = {0,0,0,0}, b = {0,0,0,0}, c = {0,0,0,0};
                                    ^
/Volumes/256GHD/Work/paultorchjs/torch.js/thlib/build/CMakeFiles/CMakeTmp/src.c:6:52: warning: excess elements in vector initializer
    __m128i a = {0,0,0,0}, b = {0,0,0,0}, c = {0,0,0,0};
                                                   ^
3 warnings generated.
Linking C executable cmTC_6287d
/usr/local/Cellar/cmake/3.7.2/bin/cmake -E cmake_link_script CMakeFiles/cmTC_6287d.dir/link.txt --verbose=1
/Applications/Xcode.app/Contents/Developer/Toolchains/XcodeDefault.xctoolchain/usr/bin/cc   -DCXX_HAS_SSE4_2_2 -msse4.2 -Wl,-search_paths_first -Wl,-headerpad_max_install_names   CMakeFiles/cmTC_6287d.dir/src.c.o  -o cmTC_6287d  

Return value: 1
Source file was:

  #include <nmmintrin.h>

  int main()
  {
    __m128i a = {0,0,0,0}, b = {0,0,0,0}, c = {0,0,0,0};
    c = _mm_cmpgt_epi64(a, b);
    return 0;
  }

Performing C SOURCE FILE Test HAS_GCC_ATOMICS succeeded with the following output:
Change Dir: /Volumes/256GHD/Work/paultorchjs/torch.js/thlib/build/CMakeFiles/CMakeTmp

Run Build Command:"/usr/bin/make" "cmTC_18ab7/fast"
/Applications/Xcode.app/Contents/Developer/usr/bin/make -f CMakeFiles/cmTC_18ab7.dir/build.make CMakeFiles/cmTC_18ab7.dir/build
Building C object CMakeFiles/cmTC_18ab7.dir/src.c.o
/Applications/Xcode.app/Contents/Developer/Toolchains/XcodeDefault.xctoolchain/usr/bin/cc    -DUSE_AVX -msse4.2 -DUSE_SSE4_2 -msse4.1 -DUSE_SSE4_1   -DUSE_SSE3   -DUSE_SSE2  -DHAS_GCC_ATOMICS   -o CMakeFiles/cmTC_18ab7.dir/src.c.o   -c /Volumes/256GHD/Work/paultorchjs/torch.js/thlib/build/CMakeFiles/CMakeTmp/src.c
Linking C executable cmTC_18ab7
/usr/local/Cellar/cmake/3.7.2/bin/cmake -E cmake_link_script CMakeFiles/cmTC_18ab7.dir/link.txt --verbose=1
/Applications/Xcode.app/Contents/Developer/Toolchains/XcodeDefault.xctoolchain/usr/bin/cc  -DUSE_AVX -msse4.2 -DUSE_SSE4_2 -msse4.1 -DUSE_SSE4_1   -DUSE_SSE3   -DUSE_SSE2  -DHAS_GCC_ATOMICS -Wl,-search_paths_first -Wl,-headerpad_max_install_names   CMakeFiles/cmTC_18ab7.dir/src.c.o  -o cmTC_18ab7  

Return value: 1
Source file was:

int main()
{
  int a;
  __sync_lock_test_and_set(&a, 1);
  __sync_fetch_and_add(&a, 1);
  if(!__sync_bool_compare_and_swap(&a, 2, 3))
    return -1;
  return 0;
}

Determining if the include file sys/types.h exists passed with the following output:
Change Dir: /Volumes/256GHD/Work/paultorchjs/torch.js/thlib/build/CMakeFiles/CMakeTmp

Run Build Command:"/usr/bin/make" "cmTC_3497e/fast"
/Applications/Xcode.app/Contents/Developer/usr/bin/make -f CMakeFiles/cmTC_3497e.dir/build.make CMakeFiles/cmTC_3497e.dir/build
Building C object CMakeFiles/cmTC_3497e.dir/CheckIncludeFile.c.o
/Applications/Xcode.app/Contents/Developer/Toolchains/XcodeDefault.xctoolchain/usr/bin/cc    -DUSE_AVX -msse4.2 -DUSE_SSE4_2 -msse4.1 -DUSE_SSE4_1   -DUSE_SSE3   -DUSE_SSE2     -o CMakeFiles/cmTC_3497e.dir/CheckIncludeFile.c.o   -c /Volumes/256GHD/Work/paultorchjs/torch.js/thlib/build/CMakeFiles/CMakeTmp/CheckIncludeFile.c
Linking C executable cmTC_3497e
/usr/local/Cellar/cmake/3.7.2/bin/cmake -E cmake_link_script CMakeFiles/cmTC_3497e.dir/link.txt --verbose=1
/Applications/Xcode.app/Contents/Developer/Toolchains/XcodeDefault.xctoolchain/usr/bin/cc  -DUSE_AVX -msse4.2 -DUSE_SSE4_2 -msse4.1 -DUSE_SSE4_1   -DUSE_SSE3   -DUSE_SSE2   -Wl,-search_paths_first -Wl,-headerpad_max_install_names   CMakeFiles/cmTC_3497e.dir/CheckIncludeFile.c.o  -o cmTC_3497e  


Determining if the include file stdint.h exists passed with the following output:
Change Dir: /Volumes/256GHD/Work/paultorchjs/torch.js/thlib/build/CMakeFiles/CMakeTmp

Run Build Command:"/usr/bin/make" "cmTC_07ee9/fast"
/Applications/Xcode.app/Contents/Developer/usr/bin/make -f CMakeFiles/cmTC_07ee9.dir/build.make CMakeFiles/cmTC_07ee9.dir/build
Building C object CMakeFiles/cmTC_07ee9.dir/CheckIncludeFile.c.o
/Applications/Xcode.app/Contents/Developer/Toolchains/XcodeDefault.xctoolchain/usr/bin/cc    -DUSE_AVX -msse4.2 -DUSE_SSE4_2 -msse4.1 -DUSE_SSE4_1   -DUSE_SSE3   -DUSE_SSE2     -o CMakeFiles/cmTC_07ee9.dir/CheckIncludeFile.c.o   -c /Volumes/256GHD/Work/paultorchjs/torch.js/thlib/build/CMakeFiles/CMakeTmp/CheckIncludeFile.c
Linking C executable cmTC_07ee9
/usr/local/Cellar/cmake/3.7.2/bin/cmake -E cmake_link_script CMakeFiles/cmTC_07ee9.dir/link.txt --verbose=1
/Applications/Xcode.app/Contents/Developer/Toolchains/XcodeDefault.xctoolchain/usr/bin/cc  -DUSE_AVX -msse4.2 -DUSE_SSE4_2 -msse4.1 -DUSE_SSE4_1   -DUSE_SSE3   -DUSE_SSE2   -Wl,-search_paths_first -Wl,-headerpad_max_install_names   CMakeFiles/cmTC_07ee9.dir/CheckIncludeFile.c.o  -o cmTC_07ee9  


Determining if the include file stddef.h exists passed with the following output:
Change Dir: /Volumes/256GHD/Work/paultorchjs/torch.js/thlib/build/CMakeFiles/CMakeTmp

Run Build Command:"/usr/bin/make" "cmTC_caf6c/fast"
/Applications/Xcode.app/Contents/Developer/usr/bin/make -f CMakeFiles/cmTC_caf6c.dir/build.make CMakeFiles/cmTC_caf6c.dir/build
Building C object CMakeFiles/cmTC_caf6c.dir/CheckIncludeFile.c.o
/Applications/Xcode.app/Contents/Developer/Toolchains/XcodeDefault.xctoolchain/usr/bin/cc    -DUSE_AVX -msse4.2 -DUSE_SSE4_2 -msse4.1 -DUSE_SSE4_1   -DUSE_SSE3   -DUSE_SSE2     -o CMakeFiles/cmTC_caf6c.dir/CheckIncludeFile.c.o   -c /Volumes/256GHD/Work/paultorchjs/torch.js/thlib/build/CMakeFiles/CMakeTmp/CheckIncludeFile.c
Linking C executable cmTC_caf6c
/usr/local/Cellar/cmake/3.7.2/bin/cmake -E cmake_link_script CMakeFiles/cmTC_caf6c.dir/link.txt --verbose=1
/Applications/Xcode.app/Contents/Developer/Toolchains/XcodeDefault.xctoolchain/usr/bin/cc  -DUSE_AVX -msse4.2 -DUSE_SSE4_2 -msse4.1 -DUSE_SSE4_1   -DUSE_SSE3   -DUSE_SSE2   -Wl,-search_paths_first -Wl,-headerpad_max_install_names   CMakeFiles/cmTC_caf6c.dir/CheckIncludeFile.c.o  -o cmTC_caf6c  


Determining size of void* passed with the following output:
Change Dir: /Volumes/256GHD/Work/paultorchjs/torch.js/thlib/build/CMakeFiles/CMakeTmp

Run Build Command:"/usr/bin/make" "cmTC_ce9e1/fast"
/Applications/Xcode.app/Contents/Developer/usr/bin/make -f CMakeFiles/cmTC_ce9e1.dir/build.make CMakeFiles/cmTC_ce9e1.dir/build
Building C object CMakeFiles/cmTC_ce9e1.dir/SIZE_OF_VOIDP.c.o
/Applications/Xcode.app/Contents/Developer/Toolchains/XcodeDefault.xctoolchain/usr/bin/cc    -DUSE_AVX -msse4.2 -DUSE_SSE4_2 -msse4.1 -DUSE_SSE4_1   -DUSE_SSE3   -DUSE_SSE2     -o CMakeFiles/cmTC_ce9e1.dir/SIZE_OF_VOIDP.c.o   -c /Volumes/256GHD/Work/paultorchjs/torch.js/thlib/build/CMakeFiles/CheckTypeSize/SIZE_OF_VOIDP.c
Linking C executable cmTC_ce9e1
/usr/local/Cellar/cmake/3.7.2/bin/cmake -E cmake_link_script CMakeFiles/cmTC_ce9e1.dir/link.txt --verbose=1
/Applications/Xcode.app/Contents/Developer/Toolchains/XcodeDefault.xctoolchain/usr/bin/cc  -DUSE_AVX -msse4.2 -DUSE_SSE4_2 -msse4.1 -DUSE_SSE4_1   -DUSE_SSE3   -DUSE_SSE2   -Wl,-search_paths_first -Wl,-headerpad_max_install_names   CMakeFiles/cmTC_ce9e1.dir/SIZE_OF_VOIDP.c.o  -o cmTC_ce9e1  


Determining if the function sgemm_ exists passed with the following output:
Change Dir: /Volumes/256GHD/Work/paultorchjs/torch.js/thlib/build/CMakeFiles/CMakeTmp

Run Build Command:"/usr/bin/make" "cmTC_ea3d7/fast"
/Applications/Xcode.app/Contents/Developer/usr/bin/make -f CMakeFiles/cmTC_ea3d7.dir/build.make CMakeFiles/cmTC_ea3d7.dir/build
Building C object CMakeFiles/cmTC_ea3d7.dir/CheckFunctionExists.c.o
/Applications/Xcode.app/Contents/Developer/Toolchains/XcodeDefault.xctoolchain/usr/bin/cc    -DUSE_AVX -msse4.2 -DUSE_SSE4_2 -msse4.1 -DUSE_SSE4_1   -DUSE_SSE3   -DUSE_SSE2  -DCHECK_FUNCTION_EXISTS=sgemm_   -o CMakeFiles/cmTC_ea3d7.dir/CheckFunctionExists.c.o   -c /usr/local/Cellar/cmake/3.7.2/share/cmake/Modules/CheckFunctionExists.c
Linking C executable cmTC_ea3d7
/usr/local/Cellar/cmake/3.7.2/bin/cmake -E cmake_link_script CMakeFiles/cmTC_ea3d7.dir/link.txt --verbose=1
/Applications/Xcode.app/Contents/Developer/Toolchains/XcodeDefault.xctoolchain/usr/bin/cc  -DUSE_AVX -msse4.2 -DUSE_SSE4_2 -msse4.1 -DUSE_SSE4_1   -DUSE_SSE3   -DUSE_SSE2  -DCHECK_FUNCTION_EXISTS=sgemm_ -Wl,-search_paths_first -Wl,-headerpad_max_install_names   CMakeFiles/cmTC_ea3d7.dir/CheckFunctionExists.c.o  -o cmTC_ea3d7  -framework Accelerate 


Performing C SOURCE FILE Test BLAS_F2C_DOUBLE_WORKS succeeded with the following output:
Change Dir: /Volumes/256GHD/Work/paultorchjs/torch.js/thlib/build/CMakeFiles/CMakeTmp

Run Build Command:"/usr/bin/make" "cmTC_ee788/fast"
/Applications/Xcode.app/Contents/Developer/usr/bin/make -f CMakeFiles/cmTC_ee788.dir/build.make CMakeFiles/cmTC_ee788.dir/build
Building C object CMakeFiles/cmTC_ee788.dir/src.c.o
/Applications/Xcode.app/Contents/Developer/Toolchains/XcodeDefault.xctoolchain/usr/bin/cc    -DUSE_AVX -msse4.2 -DUSE_SSE4_2 -msse4.1 -DUSE_SSE4_1   -DUSE_SSE3   -DUSE_SSE2  -DBLAS_F2C_DOUBLE_WORKS   -o CMakeFiles/cmTC_ee788.dir/src.c.o   -c /Volumes/256GHD/Work/paultorchjs/torch.js/thlib/build/CMakeFiles/CMakeTmp/src.c
Linking C executable cmTC_ee788
/usr/local/Cellar/cmake/3.7.2/bin/cmake -E cmake_link_script CMakeFiles/cmTC_ee788.dir/link.txt --verbose=1
/Applications/Xcode.app/Contents/Developer/Toolchains/XcodeDefault.xctoolchain/usr/bin/cc  -DUSE_AVX -msse4.2 -DUSE_SSE4_2 -msse4.1 -DUSE_SSE4_1   -DUSE_SSE3   -DUSE_SSE2  -DBLAS_F2C_DOUBLE_WORKS -Wl,-search_paths_first -Wl,-headerpad_max_install_names   CMakeFiles/cmTC_ee788.dir/src.c.o  -o cmTC_ee788  -framework Accelerate 

Return value: 1
Source file was:

#include <stdlib.h>
#include <stdio.h>
float x[4] = { 1, 2, 3, 4 };
float y[4] = { .1, .01, .001, .0001 };
int four = 4;
int one = 1;
extern double sdot_();
int main() {
  int i;
  double r = sdot_(&four, x, &one, y, &one);
  exit((float)r != (float).1234);
}
Determining if the function cheev_ exists passed with the following output:
Change Dir: /Volumes/256GHD/Work/paultorchjs/torch.js/thlib/build/CMakeFiles/CMakeTmp

Run Build Command:"/usr/bin/make" "cmTC_5b779/fast"
/Applications/Xcode.app/Contents/Developer/usr/bin/make -f CMakeFiles/cmTC_5b779.dir/build.make CMakeFiles/cmTC_5b779.dir/build
Building C object CMakeFiles/cmTC_5b779.dir/CheckFunctionExists.c.o
/Applications/Xcode.app/Contents/Developer/Toolchains/XcodeDefault.xctoolchain/usr/bin/cc    -DUSE_AVX -msse4.2 -DUSE_SSE4_2 -msse4.1 -DUSE_SSE4_1   -DUSE_SSE3   -DUSE_SSE2  -DCHECK_FUNCTION_EXISTS=cheev_   -o CMakeFiles/cmTC_5b779.dir/CheckFunctionExists.c.o   -c /usr/local/Cellar/cmake/3.7.2/share/cmake/Modules/CheckFunctionExists.c
Linking C executable cmTC_5b779
/usr/local/Cellar/cmake/3.7.2/bin/cmake -E cmake_link_script CMakeFiles/cmTC_5b779.dir/link.txt --verbose=1
/Applications/Xcode.app/Contents/Developer/Toolchains/XcodeDefault.xctoolchain/usr/bin/cc  -DUSE_AVX -msse4.2 -DUSE_SSE4_2 -msse4.1 -DUSE_SSE4_1   -DUSE_SSE3   -DUSE_SSE2  -DCHECK_FUNCTION_EXISTS=cheev_ -Wl,-search_paths_first -Wl,-headerpad_max_install_names   CMakeFiles/cmTC_5b779.dir/CheckFunctionExists.c.o  -o cmTC_5b779  -framework Accelerate 


Determining if the function mmap exists passed with the following output:
Change Dir: /Volumes/256GHD/Work/paultorchjs/torch.js/thlib/build/CMakeFiles/CMakeTmp

Run Build Command:"/usr/bin/make" "cmTC_fd127/fast"
/Applications/Xcode.app/Contents/Developer/usr/bin/make -f CMakeFiles/cmTC_fd127.dir/build.make CMakeFiles/cmTC_fd127.dir/build
Building C object CMakeFiles/cmTC_fd127.dir/CheckFunctionExists.c.o
/Applications/Xcode.app/Contents/Developer/Toolchains/XcodeDefault.xctoolchain/usr/bin/cc    -DUSE_AVX -msse4.2 -DUSE_SSE4_2 -msse4.1 -DUSE_SSE4_1   -DUSE_SSE3   -DUSE_SSE2  -DCHECK_FUNCTION_EXISTS=mmap   -o CMakeFiles/cmTC_fd127.dir/CheckFunctionExists.c.o   -c /usr/local/Cellar/cmake/3.7.2/share/cmake/Modules/CheckFunctionExists.c
Linking C executable cmTC_fd127
/usr/local/Cellar/cmake/3.7.2/bin/cmake -E cmake_link_script CMakeFiles/cmTC_fd127.dir/link.txt --verbose=1
/Applications/Xcode.app/Contents/Developer/Toolchains/XcodeDefault.xctoolchain/usr/bin/cc  -DUSE_AVX -msse4.2 -DUSE_SSE4_2 -msse4.1 -DUSE_SSE4_1   -DUSE_SSE3   -DUSE_SSE2  -DCHECK_FUNCTION_EXISTS=mmap -Wl,-search_paths_first -Wl,-headerpad_max_install_names   CMakeFiles/cmTC_fd127.dir/CheckFunctionExists.c.o  -o cmTC_fd127  -framework Accelerate 


Determining if the function shm_open exists passed with the following output:
Change Dir: /Volumes/256GHD/Work/paultorchjs/torch.js/thlib/build/CMakeFiles/CMakeTmp

Run Build Command:"/usr/bin/make" "cmTC_3786c/fast"
/Applications/Xcode.app/Contents/Developer/usr/bin/make -f CMakeFiles/cmTC_3786c.dir/build.make CMakeFiles/cmTC_3786c.dir/build
Building C object CMakeFiles/cmTC_3786c.dir/CheckFunctionExists.c.o
/Applications/Xcode.app/Contents/Developer/Toolchains/XcodeDefault.xctoolchain/usr/bin/cc    -DUSE_AVX -msse4.2 -DUSE_SSE4_2 -msse4.1 -DUSE_SSE4_1   -DUSE_SSE3   -DUSE_SSE2  -DCHECK_FUNCTION_EXISTS=shm_open   -o CMakeFiles/cmTC_3786c.dir/CheckFunctionExists.c.o   -c /usr/local/Cellar/cmake/3.7.2/share/cmake/Modules/CheckFunctionExists.c
Linking C executable cmTC_3786c
/usr/local/Cellar/cmake/3.7.2/bin/cmake -E cmake_link_script CMakeFiles/cmTC_3786c.dir/link.txt --verbose=1
/Applications/Xcode.app/Contents/Developer/Toolchains/XcodeDefault.xctoolchain/usr/bin/cc  -DUSE_AVX -msse4.2 -DUSE_SSE4_2 -msse4.1 -DUSE_SSE4_1   -DUSE_SSE3   -DUSE_SSE2  -DCHECK_FUNCTION_EXISTS=shm_open -Wl,-search_paths_first -Wl,-headerpad_max_install_names   CMakeFiles/cmTC_3786c.dir/CheckFunctionExists.c.o  -o cmTC_3786c  -framework Accelerate 


Determining if the function shm_unlink exists passed with the following output:
Change Dir: /Volumes/256GHD/Work/paultorchjs/torch.js/thlib/build/CMakeFiles/CMakeTmp

Run Build Command:"/usr/bin/make" "cmTC_dde16/fast"
/Applications/Xcode.app/Contents/Developer/usr/bin/make -f CMakeFiles/cmTC_dde16.dir/build.make CMakeFiles/cmTC_dde16.dir/build
Building C object CMakeFiles/cmTC_dde16.dir/CheckFunctionExists.c.o
/Applications/Xcode.app/Contents/Developer/Toolchains/XcodeDefault.xctoolchain/usr/bin/cc    -DUSE_AVX -msse4.2 -DUSE_SSE4_2 -msse4.1 -DUSE_SSE4_1   -DUSE_SSE3   -DUSE_SSE2  -DCHECK_FUNCTION_EXISTS=shm_unlink   -o CMakeFiles/cmTC_dde16.dir/CheckFunctionExists.c.o   -c /usr/local/Cellar/cmake/3.7.2/share/cmake/Modules/CheckFunctionExists.c
Linking C executable cmTC_dde16
/usr/local/Cellar/cmake/3.7.2/bin/cmake -E cmake_link_script CMakeFiles/cmTC_dde16.dir/link.txt --verbose=1
/Applications/Xcode.app/Contents/Developer/Toolchains/XcodeDefault.xctoolchain/usr/bin/cc  -DUSE_AVX -msse4.2 -DUSE_SSE4_2 -msse4.1 -DUSE_SSE4_1   -DUSE_SSE3   -DUSE_SSE2  -DCHECK_FUNCTION_EXISTS=shm_unlink -Wl,-search_paths_first -Wl,-headerpad_max_install_names   CMakeFiles/cmTC_dde16.dir/CheckFunctionExists.c.o  -o cmTC_dde16  -framework Accelerate 


Performing C SOURCE FILE Test C_HAS_inline succeeded with the following output:
Change Dir: /Volumes/256GHD/Work/paultorchjs/torch.js/thlib/build/CMakeFiles/CMakeTmp

Run Build Command:"/usr/bin/make" "cmTC_06277/fast"
/Applications/Xcode.app/Contents/Developer/usr/bin/make -f CMakeFiles/cmTC_06277.dir/build.make CMakeFiles/cmTC_06277.dir/build
Building C object CMakeFiles/cmTC_06277.dir/src.c.o
/Applications/Xcode.app/Contents/Developer/Toolchains/XcodeDefault.xctoolchain/usr/bin/cc    -DUSE_AVX -msse4.2 -DUSE_SSE4_2 -msse4.1 -DUSE_SSE4_1   -DUSE_SSE3   -DUSE_SSE2  -DC_HAS_inline -Dinline=inline -DUSE_AVX -msse4.2 -DUSE_SSE4_2 -msse4.1 -DUSE_SSE4_1   -DUSE_SSE3   -DUSE_SSE2   -o CMakeFiles/cmTC_06277.dir/src.c.o   -c /Volumes/256GHD/Work/paultorchjs/torch.js/thlib/build/CMakeFiles/CMakeTmp/src.c
Linking C executable cmTC_06277
/usr/local/Cellar/cmake/3.7.2/bin/cmake -E cmake_link_script CMakeFiles/cmTC_06277.dir/link.txt --verbose=1
/Applications/Xcode.app/Contents/Developer/Toolchains/XcodeDefault.xctoolchain/usr/bin/cc  -DUSE_AVX -msse4.2 -DUSE_SSE4_2 -msse4.1 -DUSE_SSE4_1   -DUSE_SSE3   -DUSE_SSE2  -DC_HAS_inline -Dinline=inline -DUSE_AVX -msse4.2 -DUSE_SSE4_2 -msse4.1 -DUSE_SSE4_1   -DUSE_SSE3   -DUSE_SSE2 -Wl,-search_paths_first -Wl,-headerpad_max_install_names   CMakeFiles/cmTC_06277.dir/src.c.o  -o cmTC_06277  -framework Accelerate 

Return value: 1
Source file was:

       static inline int static_foo()
       {
         return 0;
       }

       int main(int argc, char *argv[])
       {
         static_foo();
         return 0;
       }
Performing C SOURCE FILE Test C_HAS_THREAD succeeded with the following output:
Change Dir: /Volumes/256GHD/Work/paultorchjs/torch.js/thlib/build/CMakeFiles/CMakeTmp

Run Build Command:"/usr/bin/make" "cmTC_cf0d1/fast"
/Applications/Xcode.app/Contents/Developer/usr/bin/make -f CMakeFiles/cmTC_cf0d1.dir/build.make CMakeFiles/cmTC_cf0d1.dir/build
Building C object CMakeFiles/cmTC_cf0d1.dir/src.c.o
/Applications/Xcode.app/Contents/Developer/Toolchains/XcodeDefault.xctoolchain/usr/bin/cc    -DUSE_AVX -msse4.2 -DUSE_SSE4_2 -msse4.1 -DUSE_SSE4_1   -DUSE_SSE3   -DUSE_SSE2  -DC_HAS_THREAD   -o CMakeFiles/cmTC_cf0d1.dir/src.c.o   -c /Volumes/256GHD/Work/paultorchjs/torch.js/thlib/build/CMakeFiles/CMakeTmp/src.c
Linking C executable cmTC_cf0d1
/usr/local/Cellar/cmake/3.7.2/bin/cmake -E cmake_link_script CMakeFiles/cmTC_cf0d1.dir/link.txt --verbose=1
/Applications/Xcode.app/Contents/Developer/Toolchains/XcodeDefault.xctoolchain/usr/bin/cc  -DUSE_AVX -msse4.2 -DUSE_SSE4_2 -msse4.1 -DUSE_SSE4_1   -DUSE_SSE3   -DUSE_SSE2  -DC_HAS_THREAD -Wl,-search_paths_first -Wl,-headerpad_max_install_names   CMakeFiles/cmTC_cf0d1.dir/src.c.o  -o cmTC_cf0d1  -framework Accelerate 

Source file was:
static __thread int x = 1; int main() { return x; }
